<?xml version="1.0" encoding="UTF-8"?>
<coverage generated="1642440800033" clover="3.2.0">
  <project timestamp="1642440800033" name="All files">
    <metrics statements="324" coveredstatements="239" conditionals="170" coveredconditionals="99" methods="82" coveredmethods="49" elements="576" coveredelements="387" complexity="0" loc="324" ncloc="324" packages="5" files="19" classes="19"/>
    <package name="js">
      <metrics statements="122" coveredstatements="88" conditionals="50" coveredconditionals="28" methods="22" coveredmethods="15"/>
      <file name="bootstrap.js" path="/Users/sasha/code/gms-js/src/js/bootstrap.js">
        <metrics statements="50" coveredstatements="44" conditionals="21" coveredconditionals="15" methods="7" coveredmethods="7"/>
        <line num="4" count="20" type="cond" truecount="1" falsecount="0"/>
        <line num="20" count="2" type="stmt"/>
        <line num="21" count="18" type="stmt"/>
        <line num="23" count="18" type="stmt"/>
        <line num="25" count="18" type="cond" truecount="1" falsecount="1"/>
        <line num="26" count="0" type="stmt"/>
        <line num="29" count="18" type="stmt"/>
        <line num="30" count="18" type="stmt"/>
        <line num="31" count="18" type="stmt"/>
        <line num="32" count="18" type="stmt"/>
        <line num="34" count="18" type="cond" truecount="1" falsecount="1"/>
        <line num="35" count="0" type="cond" truecount="0" falsecount="2"/>
        <line num="36" count="0" type="stmt"/>
        <line num="39" count="18" type="stmt"/>
        <line num="40" count="17" type="stmt"/>
        <line num="43" count="18" type="stmt"/>
        <line num="45" count="17" type="cond" truecount="2" falsecount="0"/>
        <line num="48" count="18" type="cond" truecount="2" falsecount="0"/>
        <line num="49" count="2" type="stmt"/>
        <line num="52" count="16" type="stmt"/>
        <line num="58" count="16" type="cond" truecount="1" falsecount="1"/>
        <line num="59" count="0" type="stmt"/>
        <line num="64" count="16" type="stmt"/>
        <line num="65" count="16" type="stmt"/>
        <line num="67" count="16" type="stmt"/>
        <line num="68" count="16" type="stmt"/>
        <line num="70" count="16" type="stmt"/>
        <line num="71" count="16" type="stmt"/>
        <line num="73" count="16" type="stmt"/>
        <line num="74" count="16" type="stmt"/>
        <line num="75" count="16" type="stmt"/>
        <line num="77" count="16" type="stmt"/>
        <line num="80" count="2" type="stmt"/>
        <line num="81" count="21" type="stmt"/>
        <line num="83" count="21" type="stmt"/>
        <line num="84" count="42" type="stmt"/>
        <line num="86" count="42" type="stmt"/>
        <line num="87" count="4" type="stmt"/>
        <line num="88" count="4" type="stmt"/>
        <line num="91" count="42" type="stmt"/>
        <line num="93" count="42" type="cond" truecount="2" falsecount="0"/>
        <line num="97" count="20" type="stmt"/>
        <line num="99" count="20" type="cond" truecount="1" falsecount="1"/>
        <line num="100" count="20" type="stmt"/>
        <line num="102" count="0" type="stmt"/>
        <line num="103" count="0" type="stmt"/>
        <line num="105" count="20" type="stmt"/>
        <line num="110" count="2" type="stmt"/>
        <line num="111" count="18" type="stmt"/>
        <line num="112" count="16" type="stmt"/>
      </file>
      <file name="gms.js" path="/Users/sasha/code/gms-js/src/js/gms.js">
        <metrics statements="69" coveredstatements="43" conditionals="29" coveredconditionals="13" methods="14" coveredmethods="8"/>
        <line num="11" count="16" type="stmt"/>
        <line num="13" count="16" type="stmt"/>
        <line num="16" count="16" type="stmt"/>
        <line num="17" count="16" type="stmt"/>
        <line num="18" count="16" type="cond" truecount="1" falsecount="1"/>
        <line num="19" count="16" type="stmt"/>
        <line num="20" count="16" type="stmt"/>
        <line num="21" count="16" type="stmt"/>
        <line num="24" count="16" type="stmt"/>
        <line num="25" count="16" type="stmt"/>
        <line num="26" count="16" type="stmt"/>
        <line num="30" count="16" type="stmt"/>
        <line num="31" count="16" type="stmt"/>
        <line num="35" count="18" type="stmt"/>
        <line num="36" count="18" type="stmt"/>
        <line num="37" count="18" type="stmt"/>
        <line num="39" count="18" type="cond" truecount="1" falsecount="1"/>
        <line num="40" count="0" type="stmt"/>
        <line num="43" count="18" type="stmt"/>
        <line num="45" count="18" type="cond" truecount="1" falsecount="1"/>
        <line num="46" count="18" type="stmt"/>
        <line num="48" count="0" type="stmt"/>
        <line num="51" count="18" type="cond" truecount="1" falsecount="1"/>
        <line num="52" count="0" type="stmt"/>
        <line num="55" count="0" type="cond" truecount="0" falsecount="2"/>
        <line num="56" count="0" type="stmt"/>
        <line num="58" count="0" type="stmt"/>
        <line num="61" count="18" type="stmt"/>
        <line num="62" count="18" type="stmt"/>
        <line num="72" count="18" type="cond" truecount="1" falsecount="1"/>
        <line num="73" count="0" type="stmt"/>
        <line num="78" count="18" type="stmt"/>
        <line num="80" count="2" type="cond" truecount="1" falsecount="1"/>
        <line num="81" count="0" type="stmt"/>
        <line num="83" count="2" type="stmt"/>
        <line num="88" count="6" type="cond" truecount="2" falsecount="0"/>
        <line num="92" count="5" type="cond" truecount="1" falsecount="1"/>
        <line num="93" count="5" type="stmt"/>
        <line num="97" count="0" type="stmt"/>
        <line num="98" count="0" type="stmt"/>
        <line num="99" count="0" type="stmt"/>
        <line num="103" count="2" type="stmt"/>
        <line num="104" count="2" type="stmt"/>
        <line num="108" count="0" type="stmt"/>
        <line num="109" count="0" type="stmt"/>
        <line num="112" count="16" type="stmt"/>
        <line num="116" count="13" type="stmt"/>
        <line num="121" count="13" type="cond" truecount="1" falsecount="1"/>
        <line num="122" count="0" type="stmt"/>
        <line num="125" count="13" type="cond" truecount="1" falsecount="1"/>
        <line num="126" count="0" type="stmt"/>
        <line num="129" count="13" type="stmt"/>
        <line num="130" count="13" type="stmt"/>
        <line num="132" count="13" type="stmt"/>
        <line num="136" count="0" type="stmt"/>
        <line num="137" count="0" type="stmt"/>
        <line num="138" count="0" type="stmt"/>
        <line num="139" count="0" type="stmt"/>
        <line num="140" count="0" type="stmt"/>
        <line num="141" count="0" type="cond" truecount="0" falsecount="2"/>
        <line num="142" count="0" type="stmt"/>
        <line num="144" count="0" type="stmt"/>
        <line num="149" count="20" type="stmt"/>
        <line num="150" count="20" type="stmt"/>
        <line num="151" count="18" type="stmt"/>
        <line num="155" count="18" type="stmt"/>
        <line num="156" count="0" type="stmt"/>
        <line num="157" count="0" type="cond" truecount="0" falsecount="2"/>
        <line num="158" count="0" type="stmt"/>
      </file>
      <file name="load.js" path="/Users/sasha/code/gms-js/src/js/load.js">
        <metrics statements="3" coveredstatements="1" conditionals="0" coveredconditionals="0" methods="1" coveredmethods="0"/>
        <line num="3" count="2" type="stmt"/>
        <line num="4" count="0" type="stmt"/>
        <line num="5" count="0" type="stmt"/>
      </file>
    </package>
    <package name="js.api">
      <metrics statements="47" coveredstatements="24" conditionals="18" coveredconditionals="4" methods="19" coveredmethods="6"/>
      <file name="Mock.js" path="/Users/sasha/code/gms-js/src/js/api/Mock.js">
        <metrics statements="12" coveredstatements="11" conditionals="9" coveredconditionals="3" methods="8" coveredmethods="5"/>
        <line num="3" count="2" type="cond" truecount="1" falsecount="1"/>
        <line num="6" count="6" type="stmt"/>
        <line num="8" count="6" type="cond" truecount="0" falsecount="1"/>
        <line num="16" count="6" type="cond" truecount="0" falsecount="1"/>
        <line num="17" count="2" type="cond" truecount="1" falsecount="1"/>
        <line num="19" count="2" type="stmt"/>
        <line num="20" count="2" type="stmt"/>
        <line num="21" count="0" type="stmt"/>
        <line num="26" count="6" type="cond" truecount="0" falsecount="1"/>
        <line num="27" count="4" type="cond" truecount="1" falsecount="1"/>
        <line num="28" count="4" type="stmt"/>
        <line num="29" count="4" type="stmt"/>
      </file>
      <file name="Strike.js" path="/Users/sasha/code/gms-js/src/js/api/Strike.js">
        <metrics statements="12" coveredstatements="0" conditionals="4" coveredconditionals="0" methods="3" coveredmethods="0"/>
        <line num="5" count="0" type="stmt"/>
        <line num="7" count="0" type="stmt"/>
        <line num="8" count="0" type="stmt"/>
        <line num="10" count="0" type="stmt"/>
        <line num="19" count="0" type="stmt"/>
        <line num="21" count="0" type="stmt"/>
        <line num="29" count="0" type="stmt"/>
        <line num="30" count="0" type="stmt"/>
        <line num="34" count="0" type="stmt"/>
        <line num="35" count="0" type="stmt"/>
        <line num="37" count="0" type="cond" truecount="0" falsecount="4"/>
        <line num="39" count="0" type="stmt"/>
      </file>
      <file name="base.js" path="/Users/sasha/code/gms-js/src/js/api/base.js">
        <metrics statements="17" coveredstatements="8" conditionals="2" coveredconditionals="0" methods="7" coveredmethods="0"/>
        <line num="2" count="2" type="stmt"/>
        <line num="4" count="6" type="stmt"/>
        <line num="6" count="6" type="stmt"/>
        <line num="7" count="0" type="stmt"/>
        <line num="10" count="6" type="stmt"/>
        <line num="11" count="0" type="stmt"/>
        <line num="14" count="6" type="stmt"/>
        <line num="15" count="0" type="stmt"/>
        <line num="16" count="0" type="stmt"/>
        <line num="19" count="6" type="stmt"/>
        <line num="20" count="0" type="stmt"/>
        <line num="26" count="6" type="cond" truecount="0" falsecount="1"/>
        <line num="27" count="0" type="stmt"/>
        <line num="28" count="0" type="stmt"/>
        <line num="32" count="6" type="cond" truecount="0" falsecount="1"/>
        <line num="33" count="0" type="stmt"/>
        <line num="34" count="0" type="stmt"/>
      </file>
      <file name="index.js" path="/Users/sasha/code/gms-js/src/js/api/index.js">
        <metrics statements="6" coveredstatements="5" conditionals="3" coveredconditionals="1" methods="1" coveredmethods="1"/>
        <line num="4" count="2" type="stmt"/>
        <line num="9" count="2" type="cond" truecount="0" falsecount="1"/>
        <line num="10" count="6" type="stmt"/>
        <line num="11" count="6" type="cond" truecount="1" falsecount="1"/>
        <line num="12" count="0" type="stmt"/>
        <line num="15" count="6" type="stmt"/>
      </file>
    </package>
    <package name="js.cards">
      <metrics statements="90" coveredstatements="77" conditionals="76" coveredconditionals="55" methods="27" coveredmethods="19"/>
      <file name="AmountInput.js" path="/Users/sasha/code/gms-js/src/js/cards/AmountInput.js">
        <metrics statements="25" coveredstatements="23" conditionals="16" coveredconditionals="11" methods="6" coveredmethods="5"/>
        <line num="3" count="2" type="stmt"/>
        <line num="4" count="5" type="stmt"/>
        <line num="5" count="5" type="cond" truecount="2" falsecount="0"/>
        <line num="7" count="10" type="stmt"/>
        <line num="8" count="5" type="cond" truecount="2" falsecount="0"/>
        <line num="9" count="1" type="stmt"/>
        <line num="14" count="4" type="cond" truecount="2" falsecount="2"/>
        <line num="15" count="0" type="stmt"/>
        <line num="20" count="4" type="stmt"/>
        <line num="37" count="4" type="stmt"/>
        <line num="38" count="4" type="stmt"/>
        <line num="39" count="4" type="stmt"/>
        <line num="44" count="2" type="stmt"/>
        <line num="51" count="0" type="stmt"/>
        <line num="56" count="4" type="stmt"/>
        <line num="61" count="4" type="stmt"/>
        <line num="63" count="4" type="stmt"/>
        <line num="64" count="4" type="stmt"/>
        <line num="66" count="4" type="stmt"/>
        <line num="68" count="4" type="cond" truecount="1" falsecount="1"/>
        <line num="69" count="4" type="stmt"/>
        <line num="72" count="4" type="stmt"/>
        <line num="73" count="4" type="stmt"/>
        <line num="76" count="4" type="stmt"/>
        <line num="77" count="4" type="stmt"/>
      </file>
      <file name="ErrorCard.js" path="/Users/sasha/code/gms-js/src/js/cards/ErrorCard.js">
        <metrics statements="5" coveredstatements="4" conditionals="0" coveredconditionals="0" methods="3" coveredmethods="2"/>
        <line num="3" count="2" type="stmt"/>
        <line num="4" count="2" type="stmt"/>
        <line num="8" count="2" type="stmt"/>
        <line num="13" count="0" type="stmt"/>
        <line num="19" count="2" type="stmt"/>
      </file>
      <file name="Invoice.js" path="/Users/sasha/code/gms-js/src/js/cards/Invoice.js">
        <metrics statements="28" coveredstatements="21" conditionals="32" coveredconditionals="26" methods="7" coveredmethods="3"/>
        <line num="7" count="2" type="stmt"/>
        <line num="8" count="5" type="stmt"/>
        <line num="9" count="5" type="stmt"/>
        <line num="10" count="5" type="cond" truecount="1" falsecount="1"/>
        <line num="11" count="5" type="cond" truecount="2" falsecount="0"/>
        <line num="15" count="5" type="cond" truecount="3" falsecount="1"/>
        <line num="17" count="5" type="cond" truecount="2" falsecount="0"/>
        <line num="19" count="5" type="stmt"/>
        <line num="20" count="4" type="stmt"/>
        <line num="22" count="4" type="cond" truecount="2" falsecount="0"/>
        <line num="25" count="4" type="stmt"/>
        <line num="27" count="4" type="stmt"/>
        <line num="33" count="4" type="stmt"/>
        <line num="47" count="4" type="stmt"/>
        <line num="51" count="0" type="stmt"/>
        <line num="64" count="0" type="stmt"/>
        <line num="69" count="0" type="stmt"/>
        <line num="75" count="4" type="stmt"/>
        <line num="81" count="4" type="stmt"/>
        <line num="83" count="4" type="cond" truecount="2" falsecount="0"/>
        <line num="84" count="3" type="stmt"/>
        <line num="85" count="3" type="cond" truecount="1" falsecount="1"/>
        <line num="86" count="0" type="stmt"/>
        <line num="87" count="0" type="stmt"/>
        <line num="92" count="3" type="cond" truecount="1" falsecount="1"/>
        <line num="93" count="0" type="stmt"/>
        <line num="94" count="0" type="stmt"/>
        <line num="99" count="4" type="stmt"/>
      </file>
      <file name="Loader.js" path="/Users/sasha/code/gms-js/src/js/cards/Loader.js">
        <metrics statements="2" coveredstatements="2" conditionals="0" coveredconditionals="0" methods="1" coveredmethods="1"/>
        <line num="3" count="2" type="stmt"/>
        <line num="4" count="2" type="stmt"/>
      </file>
      <file name="NoteInput.js" path="/Users/sasha/code/gms-js/src/js/cards/NoteInput.js">
        <metrics statements="22" coveredstatements="20" conditionals="20" coveredconditionals="11" methods="6" coveredmethods="5"/>
        <line num="4" count="2" type="stmt"/>
        <line num="6" count="4" type="stmt"/>
        <line num="8" count="4" type="stmt"/>
        <line num="9" count="4" type="cond" truecount="2" falsecount="0"/>
        <line num="11" count="4" type="cond" truecount="2" falsecount="2"/>
        <line num="12" count="0" type="stmt"/>
        <line num="17" count="4" type="stmt"/>
        <line num="34" count="4" type="stmt"/>
        <line num="35" count="4" type="stmt"/>
        <line num="36" count="4" type="stmt"/>
        <line num="39" count="1" type="stmt"/>
        <line num="41" count="1" type="stmt"/>
        <line num="52" count="0" type="stmt"/>
        <line num="53" count="1" type="stmt"/>
        <line num="59" count="4" type="stmt"/>
        <line num="65" count="4" type="stmt"/>
        <line num="66" count="4" type="stmt"/>
        <line num="67" count="9" type="stmt"/>
        <line num="69" count="9" type="stmt"/>
        <line num="70" count="9" type="stmt"/>
        <line num="72" count="4" type="stmt"/>
        <line num="74" count="4" type="stmt"/>
      </file>
      <file name="Paid.js" path="/Users/sasha/code/gms-js/src/js/cards/Paid.js">
        <metrics statements="8" coveredstatements="7" conditionals="8" coveredconditionals="7" methods="4" coveredmethods="3"/>
        <line num="4" count="2" type="stmt"/>
        <line num="5" count="2" type="stmt"/>
        <line num="20" count="2" type="stmt"/>
        <line num="25" count="1" type="stmt"/>
        <line num="26" count="1" type="stmt"/>
        <line num="27" count="1" type="stmt"/>
        <line num="37" count="0" type="stmt"/>
        <line num="42" count="2" type="stmt"/>
      </file>
    </package>
    <package name="js.helpers">
      <metrics statements="35" coveredstatements="20" conditionals="18" coveredconditionals="6" methods="10" coveredmethods="5"/>
      <file name="InvoiceHelper.js" path="/Users/sasha/code/gms-js/src/js/helpers/InvoiceHelper.js">
        <metrics statements="20" coveredstatements="12" conditionals="10" coveredconditionals="3" methods="8" coveredmethods="4"/>
        <line num="2" count="6" type="stmt"/>
        <line num="4" count="6" type="cond" truecount="2" falsecount="0"/>
        <line num="6" count="2" type="cond" truecount="0" falsecount="2"/>
        <line num="8" count="2" type="stmt"/>
        <line num="9" count="4" type="cond" truecount="1" falsecount="1"/>
        <line num="10" count="0" type="stmt"/>
        <line num="13" count="4" type="stmt"/>
        <line num="16" count="0" type="cond" truecount="0" falsecount="2"/>
        <line num="17" count="0" type="stmt"/>
        <line num="22" count="0" type="stmt"/>
        <line num="25" count="0" type="stmt"/>
        <line num="26" count="0" type="stmt"/>
        <line num="32" count="2" type="stmt"/>
        <line num="33" count="2" type="stmt"/>
        <line num="34" count="2" type="stmt"/>
        <line num="35" count="2" type="stmt"/>
        <line num="36" count="0" type="stmt"/>
        <line num="40" count="0" type="stmt"/>
        <line num="46" count="2" type="stmt"/>
        <line num="47" count="2" type="stmt"/>
      </file>
      <file name="utils.js" path="/Users/sasha/code/gms-js/src/js/helpers/utils.js">
        <metrics statements="15" coveredstatements="8" conditionals="8" coveredconditionals="3" methods="2" coveredmethods="1"/>
        <line num="1" count="2" type="stmt"/>
        <line num="8" count="2" type="stmt"/>
        <line num="9" count="22" type="cond" truecount="2" falsecount="0"/>
        <line num="12" count="22" type="stmt"/>
        <line num="13" count="22" type="stmt"/>
        <line num="15" count="0" type="stmt"/>
        <line num="22" count="22" type="cond" truecount="1" falsecount="1"/>
        <line num="25" count="2" type="stmt"/>
        <line num="27" count="2" type="stmt"/>
        <line num="28" count="0" type="stmt"/>
        <line num="29" count="0" type="stmt"/>
        <line num="30" count="0" type="cond" truecount="0" falsecount="4"/>
        <line num="31" count="0" type="stmt"/>
        <line num="33" count="0" type="stmt"/>
        <line num="35" count="0" type="stmt"/>
      </file>
    </package>
    <package name="js.pieces">
      <metrics statements="30" coveredstatements="30" conditionals="8" coveredconditionals="6" methods="4" coveredmethods="4"/>
      <file name="actionGroup.js" path="/Users/sasha/code/gms-js/src/js/pieces/actionGroup.js">
        <metrics statements="8" coveredstatements="8" conditionals="4" coveredconditionals="3" methods="1" coveredmethods="1"/>
        <line num="3" count="2" type="stmt"/>
        <line num="4" count="16" type="stmt"/>
        <line num="5" count="16" type="stmt"/>
        <line num="7" count="16" type="cond" truecount="2" falsecount="0"/>
        <line num="8" count="13" type="stmt"/>
        <line num="11" count="16" type="cond" truecount="1" falsecount="1"/>
        <line num="12" count="16" type="stmt"/>
        <line num="15" count="16" type="stmt"/>
      </file>
      <file name="button.js" path="/Users/sasha/code/gms-js/src/js/pieces/button.js">
        <metrics statements="8" coveredstatements="8" conditionals="2" coveredconditionals="1" methods="1" coveredmethods="1"/>
        <line num="1" count="2" type="stmt"/>
        <line num="2" count="29" type="stmt"/>
        <line num="3" count="29" type="stmt"/>
        <line num="4" count="29" type="cond" truecount="1" falsecount="1"/>
        <line num="5" count="29" type="stmt"/>
        <line num="6" count="29" type="stmt"/>
        <line num="7" count="29" type="stmt"/>
        <line num="8" count="29" type="stmt"/>
      </file>
      <file name="element.js" path="/Users/sasha/code/gms-js/src/js/pieces/element.js">
        <metrics statements="5" coveredstatements="5" conditionals="2" coveredconditionals="2" methods="1" coveredmethods="1"/>
        <line num="1" count="2" type="cond" truecount="2" falsecount="0"/>
        <line num="2" count="50" type="stmt"/>
        <line num="3" count="50" type="stmt"/>
        <line num="4" count="50" type="stmt"/>
        <line num="5" count="50" type="stmt"/>
      </file>
      <file name="modalContent.js" path="/Users/sasha/code/gms-js/src/js/pieces/modalContent.js">
        <metrics statements="9" coveredstatements="9" conditionals="0" coveredconditionals="0" methods="1" coveredmethods="1"/>
        <line num="4" count="2" type="stmt"/>
        <line num="5" count="16" type="stmt"/>
        <line num="6" count="16" type="stmt"/>
        <line num="7" count="16" type="stmt"/>
        <line num="8" count="16" type="stmt"/>
        <line num="10" count="16" type="stmt"/>
        <line num="11" count="16" type="stmt"/>
        <line num="12" count="16" type="stmt"/>
        <line num="14" count="16" type="stmt"/>
      </file>
    </package>
  </project>
</coverage>
