{"/Users/sasha/code/gms-js/src/js/bootstrap.js": {"path":"/Users/sasha/code/gms-js/src/js/bootstrap.js","statementMap":{"0":{"start":{"line":4,"column":13},"end":{"line":18,"column":1}},"1":{"start":{"line":4,"column":29},"end":{"line":18,"column":1}},"2":{"start":{"line":20,"column":0},"end":{"line":78,"column":2}},"3":{"start":{"line":21,"column":15},"end":{"line":21,"column":50}},"4":{"start":{"line":23,"column":25},"end":{"line":23,"column":44}},"5":{"start":{"line":25,"column":2},"end":{"line":27,"column":3}},"6":{"start":{"line":26,"column":4},"end":{"line":26,"column":73}},"7":{"start":{"line":29,"column":21},"end":{"line":29,"column":34}},"8":{"start":{"line":30,"column":22},"end":{"line":30,"column":31}},"9":{"start":{"line":31,"column":17},"end":{"line":31,"column":48}},"10":{"start":{"line":32,"column":18},"end":{"line":32,"column":20}},"11":{"start":{"line":34,"column":2},"end":{"line":37,"column":3}},"12":{"start":{"line":35,"column":4},"end":{"line":35,"column":57}},"13":{"start":{"line":36,"column":4},"end":{"line":36,"column":11}},"14":{"start":{"line":39,"column":2},"end":{"line":41,"column":5}},"15":{"start":{"line":40,"column":4},"end":{"line":40,"column":24}},"16":{"start":{"line":43,"column":16},"end":{"line":46,"column":6}},"17":{"start":{"line":45,"column":6},"end":{"line":45,"column":76}},"18":{"start":{"line":48,"column":2},"end":{"line":50,"column":3}},"19":{"start":{"line":49,"column":4},"end":{"line":49,"column":73}},"20":{"start":{"line":52,"column":2},"end":{"line":56,"column":4}},"21":{"start":{"line":58,"column":2},"end":{"line":62,"column":3}},"22":{"start":{"line":59,"column":4},"end":{"line":61,"column":6}},"23":{"start":{"line":64,"column":20},"end":{"line":64,"column":49}},"24":{"start":{"line":65,"column":2},"end":{"line":65,"column":46}},"25":{"start":{"line":67,"column":17},"end":{"line":67,"column":46}},"26":{"start":{"line":68,"column":2},"end":{"line":68,"column":43}},"27":{"start":{"line":70,"column":15},"end":{"line":70,"column":44}},"28":{"start":{"line":71,"column":2},"end":{"line":71,"column":39}},"29":{"start":{"line":73,"column":2},"end":{"line":73,"column":23}},"30":{"start":{"line":74,"column":2},"end":{"line":74,"column":28}},"31":{"start":{"line":75,"column":2},"end":{"line":75,"column":26}},"32":{"start":{"line":77,"column":2},"end":{"line":77,"column":45}},"33":{"start":{"line":80,"column":0},"end":{"line":108,"column":2}},"34":{"start":{"line":81,"column":19},"end":{"line":81,"column":64}},"35":{"start":{"line":83,"column":2},"end":{"line":107,"column":3}},"36":{"start":{"line":83,"column":15},"end":{"line":83,"column":16}},"37":{"start":{"line":84,"column":20},"end":{"line":84,"column":31}},"38":{"start":{"line":86,"column":4},"end":{"line":89,"column":6}},"39":{"start":{"line":87,"column":23},"end":{"line":87,"column":45}},"40":{"start":{"line":88,"column":6},"end":{"line":88,"column":35}},"41":{"start":{"line":91,"column":20},"end":{"line":91,"column":37}},"42":{"start":{"line":93,"column":4},"end":{"line":106,"column":5}},"43":{"start":{"line":97,"column":19},"end":{"line":97,"column":36}},"44":{"start":{"line":99,"column":6},"end":{"line":104,"column":7}},"45":{"start":{"line":100,"column":8},"end":{"line":100,"column":47}},"46":{"start":{"line":102,"column":8},"end":{"line":102,"column":37}},"47":{"start":{"line":103,"column":8},"end":{"line":103,"column":43}},"48":{"start":{"line":105,"column":6},"end":{"line":105,"column":44}},"49":{"start":{"line":110,"column":0},"end":{"line":113,"column":2}},"50":{"start":{"line":111,"column":2},"end":{"line":111,"column":16}},"51":{"start":{"line":112,"column":2},"end":{"line":112,"column":20}}},"fnMap":{"0":{"name":"(anonymous_0)","decl":{"start":{"line":4,"column":13},"end":{"line":4,"column":14}},"loc":{"start":{"line":4,"column":29},"end":{"line":18,"column":1}},"line":4},"1":{"name":"(anonymous_1)","decl":{"start":{"line":20,"column":14},"end":{"line":20,"column":15}},"loc":{"start":{"line":20,"column":20},"end":{"line":78,"column":1}},"line":20},"2":{"name":"(anonymous_2)","decl":{"start":{"line":39,"column":25},"end":{"line":39,"column":26}},"loc":{"start":{"line":39,"column":36},"end":{"line":41,"column":3}},"line":39},"3":{"name":"(anonymous_3)","decl":{"start":{"line":44,"column":4},"end":{"line":44,"column":5}},"loc":{"start":{"line":45,"column":6},"end":{"line":45,"column":76}},"line":45},"4":{"name":"(anonymous_4)","decl":{"start":{"line":80,"column":18},"end":{"line":80,"column":19}},"loc":{"start":{"line":80,"column":24},"end":{"line":108,"column":1}},"line":80},"5":{"name":"(anonymous_5)","decl":{"start":{"line":86,"column":22},"end":{"line":86,"column":23}},"loc":{"start":{"line":86,"column":28},"end":{"line":89,"column":5}},"line":86},"6":{"name":"(anonymous_6)","decl":{"start":{"line":110,"column":16},"end":{"line":110,"column":17}},"loc":{"start":{"line":110,"column":22},"end":{"line":113,"column":1}},"line":110}},"branchMap":{"0":{"loc":{"start":{"line":4,"column":14},"end":{"line":4,"column":24}},"type":"default-arg","locations":[{"start":{"line":4,"column":22},"end":{"line":4,"column":24}}],"line":4},"1":{"loc":{"start":{"line":25,"column":2},"end":{"line":27,"column":3}},"type":"if","locations":[{"start":{"line":25,"column":2},"end":{"line":27,"column":3}},{"start":{},"end":{}}],"line":25},"2":{"loc":{"start":{"line":34,"column":2},"end":{"line":37,"column":3}},"type":"if","locations":[{"start":{"line":34,"column":2},"end":{"line":37,"column":3}},{"start":{},"end":{}}],"line":34},"3":{"loc":{"start":{"line":35,"column":17},"end":{"line":35,"column":56}},"type":"binary-expr","locations":[{"start":{"line":35,"column":17},"end":{"line":35,"column":27}},{"start":{"line":35,"column":31},"end":{"line":35,"column":56}}],"line":35},"4":{"loc":{"start":{"line":45,"column":6},"end":{"line":45,"column":76}},"type":"binary-expr","locations":[{"start":{"line":45,"column":6},"end":{"line":45,"column":35}},{"start":{"line":45,"column":39},"end":{"line":45,"column":76}}],"line":45},"5":{"loc":{"start":{"line":48,"column":2},"end":{"line":50,"column":3}},"type":"if","locations":[{"start":{"line":48,"column":2},"end":{"line":50,"column":3}},{"start":{},"end":{}}],"line":48},"6":{"loc":{"start":{"line":54,"column":6},"end":{"line":54,"column":66}},"type":"cond-expr","locations":[{"start":{"line":54,"column":50},"end":{"line":54,"column":56}},{"start":{"line":54,"column":59},"end":{"line":54,"column":66}}],"line":54},"7":{"loc":{"start":{"line":58,"column":2},"end":{"line":62,"column":3}},"type":"if","locations":[{"start":{"line":58,"column":2},"end":{"line":62,"column":3}},{"start":{},"end":{}}],"line":58},"8":{"loc":{"start":{"line":93,"column":4},"end":{"line":106,"column":5}},"type":"if","locations":[{"start":{"line":93,"column":4},"end":{"line":106,"column":5}},{"start":{},"end":{}}],"line":93},"9":{"loc":{"start":{"line":94,"column":6},"end":{"line":95,"column":49}},"type":"binary-expr","locations":[{"start":{"line":94,"column":6},"end":{"line":94,"column":42}},{"start":{"line":95,"column":6},"end":{"line":95,"column":49}}],"line":94},"10":{"loc":{"start":{"line":99,"column":6},"end":{"line":104,"column":7}},"type":"if","locations":[{"start":{"line":99,"column":6},"end":{"line":104,"column":7}},{"start":{"line":101,"column":13},"end":{"line":104,"column":7}}],"line":99}},"s":{"0":3,"1":22,"2":3,"3":21,"4":21,"5":21,"6":0,"7":21,"8":21,"9":21,"10":21,"11":21,"12":0,"13":0,"14":21,"15":21,"16":21,"17":21,"18":21,"19":2,"20":19,"21":19,"22":0,"23":19,"24":19,"25":19,"26":19,"27":19,"28":19,"29":19,"30":19,"31":19,"32":19,"33":3,"34":24,"35":24,"36":24,"37":48,"38":48,"39":4,"40":4,"41":48,"42":48,"43":22,"44":22,"45":22,"46":0,"47":0,"48":22,"49":3,"50":21,"51":19},"f":{"0":22,"1":21,"2":21,"3":21,"4":24,"5":4,"6":21},"b":{"0":[22],"1":[0,21],"2":[0,21],"3":[0,0],"4":[21,21],"5":[2,19],"6":[18,1],"7":[0,19],"8":[22,26],"9":[48,24],"10":[22,0]},"_coverageSchema":"1a1c01bbd47fc00a2c39e90264f33305004495a9","hash":"377fac487929f86eb00a2530bdfc6d844ba7ce7c"}
,"/Users/sasha/code/gms-js/src/js/gms.js": {"path":"/Users/sasha/code/gms-js/src/js/gms.js","statementMap":{"0":{"start":{"line":11,"column":12},"end":{"line":11,"column":59}},"1":{"start":{"line":13,"column":21},"end":{"line":13,"column":38}},"2":{"start":{"line":16,"column":18},"end":{"line":16,"column":22}},"3":{"start":{"line":17,"column":11},"end":{"line":17,"column":15}},"4":{"start":{"line":18,"column":15},"end":{"line":18,"column":66}},"5":{"start":{"line":19,"column":10},"end":{"line":19,"column":17}},"6":{"start":{"line":20,"column":19},"end":{"line":20,"column":35}},"7":{"start":{"line":21,"column":12},"end":{"line":21,"column":63}},"8":{"start":{"line":24,"column":4},"end":{"line":24,"column":21}},"9":{"start":{"line":25,"column":4},"end":{"line":25,"column":65}},"10":{"start":{"line":26,"column":4},"end":{"line":29,"column":6}},"11":{"start":{"line":30,"column":4},"end":{"line":30,"column":29}},"12":{"start":{"line":31,"column":4},"end":{"line":31,"column":20}},"13":{"start":{"line":35,"column":4},"end":{"line":38,"column":6}},"14":{"start":{"line":42,"column":22},"end":{"line":42,"column":32}},"15":{"start":{"line":43,"column":4},"end":{"line":66,"column":5}},"16":{"start":{"line":44,"column":6},"end":{"line":44,"column":36}},"17":{"start":{"line":46,"column":6},"end":{"line":48,"column":7}},"18":{"start":{"line":47,"column":8},"end":{"line":47,"column":62}},"19":{"start":{"line":50,"column":19},"end":{"line":50,"column":26}},"20":{"start":{"line":52,"column":6},"end":{"line":56,"column":7}},"21":{"start":{"line":53,"column":8},"end":{"line":53,"column":45}},"22":{"start":{"line":55,"column":8},"end":{"line":55,"column":48}},"23":{"start":{"line":58,"column":6},"end":{"line":60,"column":7}},"24":{"start":{"line":59,"column":8},"end":{"line":59,"column":15}},"25":{"start":{"line":62,"column":6},"end":{"line":64,"column":7}},"26":{"start":{"line":63,"column":8},"end":{"line":63,"column":27}},"27":{"start":{"line":65,"column":6},"end":{"line":65,"column":13}},"28":{"start":{"line":68,"column":4},"end":{"line":91,"column":5}},"29":{"start":{"line":69,"column":19},"end":{"line":77,"column":14}},"30":{"start":{"line":79,"column":6},"end":{"line":83,"column":7}},"31":{"start":{"line":80,"column":8},"end":{"line":82,"column":10}},"32":{"start":{"line":85,"column":6},"end":{"line":85,"column":26}},"33":{"start":{"line":87,"column":6},"end":{"line":89,"column":7}},"34":{"start":{"line":88,"column":8},"end":{"line":88,"column":27}},"35":{"start":{"line":90,"column":6},"end":{"line":90,"column":31}},"36":{"start":{"line":95,"column":4},"end":{"line":95,"column":50}},"37":{"start":{"line":99,"column":4},"end":{"line":99,"column":71}},"38":{"start":{"line":100,"column":4},"end":{"line":100,"column":18}},"39":{"start":{"line":104,"column":4},"end":{"line":104,"column":29}},"40":{"start":{"line":105,"column":4},"end":{"line":105,"column":20}},"41":{"start":{"line":106,"column":4},"end":{"line":106,"column":18}},"42":{"start":{"line":110,"column":17},"end":{"line":110,"column":61}},"43":{"start":{"line":111,"column":4},"end":{"line":111,"column":16}},"44":{"start":{"line":115,"column":17},"end":{"line":115,"column":61}},"45":{"start":{"line":116,"column":4},"end":{"line":116,"column":16}},"46":{"start":{"line":119,"column":12},"end":{"line":140,"column":3}},"47":{"start":{"line":123,"column":21},"end":{"line":126,"column":5}},"48":{"start":{"line":128,"column":4},"end":{"line":130,"column":5}},"49":{"start":{"line":129,"column":6},"end":{"line":129,"column":44}},"50":{"start":{"line":132,"column":4},"end":{"line":134,"column":5}},"51":{"start":{"line":133,"column":6},"end":{"line":133,"column":40}},"52":{"start":{"line":136,"column":4},"end":{"line":136,"column":42}},"53":{"start":{"line":137,"column":4},"end":{"line":137,"column":30}},"54":{"start":{"line":139,"column":4},"end":{"line":139,"column":18}},"55":{"start":{"line":143,"column":4},"end":{"line":143,"column":33}},"56":{"start":{"line":144,"column":4},"end":{"line":152,"column":13}},"57":{"start":{"line":145,"column":18},"end":{"line":145,"column":27}},"58":{"start":{"line":146,"column":6},"end":{"line":146,"column":40}},"59":{"start":{"line":147,"column":6},"end":{"line":147,"column":44}},"60":{"start":{"line":148,"column":6},"end":{"line":150,"column":7}},"61":{"start":{"line":149,"column":8},"end":{"line":149,"column":43}},"62":{"start":{"line":151,"column":6},"end":{"line":151,"column":20}},"63":{"start":{"line":156,"column":4},"end":{"line":156,"column":29}},"64":{"start":{"line":157,"column":4},"end":{"line":157,"column":30}},"65":{"start":{"line":158,"column":4},"end":{"line":158,"column":30}},"66":{"start":{"line":162,"column":4},"end":{"line":168,"column":12}},"67":{"start":{"line":163,"column":6},"end":{"line":167,"column":8}},"68":{"start":{"line":164,"column":8},"end":{"line":166,"column":9}},"69":{"start":{"line":165,"column":10},"end":{"line":165,"column":23}}},"fnMap":{"0":{"name":"(anonymous_0)","decl":{"start":{"line":23,"column":2},"end":{"line":23,"column":3}},"loc":{"start":{"line":23,"column":36},"end":{"line":32,"column":3}},"line":23},"1":{"name":"(anonymous_1)","decl":{"start":{"line":34,"column":2},"end":{"line":34,"column":3}},"loc":{"start":{"line":34,"column":13},"end":{"line":39,"column":3}},"line":34},"2":{"name":"(anonymous_2)","decl":{"start":{"line":41,"column":2},"end":{"line":41,"column":3}},"loc":{"start":{"line":41,"column":11},"end":{"line":92,"column":3}},"line":41},"3":{"name":"(anonymous_3)","decl":{"start":{"line":94,"column":2},"end":{"line":94,"column":3}},"loc":{"start":{"line":94,"column":15},"end":{"line":96,"column":3}},"line":94},"4":{"name":"(anonymous_4)","decl":{"start":{"line":98,"column":2},"end":{"line":98,"column":3}},"loc":{"start":{"line":98,"column":43},"end":{"line":101,"column":3}},"line":98},"5":{"name":"(anonymous_5)","decl":{"start":{"line":103,"column":2},"end":{"line":103,"column":3}},"loc":{"start":{"line":103,"column":10},"end":{"line":107,"column":3}},"line":103},"6":{"name":"(anonymous_6)","decl":{"start":{"line":109,"column":2},"end":{"line":109,"column":3}},"loc":{"start":{"line":109,"column":14},"end":{"line":112,"column":3}},"line":109},"7":{"name":"(anonymous_7)","decl":{"start":{"line":114,"column":2},"end":{"line":114,"column":3}},"loc":{"start":{"line":114,"column":14},"end":{"line":117,"column":3}},"line":114},"8":{"name":"(anonymous_8)","decl":{"start":{"line":119,"column":12},"end":{"line":119,"column":13}},"loc":{"start":{"line":122,"column":7},"end":{"line":140,"column":3}},"line":122},"9":{"name":"(anonymous_9)","decl":{"start":{"line":142,"column":2},"end":{"line":142,"column":3}},"loc":{"start":{"line":142,"column":26},"end":{"line":153,"column":3}},"line":142},"10":{"name":"(anonymous_10)","decl":{"start":{"line":144,"column":38},"end":{"line":144,"column":39}},"loc":{"start":{"line":144,"column":44},"end":{"line":152,"column":5}},"line":144},"11":{"name":"(anonymous_11)","decl":{"start":{"line":155,"column":2},"end":{"line":155,"column":3}},"loc":{"start":{"line":155,"column":17},"end":{"line":159,"column":3}},"line":155},"12":{"name":"(anonymous_12)","decl":{"start":{"line":161,"column":2},"end":{"line":161,"column":3}},"loc":{"start":{"line":161,"column":23},"end":{"line":169,"column":3}},"line":161},"13":{"name":"(anonymous_13)","decl":{"start":{"line":162,"column":15},"end":{"line":162,"column":16}},"loc":{"start":{"line":162,"column":21},"end":{"line":168,"column":5}},"line":162},"14":{"name":"(anonymous_14)","decl":{"start":{"line":163,"column":26},"end":{"line":163,"column":27}},"loc":{"start":{"line":163,"column":37},"end":{"line":167,"column":7}},"line":163}},"branchMap":{"0":{"loc":{"start":{"line":18,"column":15},"end":{"line":18,"column":66}},"type":"cond-expr","locations":[{"start":{"line":18,"column":49},"end":{"line":18,"column":55}},{"start":{"line":18,"column":58},"end":{"line":18,"column":66}}],"line":18},"1":{"loc":{"start":{"line":46,"column":6},"end":{"line":48,"column":7}},"type":"if","locations":[{"start":{"line":46,"column":6},"end":{"line":48,"column":7}},{"start":{},"end":{}}],"line":46},"2":{"loc":{"start":{"line":52,"column":6},"end":{"line":56,"column":7}},"type":"if","locations":[{"start":{"line":52,"column":6},"end":{"line":56,"column":7}},{"start":{"line":54,"column":13},"end":{"line":56,"column":7}}],"line":52},"3":{"loc":{"start":{"line":58,"column":6},"end":{"line":60,"column":7}},"type":"if","locations":[{"start":{"line":58,"column":6},"end":{"line":60,"column":7}},{"start":{},"end":{}}],"line":58},"4":{"loc":{"start":{"line":62,"column":6},"end":{"line":64,"column":7}},"type":"if","locations":[{"start":{"line":62,"column":6},"end":{"line":64,"column":7}},{"start":{},"end":{}}],"line":62},"5":{"loc":{"start":{"line":79,"column":6},"end":{"line":83,"column":7}},"type":"if","locations":[{"start":{"line":79,"column":6},"end":{"line":83,"column":7}},{"start":{},"end":{}}],"line":79},"6":{"loc":{"start":{"line":87,"column":6},"end":{"line":89,"column":7}},"type":"if","locations":[{"start":{"line":87,"column":6},"end":{"line":89,"column":7}},{"start":{},"end":{}}],"line":87},"7":{"loc":{"start":{"line":95,"column":15},"end":{"line":95,"column":48}},"type":"binary-expr","locations":[{"start":{"line":95,"column":15},"end":{"line":95,"column":22}},{"start":{"line":95,"column":26},"end":{"line":95,"column":48}}],"line":95},"8":{"loc":{"start":{"line":98,"column":24},"end":{"line":98,"column":41}},"type":"default-arg","locations":[{"start":{"line":98,"column":36},"end":{"line":98,"column":41}}],"line":98},"9":{"loc":{"start":{"line":99,"column":17},"end":{"line":99,"column":70}},"type":"cond-expr","locations":[{"start":{"line":99,"column":29},"end":{"line":99,"column":37}},{"start":{"line":99,"column":40},"end":{"line":99,"column":70}}],"line":99},"10":{"loc":{"start":{"line":120,"column":4},"end":{"line":120,"column":24}},"type":"default-arg","locations":[{"start":{"line":120,"column":22},"end":{"line":120,"column":24}}],"line":120},"11":{"loc":{"start":{"line":121,"column":4},"end":{"line":121,"column":44}},"type":"default-arg","locations":[{"start":{"line":121,"column":19},"end":{"line":121,"column":44}}],"line":121},"12":{"loc":{"start":{"line":128,"column":4},"end":{"line":130,"column":5}},"type":"if","locations":[{"start":{"line":128,"column":4},"end":{"line":130,"column":5}},{"start":{},"end":{}}],"line":128},"13":{"loc":{"start":{"line":132,"column":4},"end":{"line":134,"column":5}},"type":"if","locations":[{"start":{"line":132,"column":4},"end":{"line":134,"column":5}},{"start":{},"end":{}}],"line":132},"14":{"loc":{"start":{"line":148,"column":6},"end":{"line":150,"column":7}},"type":"if","locations":[{"start":{"line":148,"column":6},"end":{"line":150,"column":7}},{"start":{},"end":{}}],"line":148},"15":{"loc":{"start":{"line":164,"column":8},"end":{"line":166,"column":9}},"type":"if","locations":[{"start":{"line":164,"column":8},"end":{"line":166,"column":9}},{"start":{},"end":{}}],"line":164}},"s":{"0":19,"1":19,"2":19,"3":19,"4":19,"5":19,"6":19,"7":19,"8":19,"9":19,"10":19,"11":19,"12":19,"13":42,"14":19,"15":19,"16":19,"17":19,"18":0,"19":19,"20":19,"21":19,"22":0,"23":19,"24":0,"25":0,"26":0,"27":0,"28":19,"29":19,"30":19,"31":0,"32":19,"33":2,"34":0,"35":2,"36":9,"37":5,"38":5,"39":0,"40":0,"41":0,"42":2,"43":2,"44":0,"45":0,"46":19,"47":14,"48":14,"49":0,"50":14,"51":0,"52":14,"53":14,"54":14,"55":0,"56":0,"57":0,"58":0,"59":0,"60":0,"61":0,"62":0,"63":21,"64":21,"65":19,"66":19,"67":0,"68":0,"69":0},"f":{"0":19,"1":42,"2":19,"3":9,"4":5,"5":0,"6":2,"7":0,"8":14,"9":0,"10":0,"11":21,"12":19,"13":0,"14":0},"b":{"0":[19,0],"1":[0,19],"2":[19,0],"3":[0,19],"4":[0,0],"5":[0,19],"6":[0,2],"7":[9,6],"8":[5],"9":[0,5],"10":[0],"11":[4],"12":[0,14],"13":[0,14],"14":[0,0],"15":[0,0]},"_coverageSchema":"1a1c01bbd47fc00a2c39e90264f33305004495a9","hash":"9e6b73ef306c1799f59aed08de2819baa382b20d"}
,"/Users/sasha/code/gms-js/src/js/load.js": {"path":"/Users/sasha/code/gms-js/src/js/load.js","statementMap":{"0":{"start":{"line":3,"column":0},"end":{"line":5,"column":2}},"1":{"start":{"line":4,"column":2},"end":{"line":4,"column":18}}},"fnMap":{"0":{"name":"(anonymous_0)","decl":{"start":{"line":3,"column":16},"end":{"line":3,"column":17}},"loc":{"start":{"line":3,"column":22},"end":{"line":5,"column":1}},"line":3}},"branchMap":{},"s":{"0":3,"1":0},"f":{"0":0},"b":{},"_coverageSchema":"1a1c01bbd47fc00a2c39e90264f33305004495a9","hash":"49ce8e5bdb0b016564823394cb906aba1ff0cbd0"}
,"/Users/sasha/code/gms-js/src/js/api/Mock.js": {"path":"/Users/sasha/code/gms-js/src/js/api/Mock.js","statementMap":{"0":{"start":{"line":3,"column":14},"end":{"line":3,"column":55}},"1":{"start":{"line":6,"column":14},"end":{"line":6,"column":30}},"2":{"start":{"line":6,"column":20},"end":{"line":6,"column":30}},"3":{"start":{"line":8,"column":17},"end":{"line":14,"column":4}},"4":{"start":{"line":8,"column":38},"end":{"line":14,"column":3}},"5":{"start":{"line":16,"column":15},"end":{"line":24,"column":3}},"6":{"start":{"line":17,"column":20},"end":{"line":17,"column":72}},"7":{"start":{"line":19,"column":4},"end":{"line":23,"column":7}},"8":{"start":{"line":20,"column":6},"end":{"line":22,"column":16}},"9":{"start":{"line":21,"column":8},"end":{"line":21,"column":25}},"10":{"start":{"line":26,"column":17},"end":{"line":31,"column":3}},"11":{"start":{"line":27,"column":20},"end":{"line":27,"column":75}},"12":{"start":{"line":28,"column":4},"end":{"line":30,"column":7}},"13":{"start":{"line":29,"column":6},"end":{"line":29,"column":48}},"14":{"start":{"line":29,"column":23},"end":{"line":29,"column":39}}},"fnMap":{"0":{"name":"(anonymous_0)","decl":{"start":{"line":6,"column":14},"end":{"line":6,"column":15}},"loc":{"start":{"line":6,"column":20},"end":{"line":6,"column":30}},"line":6},"1":{"name":"(anonymous_1)","decl":{"start":{"line":8,"column":17},"end":{"line":8,"column":18}},"loc":{"start":{"line":8,"column":38},"end":{"line":14,"column":3}},"line":8},"2":{"name":"(anonymous_2)","decl":{"start":{"line":16,"column":15},"end":{"line":16,"column":16}},"loc":{"start":{"line":16,"column":36},"end":{"line":24,"column":3}},"line":16},"3":{"name":"(anonymous_3)","decl":{"start":{"line":19,"column":23},"end":{"line":19,"column":24}},"loc":{"start":{"line":19,"column":36},"end":{"line":23,"column":5}},"line":19},"4":{"name":"(anonymous_4)","decl":{"start":{"line":20,"column":17},"end":{"line":20,"column":18}},"loc":{"start":{"line":20,"column":23},"end":{"line":22,"column":7}},"line":20},"5":{"name":"(anonymous_5)","decl":{"start":{"line":26,"column":17},"end":{"line":26,"column":18}},"loc":{"start":{"line":26,"column":34},"end":{"line":31,"column":3}},"line":26},"6":{"name":"(anonymous_6)","decl":{"start":{"line":28,"column":23},"end":{"line":28,"column":24}},"loc":{"start":{"line":28,"column":36},"end":{"line":30,"column":5}},"line":28},"7":{"name":"(anonymous_7)","decl":{"start":{"line":29,"column":17},"end":{"line":29,"column":18}},"loc":{"start":{"line":29,"column":23},"end":{"line":29,"column":39}},"line":29}},"branchMap":{"0":{"loc":{"start":{"line":3,"column":14},"end":{"line":3,"column":55}},"type":"cond-expr","locations":[{"start":{"line":3,"column":48},"end":{"line":3,"column":49}},{"start":{"line":3,"column":52},"end":{"line":3,"column":55}}],"line":3},"1":{"loc":{"start":{"line":8,"column":18},"end":{"line":8,"column":32}},"type":"default-arg","locations":[{"start":{"line":8,"column":30},"end":{"line":8,"column":32}}],"line":8},"2":{"loc":{"start":{"line":16,"column":16},"end":{"line":16,"column":31}},"type":"default-arg","locations":[{"start":{"line":16,"column":26},"end":{"line":16,"column":31}}],"line":16},"3":{"loc":{"start":{"line":17,"column":53},"end":{"line":17,"column":69}},"type":"cond-expr","locations":[{"start":{"line":17,"column":63},"end":{"line":17,"column":64}},{"start":{"line":17,"column":67},"end":{"line":17,"column":69}}],"line":17},"4":{"loc":{"start":{"line":26,"column":18},"end":{"line":26,"column":29}},"type":"default-arg","locations":[{"start":{"line":26,"column":25},"end":{"line":26,"column":29}}],"line":26},"5":{"loc":{"start":{"line":27,"column":47},"end":{"line":27,"column":72}},"type":"cond-expr","locations":[{"start":{"line":27,"column":54},"end":{"line":27,"column":60}},{"start":{"line":27,"column":63},"end":{"line":27,"column":72}}],"line":27}},"s":{"0":4,"1":12,"2":0,"3":12,"4":8,"5":12,"6":2,"7":2,"8":2,"9":0,"10":12,"11":6,"12":6,"13":6,"14":0},"f":{"0":0,"1":8,"2":2,"3":2,"4":0,"5":6,"6":6,"7":0},"b":{"0":[4,0],"1":[0],"2":[0],"3":[2,0],"4":[0],"5":[6,0]},"_coverageSchema":"1a1c01bbd47fc00a2c39e90264f33305004495a9","hash":"de10e709b221edfc3e4e46054ac5c36ab748fdd6"}
,"/Users/sasha/code/gms-js/src/js/api/Strike.js": {"path":"/Users/sasha/code/gms-js/src/js/api/Strike.js","statementMap":{"0":{"start":{"line":5,"column":14},"end":{"line":5,"column":58}},"1":{"start":{"line":5,"column":20},"end":{"line":5,"column":58}},"2":{"start":{"line":7,"column":15},"end":{"line":28,"column":3}},"3":{"start":{"line":8,"column":34},"end":{"line":8,"column":46}},"4":{"start":{"line":10,"column":17},"end":{"line":17,"column":5}},"5":{"start":{"line":19,"column":17},"end":{"line":19,"column":46}},"6":{"start":{"line":20,"column":21},"end":{"line":20,"column":49}},"7":{"start":{"line":22,"column":4},"end":{"line":27,"column":7}},"8":{"start":{"line":30,"column":17},"end":{"line":45,"column":3}},"9":{"start":{"line":31,"column":21},"end":{"line":33,"column":5}},"10":{"start":{"line":35,"column":37},"end":{"line":35,"column":41}},"11":{"start":{"line":36,"column":24},"end":{"line":36,"column":67}},"12":{"start":{"line":38,"column":6},"end":{"line":38,"column":72}},"13":{"start":{"line":40,"column":4},"end":{"line":44,"column":7}}},"fnMap":{"0":{"name":"(anonymous_0)","decl":{"start":{"line":5,"column":14},"end":{"line":5,"column":15}},"loc":{"start":{"line":5,"column":20},"end":{"line":5,"column":58}},"line":5},"1":{"name":"(anonymous_1)","decl":{"start":{"line":7,"column":15},"end":{"line":7,"column":16}},"loc":{"start":{"line":7,"column":47},"end":{"line":28,"column":3}},"line":7},"2":{"name":"(anonymous_2)","decl":{"start":{"line":30,"column":17},"end":{"line":30,"column":18}},"loc":{"start":{"line":30,"column":36},"end":{"line":45,"column":3}},"line":30}},"branchMap":{"0":{"loc":{"start":{"line":38,"column":6},"end":{"line":38,"column":72}},"type":"cond-expr","locations":[{"start":{"line":38,"column":26},"end":{"line":38,"column":32}},{"start":{"line":38,"column":35},"end":{"line":38,"column":72}}],"line":38},"1":{"loc":{"start":{"line":38,"column":35},"end":{"line":38,"column":72}},"type":"cond-expr","locations":[{"start":{"line":38,"column":54},"end":{"line":38,"column":63}},{"start":{"line":38,"column":66},"end":{"line":38,"column":72}}],"line":38}},"s":{"0":3,"1":2,"2":3,"3":1,"4":1,"5":1,"6":1,"7":1,"8":3,"9":1,"10":1,"11":1,"12":1,"13":1},"f":{"0":2,"1":1,"2":1},"b":{"0":[0,1],"1":[0,1]},"_coverageSchema":"1a1c01bbd47fc00a2c39e90264f33305004495a9","hash":"7349e096573d4d335b7f30d221278a8be063fab5"}
,"/Users/sasha/code/gms-js/src/js/api/base.js": {"path":"/Users/sasha/code/gms-js/src/js/api/base.js","statementMap":{"0":{"start":{"line":2,"column":32},"end":{"line":2,"column":33}},"1":{"start":{"line":4,"column":10},"end":{"line":4,"column":60}},"2":{"start":{"line":4,"column":23},"end":{"line":4,"column":60}},"3":{"start":{"line":6,"column":13},"end":{"line":8,"column":3}},"4":{"start":{"line":7,"column":4},"end":{"line":7,"column":29}},"5":{"start":{"line":10,"column":14},"end":{"line":12,"column":3}},"6":{"start":{"line":11,"column":4},"end":{"line":11,"column":26}},"7":{"start":{"line":14,"column":14},"end":{"line":17,"column":3}},"8":{"start":{"line":15,"column":4},"end":{"line":15,"column":37}},"9":{"start":{"line":16,"column":4},"end":{"line":16,"column":14}},"10":{"start":{"line":19,"column":20},"end":{"line":23,"column":3}},"11":{"start":{"line":20,"column":4},"end":{"line":22,"column":6}},"12":{"start":{"line":26,"column":15},"end":{"line":29,"column":3}},"13":{"start":{"line":27,"column":4},"end":{"line":27,"column":39}},"14":{"start":{"line":28,"column":4},"end":{"line":28,"column":44}},"15":{"start":{"line":32,"column":20},"end":{"line":35,"column":3}},"16":{"start":{"line":33,"column":4},"end":{"line":33,"column":44}},"17":{"start":{"line":34,"column":4},"end":{"line":34,"column":44}}},"fnMap":{"0":{"name":"(anonymous_0)","decl":{"start":{"line":4,"column":10},"end":{"line":4,"column":11}},"loc":{"start":{"line":4,"column":23},"end":{"line":4,"column":60}},"line":4},"1":{"name":"(anonymous_1)","decl":{"start":{"line":6,"column":13},"end":{"line":6,"column":14}},"loc":{"start":{"line":6,"column":19},"end":{"line":8,"column":3}},"line":6},"2":{"name":"(anonymous_2)","decl":{"start":{"line":10,"column":14},"end":{"line":10,"column":15}},"loc":{"start":{"line":10,"column":20},"end":{"line":12,"column":3}},"line":10},"3":{"name":"(anonymous_3)","decl":{"start":{"line":14,"column":14},"end":{"line":14,"column":15}},"loc":{"start":{"line":14,"column":20},"end":{"line":17,"column":3}},"line":14},"4":{"name":"(anonymous_4)","decl":{"start":{"line":19,"column":20},"end":{"line":19,"column":21}},"loc":{"start":{"line":19,"column":36},"end":{"line":23,"column":3}},"line":19},"5":{"name":"(anonymous_5)","decl":{"start":{"line":26,"column":15},"end":{"line":26,"column":16}},"loc":{"start":{"line":26,"column":30},"end":{"line":29,"column":3}},"line":26},"6":{"name":"(anonymous_6)","decl":{"start":{"line":32,"column":20},"end":{"line":32,"column":21}},"loc":{"start":{"line":32,"column":35},"end":{"line":35,"column":3}},"line":32}},"branchMap":{"0":{"loc":{"start":{"line":26,"column":16},"end":{"line":26,"column":25}},"type":"default-arg","locations":[{"start":{"line":26,"column":23},"end":{"line":26,"column":25}}],"line":26},"1":{"loc":{"start":{"line":32,"column":21},"end":{"line":32,"column":30}},"type":"default-arg","locations":[{"start":{"line":32,"column":28},"end":{"line":32,"column":30}}],"line":32}},"s":{"0":4,"1":15,"2":2,"3":15,"4":0,"5":15,"6":0,"7":15,"8":0,"9":0,"10":15,"11":0,"12":15,"13":0,"14":0,"15":15,"16":0,"17":0},"f":{"0":2,"1":0,"2":0,"3":0,"4":0,"5":0,"6":0},"b":{"0":[0],"1":[0]},"_coverageSchema":"1a1c01bbd47fc00a2c39e90264f33305004495a9","hash":"df600bd6106644716ae6c05b2d1cc75e4bc40254"}
,"/Users/sasha/code/gms-js/src/js/api/index.js": {"path":"/Users/sasha/code/gms-js/src/js/api/index.js","statementMap":{"0":{"start":{"line":4,"column":13},"end":{"line":7,"column":1}},"1":{"start":{"line":9,"column":12},"end":{"line":16,"column":1}},"2":{"start":{"line":10,"column":19},"end":{"line":10,"column":32}},"3":{"start":{"line":11,"column":2},"end":{"line":13,"column":3}},"4":{"start":{"line":12,"column":4},"end":{"line":12,"column":68}},"5":{"start":{"line":15,"column":2},"end":{"line":15,"column":24}}},"fnMap":{"0":{"name":"(anonymous_0)","decl":{"start":{"line":9,"column":12},"end":{"line":9,"column":13}},"loc":{"start":{"line":9,"column":50},"end":{"line":16,"column":1}},"line":9}},"branchMap":{"0":{"loc":{"start":{"line":9,"column":13},"end":{"line":9,"column":45}},"type":"default-arg","locations":[{"start":{"line":9,"column":23},"end":{"line":9,"column":45}}],"line":9},"1":{"loc":{"start":{"line":11,"column":2},"end":{"line":13,"column":3}},"type":"if","locations":[{"start":{"line":11,"column":2},"end":{"line":13,"column":3}},{"start":{},"end":{}}],"line":11}},"s":{"0":3,"1":3,"2":9,"3":9,"4":0,"5":9},"f":{"0":9},"b":{"0":[0],"1":[0,9]},"_coverageSchema":"1a1c01bbd47fc00a2c39e90264f33305004495a9","hash":"d4bdfa7e19b795c7ca3fc26c53eb8cb96a7f07ad"}
,"/Users/sasha/code/gms-js/src/js/cards/AmountInput.js": {"path":"/Users/sasha/code/gms-js/src/js/cards/AmountInput.js","statementMap":{"0":{"start":{"line":3,"column":20},"end":{"line":78,"column":1}},"1":{"start":{"line":4,"column":45},"end":{"line":4,"column":59}},"2":{"start":{"line":5,"column":17},"end":{"line":5,"column":58}},"3":{"start":{"line":7,"column":18},"end":{"line":7,"column":76}},"4":{"start":{"line":7,"column":55},"end":{"line":7,"column":75}},"5":{"start":{"line":8,"column":2},"end":{"line":12,"column":3}},"6":{"start":{"line":9,"column":4},"end":{"line":11,"column":6}},"7":{"start":{"line":14,"column":2},"end":{"line":18,"column":3}},"8":{"start":{"line":15,"column":4},"end":{"line":17,"column":6}},"9":{"start":{"line":20,"column":22},"end":{"line":35,"column":5}},"10":{"start":{"line":37,"column":28},"end":{"line":54,"column":3}},"11":{"start":{"line":38,"column":18},"end":{"line":38,"column":68}},"12":{"start":{"line":39,"column":4},"end":{"line":53,"column":6}},"13":{"start":{"line":44,"column":10},"end":{"line":47,"column":12}},"14":{"start":{"line":51,"column":23},"end":{"line":51,"column":34}},"15":{"start":{"line":56,"column":37},"end":{"line":60,"column":3}},"16":{"start":{"line":61,"column":16},"end":{"line":61,"column":66}},"17":{"start":{"line":63,"column":25},"end":{"line":74,"column":3}},"18":{"start":{"line":64,"column":23},"end":{"line":64,"column":28}},"19":{"start":{"line":66,"column":20},"end":{"line":66,"column":55}},"20":{"start":{"line":68,"column":4},"end":{"line":70,"column":5}},"21":{"start":{"line":69,"column":6},"end":{"line":69,"column":29}},"22":{"start":{"line":72,"column":20},"end":{"line":72,"column":39}},"23":{"start":{"line":73,"column":4},"end":{"line":73,"column":50}},"24":{"start":{"line":76,"column":2},"end":{"line":76,"column":33}},"25":{"start":{"line":77,"column":2},"end":{"line":77,"column":17}}},"fnMap":{"0":{"name":"(anonymous_0)","decl":{"start":{"line":3,"column":20},"end":{"line":3,"column":21}},"loc":{"start":{"line":3,"column":26},"end":{"line":78,"column":1}},"line":3},"1":{"name":"(anonymous_1)","decl":{"start":{"line":7,"column":46},"end":{"line":7,"column":47}},"loc":{"start":{"line":7,"column":55},"end":{"line":7,"column":75}},"line":7},"2":{"name":"(anonymous_2)","decl":{"start":{"line":37,"column":28},"end":{"line":37,"column":29}},"loc":{"start":{"line":37,"column":42},"end":{"line":54,"column":3}},"line":37},"3":{"name":"(anonymous_3)","decl":{"start":{"line":43,"column":17},"end":{"line":43,"column":18}},"loc":{"start":{"line":44,"column":10},"end":{"line":47,"column":12}},"line":44},"4":{"name":"(anonymous_4)","decl":{"start":{"line":51,"column":17},"end":{"line":51,"column":18}},"loc":{"start":{"line":51,"column":23},"end":{"line":51,"column":34}},"line":51},"5":{"name":"(anonymous_5)","decl":{"start":{"line":63,"column":25},"end":{"line":63,"column":26}},"loc":{"start":{"line":63,"column":36},"end":{"line":74,"column":3}},"line":63}},"branchMap":{"0":{"loc":{"start":{"line":5,"column":17},"end":{"line":5,"column":58}},"type":"binary-expr","locations":[{"start":{"line":5,"column":17},"end":{"line":5,"column":33}},{"start":{"line":5,"column":37},"end":{"line":5,"column":58}}],"line":5},"1":{"loc":{"start":{"line":8,"column":2},"end":{"line":12,"column":3}},"type":"if","locations":[{"start":{"line":8,"column":2},"end":{"line":12,"column":3}},{"start":{},"end":{}}],"line":8},"2":{"loc":{"start":{"line":14,"column":2},"end":{"line":18,"column":3}},"type":"if","locations":[{"start":{"line":14,"column":2},"end":{"line":18,"column":3}},{"start":{},"end":{}}],"line":14},"3":{"loc":{"start":{"line":14,"column":6},"end":{"line":14,"column":30}},"type":"binary-expr","locations":[{"start":{"line":14,"column":6},"end":{"line":14,"column":19}},{"start":{"line":14,"column":23},"end":{"line":14,"column":30}}],"line":14},"4":{"loc":{"start":{"line":21,"column":12},"end":{"line":21,"column":71}},"type":"cond-expr","locations":[{"start":{"line":21,"column":28},"end":{"line":21,"column":51}},{"start":{"line":21,"column":54},"end":{"line":21,"column":71}}],"line":21},"5":{"loc":{"start":{"line":23,"column":8},"end":{"line":33,"column":15}},"type":"cond-expr","locations":[{"start":{"line":24,"column":12},"end":{"line":24,"column":14}},{"start":{"line":25,"column":12},"end":{"line":33,"column":15}}],"line":23},"6":{"loc":{"start":{"line":57,"column":15},"end":{"line":57,"column":32}},"type":"binary-expr","locations":[{"start":{"line":57,"column":15},"end":{"line":57,"column":26}},{"start":{"line":57,"column":30},"end":{"line":57,"column":32}}],"line":57},"7":{"loc":{"start":{"line":68,"column":4},"end":{"line":70,"column":5}},"type":"if","locations":[{"start":{"line":68,"column":4},"end":{"line":70,"column":5}},{"start":{},"end":{}}],"line":68}},"s":{"0":3,"1":5,"2":5,"3":5,"4":10,"5":5,"6":1,"7":4,"8":0,"9":4,"10":4,"11":4,"12":4,"13":2,"14":0,"15":4,"16":4,"17":4,"18":4,"19":4,"20":4,"21":4,"22":4,"23":4,"24":4,"25":4},"f":{"0":5,"1":10,"2":4,"3":2,"4":0,"5":4},"b":{"0":[5,4],"1":[1,4],"2":[0,4],"3":[4,0],"4":[0,4],"5":[0,4],"6":[4,4],"7":[4,0]},"_coverageSchema":"1a1c01bbd47fc00a2c39e90264f33305004495a9","hash":"a1cc448d81f8b96ab3a36d479bf214dc85fd8c23"}
,"/Users/sasha/code/gms-js/src/js/cards/ErrorCard.js": {"path":"/Users/sasha/code/gms-js/src/js/cards/ErrorCard.js","statementMap":{"0":{"start":{"line":3,"column":18},"end":{"line":20,"column":1}},"1":{"start":{"line":4,"column":22},"end":{"line":17,"column":3}},"2":{"start":{"line":8,"column":10},"end":{"line":16,"column":5}},"3":{"start":{"line":13,"column":10},"end":{"line":13,"column":22}},"4":{"start":{"line":19,"column":2},"end":{"line":19,"column":17}}},"fnMap":{"0":{"name":"(anonymous_0)","decl":{"start":{"line":3,"column":18},"end":{"line":3,"column":19}},"loc":{"start":{"line":3,"column":24},"end":{"line":20,"column":1}},"line":3},"1":{"name":"(anonymous_1)","decl":{"start":{"line":8,"column":4},"end":{"line":8,"column":5}},"loc":{"start":{"line":8,"column":10},"end":{"line":16,"column":5}},"line":8},"2":{"name":"(anonymous_2)","decl":{"start":{"line":12,"column":17},"end":{"line":12,"column":18}},"loc":{"start":{"line":12,"column":23},"end":{"line":14,"column":9}},"line":12}},"branchMap":{},"s":{"0":3,"1":2,"2":2,"3":0,"4":2},"f":{"0":2,"1":2,"2":0},"b":{},"_coverageSchema":"1a1c01bbd47fc00a2c39e90264f33305004495a9","hash":"0c7b0dd7c3fdab76666ee28e6836a57ae0eeb632"}
,"/Users/sasha/code/gms-js/src/js/cards/Invoice.js": {"path":"/Users/sasha/code/gms-js/src/js/cards/Invoice.js","statementMap":{"0":{"start":{"line":7,"column":16},"end":{"line":100,"column":1}},"1":{"start":{"line":8,"column":30},"end":{"line":8,"column":44}},"2":{"start":{"line":9,"column":70},"end":{"line":9,"column":79}},"3":{"start":{"line":10,"column":20},"end":{"line":10,"column":56}},"4":{"start":{"line":11,"column":17},"end":{"line":13,"column":15}},"5":{"start":{"line":15,"column":15},"end":{"line":15,"column":74}},"6":{"start":{"line":17,"column":18},"end":{"line":17,"column":49}},"7":{"start":{"line":19,"column":37},"end":{"line":19,"column":44}},"8":{"start":{"line":20,"column":2},"end":{"line":20,"column":40}},"9":{"start":{"line":22,"column":18},"end":{"line":22,"column":57}},"10":{"start":{"line":25,"column":24},"end":{"line":25,"column":33}},"11":{"start":{"line":27,"column":24},"end":{"line":31,"column":3}},"12":{"start":{"line":33,"column":22},"end":{"line":45,"column":3}},"13":{"start":{"line":47,"column":28},"end":{"line":73,"column":3}},"14":{"start":{"line":47,"column":34},"end":{"line":73,"column":3}},"15":{"start":{"line":51,"column":12},"end":{"line":63,"column":13}},"16":{"start":{"line":64,"column":16},"end":{"line":64,"column":60}},"17":{"start":{"line":69,"column":8},"end":{"line":69,"column":69}},"18":{"start":{"line":75,"column":28},"end":{"line":79,"column":3}},"19":{"start":{"line":81,"column":17},"end":{"line":81,"column":55}},"20":{"start":{"line":83,"column":2},"end":{"line":97,"column":3}},"21":{"start":{"line":84,"column":4},"end":{"line":89,"column":7}},"22":{"start":{"line":85,"column":6},"end":{"line":88,"column":7}},"23":{"start":{"line":86,"column":8},"end":{"line":86,"column":29}},"24":{"start":{"line":87,"column":8},"end":{"line":87,"column":60}},"25":{"start":{"line":92,"column":4},"end":{"line":96,"column":5}},"26":{"start":{"line":93,"column":6},"end":{"line":95,"column":8}},"27":{"start":{"line":94,"column":8},"end":{"line":94,"column":43}},"28":{"start":{"line":99,"column":2},"end":{"line":99,"column":17}}},"fnMap":{"0":{"name":"(anonymous_0)","decl":{"start":{"line":7,"column":16},"end":{"line":7,"column":17}},"loc":{"start":{"line":7,"column":22},"end":{"line":100,"column":1}},"line":7},"1":{"name":"(anonymous_1)","decl":{"start":{"line":47,"column":28},"end":{"line":47,"column":29}},"loc":{"start":{"line":47,"column":34},"end":{"line":73,"column":3}},"line":47},"2":{"name":"(anonymous_2)","decl":{"start":{"line":50,"column":10},"end":{"line":50,"column":11}},"loc":{"start":{"line":51,"column":12},"end":{"line":63,"column":13}},"line":51},"3":{"name":"(anonymous_3)","decl":{"start":{"line":64,"column":10},"end":{"line":64,"column":11}},"loc":{"start":{"line":64,"column":16},"end":{"line":64,"column":60}},"line":64},"4":{"name":"(anonymous_4)","decl":{"start":{"line":68,"column":15},"end":{"line":68,"column":16}},"loc":{"start":{"line":68,"column":21},"end":{"line":70,"column":7}},"line":68},"5":{"name":"(anonymous_5)","decl":{"start":{"line":84,"column":51},"end":{"line":84,"column":52}},"loc":{"start":{"line":84,"column":68},"end":{"line":89,"column":5}},"line":84},"6":{"name":"(anonymous_6)","decl":{"start":{"line":93,"column":23},"end":{"line":93,"column":24}},"loc":{"start":{"line":93,"column":29},"end":{"line":95,"column":7}},"line":93}},"branchMap":{"0":{"loc":{"start":{"line":10,"column":20},"end":{"line":10,"column":56}},"type":"binary-expr","locations":[{"start":{"line":10,"column":20},"end":{"line":10,"column":31}},{"start":{"line":10,"column":35},"end":{"line":10,"column":56}}],"line":10},"1":{"loc":{"start":{"line":11,"column":17},"end":{"line":13,"column":15}},"type":"cond-expr","locations":[{"start":{"line":12,"column":6},"end":{"line":12,"column":44}},{"start":{"line":13,"column":6},"end":{"line":13,"column":15}}],"line":11},"2":{"loc":{"start":{"line":15,"column":15},"end":{"line":15,"column":74}},"type":"cond-expr","locations":[{"start":{"line":15,"column":28},"end":{"line":15,"column":39}},{"start":{"line":15,"column":42},"end":{"line":15,"column":74}}],"line":15},"3":{"loc":{"start":{"line":15,"column":42},"end":{"line":15,"column":74}},"type":"binary-expr","locations":[{"start":{"line":15,"column":42},"end":{"line":15,"column":51}},{"start":{"line":15,"column":55},"end":{"line":15,"column":74}}],"line":15},"4":{"loc":{"start":{"line":17,"column":18},"end":{"line":17,"column":49}},"type":"binary-expr","locations":[{"start":{"line":17,"column":18},"end":{"line":17,"column":28}},{"start":{"line":17,"column":32},"end":{"line":17,"column":49}}],"line":17},"5":{"loc":{"start":{"line":22,"column":18},"end":{"line":22,"column":57}},"type":"binary-expr","locations":[{"start":{"line":22,"column":18},"end":{"line":22,"column":37}},{"start":{"line":22,"column":41},"end":{"line":22,"column":57}}],"line":22},"6":{"loc":{"start":{"line":28,"column":10},"end":{"line":28,"column":61}},"type":"cond-expr","locations":[{"start":{"line":28,"column":23},"end":{"line":28,"column":41}},{"start":{"line":28,"column":44},"end":{"line":28,"column":61}}],"line":28},"7":{"loc":{"start":{"line":28,"column":44},"end":{"line":28,"column":61}},"type":"binary-expr","locations":[{"start":{"line":28,"column":44},"end":{"line":28,"column":55}},{"start":{"line":28,"column":59},"end":{"line":28,"column":61}}],"line":28},"8":{"loc":{"start":{"line":42,"column":8},"end":{"line":42,"column":77}},"type":"cond-expr","locations":[{"start":{"line":42,"column":18},"end":{"line":42,"column":55}},{"start":{"line":42,"column":58},"end":{"line":42,"column":77}}],"line":42},"9":{"loc":{"start":{"line":44,"column":9},"end":{"line":44,"column":59}},"type":"cond-expr","locations":[{"start":{"line":44,"column":19},"end":{"line":44,"column":28}},{"start":{"line":44,"column":31},"end":{"line":44,"column":59}}],"line":44},"10":{"loc":{"start":{"line":49,"column":15},"end":{"line":64,"column":60}},"type":"cond-expr","locations":[{"start":{"line":50,"column":10},"end":{"line":63,"column":13}},{"start":{"line":64,"column":10},"end":{"line":64,"column":60}}],"line":49},"11":{"loc":{"start":{"line":52,"column":14},"end":{"line":62,"column":19}},"type":"cond-expr","locations":[{"start":{"line":53,"column":18},"end":{"line":57,"column":19}},{"start":{"line":58,"column":18},"end":{"line":62,"column":19}}],"line":52},"12":{"loc":{"start":{"line":65,"column":12},"end":{"line":65,"column":40}},"type":"cond-expr","locations":[{"start":{"line":65,"column":22},"end":{"line":65,"column":31}},{"start":{"line":65,"column":34},"end":{"line":65,"column":40}}],"line":65},"13":{"loc":{"start":{"line":83,"column":2},"end":{"line":97,"column":3}},"type":"if","locations":[{"start":{"line":83,"column":2},"end":{"line":97,"column":3}},{"start":{},"end":{}}],"line":83},"14":{"loc":{"start":{"line":85,"column":6},"end":{"line":88,"column":7}},"type":"if","locations":[{"start":{"line":85,"column":6},"end":{"line":88,"column":7}},{"start":{},"end":{}}],"line":85},"15":{"loc":{"start":{"line":92,"column":4},"end":{"line":96,"column":5}},"type":"if","locations":[{"start":{"line":92,"column":4},"end":{"line":96,"column":5}},{"start":{},"end":{}}],"line":92}},"s":{"0":3,"1":6,"2":6,"3":6,"4":6,"5":6,"6":6,"7":6,"8":5,"9":5,"10":5,"11":5,"12":5,"13":5,"14":5,"15":0,"16":0,"17":0,"18":5,"19":5,"20":5,"21":3,"22":3,"23":0,"24":0,"25":3,"26":0,"27":0,"28":5},"f":{"0":6,"1":5,"2":0,"3":0,"4":0,"5":3,"6":0},"b":{"0":[6,0],"1":[2,4],"2":[2,4],"3":[4,0],"4":[6,4],"5":[5,4],"6":[2,3],"7":[3,3],"8":[2,3],"9":[2,3],"10":[2,3],"11":[0,0],"12":[2,3],"13":[3,2],"14":[0,3],"15":[0,3]},"_coverageSchema":"1a1c01bbd47fc00a2c39e90264f33305004495a9","hash":"aa9afcde1098f9023d4e556363b3ae6b0cef0543"}
,"/Users/sasha/code/gms-js/src/js/cards/Loader.js": {"path":"/Users/sasha/code/gms-js/src/js/cards/Loader.js","statementMap":{"0":{"start":{"line":3,"column":15},"end":{"line":10,"column":1}},"1":{"start":{"line":4,"column":2},"end":{"line":9,"column":4}}},"fnMap":{"0":{"name":"(anonymous_0)","decl":{"start":{"line":3,"column":15},"end":{"line":3,"column":16}},"loc":{"start":{"line":3,"column":21},"end":{"line":10,"column":1}},"line":3}},"branchMap":{},"s":{"0":3,"1":2},"f":{"0":2},"b":{},"_coverageSchema":"1a1c01bbd47fc00a2c39e90264f33305004495a9","hash":"a384d244bdbd6d0f5ed01276ec34c2c3bd059778"}
,"/Users/sasha/code/gms-js/src/js/cards/NoteInput.js": {"path":"/Users/sasha/code/gms-js/src/js/cards/NoteInput.js","statementMap":{"0":{"start":{"line":4,"column":18},"end":{"line":75,"column":1}},"1":{"start":{"line":6,"column":4},"end":{"line":6,"column":18}},"2":{"start":{"line":8,"column":21},"end":{"line":8,"column":30}},"3":{"start":{"line":9,"column":15},"end":{"line":9,"column":52}},"4":{"start":{"line":11,"column":2},"end":{"line":15,"column":3}},"5":{"start":{"line":12,"column":4},"end":{"line":14,"column":6}},"6":{"start":{"line":17,"column":22},"end":{"line":32,"column":5}},"7":{"start":{"line":34,"column":28},"end":{"line":57,"column":3}},"8":{"start":{"line":35,"column":18},"end":{"line":35,"column":58}},"9":{"start":{"line":36,"column":4},"end":{"line":56,"column":6}},"10":{"start":{"line":39,"column":10},"end":{"line":39,"column":67}},"11":{"start":{"line":41,"column":10},"end":{"line":45,"column":13}},"12":{"start":{"line":52,"column":18},"end":{"line":52,"column":29}},"13":{"start":{"line":53,"column":18},"end":{"line":53,"column":60}},"14":{"start":{"line":59,"column":37},"end":{"line":63,"column":3}},"15":{"start":{"line":65,"column":16},"end":{"line":65,"column":56}},"16":{"start":{"line":66,"column":22},"end":{"line":71,"column":3}},"17":{"start":{"line":67,"column":23},"end":{"line":67,"column":28}},"18":{"start":{"line":69,"column":20},"end":{"line":69,"column":39}},"19":{"start":{"line":70,"column":4},"end":{"line":70,"column":44}},"20":{"start":{"line":72,"column":2},"end":{"line":72,"column":30}},"21":{"start":{"line":74,"column":2},"end":{"line":74,"column":17}}},"fnMap":{"0":{"name":"(anonymous_0)","decl":{"start":{"line":4,"column":18},"end":{"line":4,"column":19}},"loc":{"start":{"line":4,"column":24},"end":{"line":75,"column":1}},"line":4},"1":{"name":"(anonymous_1)","decl":{"start":{"line":34,"column":28},"end":{"line":34,"column":29}},"loc":{"start":{"line":34,"column":42},"end":{"line":57,"column":3}},"line":34},"2":{"name":"(anonymous_2)","decl":{"start":{"line":38,"column":17},"end":{"line":38,"column":18}},"loc":{"start":{"line":38,"column":23},"end":{"line":46,"column":9}},"line":38},"3":{"name":"(anonymous_3)","decl":{"start":{"line":52,"column":12},"end":{"line":52,"column":13}},"loc":{"start":{"line":52,"column":18},"end":{"line":52,"column":29}},"line":52},"4":{"name":"(anonymous_4)","decl":{"start":{"line":53,"column":12},"end":{"line":53,"column":13}},"loc":{"start":{"line":53,"column":18},"end":{"line":53,"column":60}},"line":53},"5":{"name":"(anonymous_5)","decl":{"start":{"line":66,"column":22},"end":{"line":66,"column":23}},"loc":{"start":{"line":66,"column":33},"end":{"line":71,"column":3}},"line":66}},"branchMap":{"0":{"loc":{"start":{"line":9,"column":15},"end":{"line":9,"column":52}},"type":"binary-expr","locations":[{"start":{"line":9,"column":15},"end":{"line":9,"column":29}},{"start":{"line":9,"column":33},"end":{"line":9,"column":52}}],"line":9},"1":{"loc":{"start":{"line":11,"column":2},"end":{"line":15,"column":3}},"type":"if","locations":[{"start":{"line":11,"column":2},"end":{"line":15,"column":3}},{"start":{},"end":{}}],"line":11},"2":{"loc":{"start":{"line":11,"column":6},"end":{"line":11,"column":35}},"type":"binary-expr","locations":[{"start":{"line":11,"column":6},"end":{"line":11,"column":18}},{"start":{"line":11,"column":22},"end":{"line":11,"column":35}}],"line":11},"3":{"loc":{"start":{"line":19,"column":6},"end":{"line":30,"column":62}},"type":"cond-expr","locations":[{"start":{"line":20,"column":10},"end":{"line":23,"column":9}},{"start":{"line":24,"column":10},"end":{"line":30,"column":62}}],"line":19},"4":{"loc":{"start":{"line":21,"column":18},"end":{"line":21,"column":29}},"type":"binary-expr","locations":[{"start":{"line":21,"column":18},"end":{"line":21,"column":24}},{"start":{"line":21,"column":28},"end":{"line":21,"column":29}}],"line":21},"5":{"loc":{"start":{"line":27,"column":42},"end":{"line":27,"column":53}},"type":"binary-expr","locations":[{"start":{"line":27,"column":42},"end":{"line":27,"column":48}},{"start":{"line":27,"column":52},"end":{"line":27,"column":53}}],"line":27},"6":{"loc":{"start":{"line":47,"column":18},"end":{"line":47,"column":53}},"type":"binary-expr","locations":[{"start":{"line":47,"column":18},"end":{"line":47,"column":30}},{"start":{"line":47,"column":34},"end":{"line":47,"column":53}}],"line":47},"7":{"loc":{"start":{"line":51,"column":17},"end":{"line":53,"column":60}},"type":"cond-expr","locations":[{"start":{"line":52,"column":12},"end":{"line":52,"column":29}},{"start":{"line":53,"column":12},"end":{"line":53,"column":60}}],"line":51},"8":{"loc":{"start":{"line":54,"column":14},"end":{"line":54,"column":47}},"type":"cond-expr","locations":[{"start":{"line":54,"column":30},"end":{"line":54,"column":38}},{"start":{"line":54,"column":41},"end":{"line":54,"column":47}}],"line":54},"9":{"loc":{"start":{"line":60,"column":15},"end":{"line":60,"column":32}},"type":"binary-expr","locations":[{"start":{"line":60,"column":15},"end":{"line":60,"column":26}},{"start":{"line":60,"column":30},"end":{"line":60,"column":32}}],"line":60}},"s":{"0":3,"1":4,"2":4,"3":4,"4":4,"5":0,"6":4,"7":4,"8":4,"9":4,"10":1,"11":1,"12":0,"13":1,"14":4,"15":4,"16":4,"17":9,"18":9,"19":9,"20":4,"21":4},"f":{"0":4,"1":4,"2":1,"3":0,"4":1,"5":9},"b":{"0":[4,4],"1":[0,4],"2":[4,0],"3":[0,4],"4":[0,0],"5":[4,0],"6":[4,0],"7":[0,4],"8":[0,4],"9":[4,4]},"_coverageSchema":"1a1c01bbd47fc00a2c39e90264f33305004495a9","hash":"e869bd0fc0c08654eb4161dca78ae2ed6bf6934c"}
,"/Users/sasha/code/gms-js/src/js/cards/Paid.js": {"path":"/Users/sasha/code/gms-js/src/js/cards/Paid.js","statementMap":{"0":{"start":{"line":4,"column":13},"end":{"line":43,"column":1}},"1":{"start":{"line":5,"column":22},"end":{"line":40,"column":3}},"2":{"start":{"line":20,"column":10},"end":{"line":39,"column":5}},"3":{"start":{"line":25,"column":32},"end":{"line":25,"column":71}},"4":{"start":{"line":26,"column":14},"end":{"line":26,"column":79}},"5":{"start":{"line":27,"column":14},"end":{"line":31,"column":17}},"6":{"start":{"line":37,"column":23},"end":{"line":37,"column":34}},"7":{"start":{"line":42,"column":2},"end":{"line":42,"column":17}}},"fnMap":{"0":{"name":"(anonymous_0)","decl":{"start":{"line":4,"column":13},"end":{"line":4,"column":14}},"loc":{"start":{"line":4,"column":19},"end":{"line":43,"column":1}},"line":4},"1":{"name":"(anonymous_1)","decl":{"start":{"line":20,"column":4},"end":{"line":20,"column":5}},"loc":{"start":{"line":20,"column":10},"end":{"line":39,"column":5}},"line":20},"2":{"name":"(anonymous_2)","decl":{"start":{"line":24,"column":21},"end":{"line":24,"column":22}},"loc":{"start":{"line":24,"column":27},"end":{"line":32,"column":13}},"line":24},"3":{"name":"(anonymous_3)","decl":{"start":{"line":37,"column":17},"end":{"line":37,"column":18}},"loc":{"start":{"line":37,"column":23},"end":{"line":37,"column":34}},"line":37}},"branchMap":{"0":{"loc":{"start":{"line":6,"column":11},"end":{"line":6,"column":64}},"type":"cond-expr","locations":[{"start":{"line":6,"column":34},"end":{"line":6,"column":46}},{"start":{"line":6,"column":49},"end":{"line":6,"column":64}}],"line":6},"1":{"loc":{"start":{"line":7,"column":13},"end":{"line":7,"column":52}},"type":"binary-expr","locations":[{"start":{"line":7,"column":13},"end":{"line":7,"column":32}},{"start":{"line":7,"column":36},"end":{"line":7,"column":52}}],"line":7},"2":{"loc":{"start":{"line":21,"column":6},"end":{"line":34,"column":19}},"type":"cond-expr","locations":[{"start":{"line":22,"column":10},"end":{"line":33,"column":11}},{"start":{"line":34,"column":10},"end":{"line":34,"column":19}}],"line":21},"3":{"loc":{"start":{"line":21,"column":6},"end":{"line":21,"column":56}},"type":"binary-expr","locations":[{"start":{"line":21,"column":6},"end":{"line":21,"column":31}},{"start":{"line":21,"column":35},"end":{"line":21,"column":56}}],"line":21}},"s":{"0":3,"1":2,"2":2,"3":1,"4":1,"5":1,"6":0,"7":2},"f":{"0":2,"1":2,"2":1,"3":0},"b":{"0":[0,2],"1":[2,2],"2":[1,1],"3":[2,1]},"_coverageSchema":"1a1c01bbd47fc00a2c39e90264f33305004495a9","hash":"467878d8b257e172329c2ddbdb39376601db5a3c"}
,"/Users/sasha/code/gms-js/src/js/helpers/InvoiceHelper.js": {"path":"/Users/sasha/code/gms-js/src/js/helpers/InvoiceHelper.js","statementMap":{"0":{"start":{"line":2,"column":23},"end":{"line":2,"column":71}},"1":{"start":{"line":2,"column":30},"end":{"line":2,"column":70}},"2":{"start":{"line":5,"column":18},"end":{"line":5,"column":46}},"3":{"start":{"line":5,"column":24},"end":{"line":5,"column":46}},"4":{"start":{"line":7,"column":16},"end":{"line":7,"column":73}},"5":{"start":{"line":7,"column":22},"end":{"line":7,"column":73}},"6":{"start":{"line":9,"column":25},"end":{"line":9,"column":73}},"7":{"start":{"line":9,"column":39},"end":{"line":9,"column":72}},"8":{"start":{"line":11,"column":33},"end":{"line":15,"column":3}},"9":{"start":{"line":12,"column":4},"end":{"line":14,"column":13}},"10":{"start":{"line":13,"column":6},"end":{"line":13,"column":35}},"11":{"start":{"line":17,"column":26},"end":{"line":36,"column":3}},"12":{"start":{"line":18,"column":4},"end":{"line":20,"column":5}},"13":{"start":{"line":19,"column":6},"end":{"line":19,"column":13}},"14":{"start":{"line":22,"column":4},"end":{"line":35,"column":9}},"15":{"start":{"line":25,"column":8},"end":{"line":34,"column":9}},"16":{"start":{"line":26,"column":24},"end":{"line":29,"column":11}},"17":{"start":{"line":30,"column":10},"end":{"line":30,"column":33}},"18":{"start":{"line":32,"column":10},"end":{"line":32,"column":55}},"19":{"start":{"line":33,"column":10},"end":{"line":33,"column":46}},"20":{"start":{"line":38,"column":29},"end":{"line":48,"column":3}},"21":{"start":{"line":39,"column":16},"end":{"line":39,"column":27}},"22":{"start":{"line":40,"column":19},"end":{"line":40,"column":39}},"23":{"start":{"line":41,"column":4},"end":{"line":47,"column":7}},"24":{"start":{"line":42,"column":6},"end":{"line":45,"column":9}},"25":{"start":{"line":46,"column":6},"end":{"line":46,"column":35}}},"fnMap":{"0":{"name":"(anonymous_0)","decl":{"start":{"line":2,"column":23},"end":{"line":2,"column":24}},"loc":{"start":{"line":2,"column":30},"end":{"line":2,"column":70}},"line":2},"1":{"name":"(anonymous_1)","decl":{"start":{"line":5,"column":18},"end":{"line":5,"column":19}},"loc":{"start":{"line":5,"column":24},"end":{"line":5,"column":46}},"line":5},"2":{"name":"(anonymous_2)","decl":{"start":{"line":7,"column":16},"end":{"line":7,"column":17}},"loc":{"start":{"line":7,"column":22},"end":{"line":7,"column":73}},"line":7},"3":{"name":"(anonymous_3)","decl":{"start":{"line":9,"column":25},"end":{"line":9,"column":26}},"loc":{"start":{"line":9,"column":39},"end":{"line":9,"column":72}},"line":9},"4":{"name":"(anonymous_4)","decl":{"start":{"line":11,"column":33},"end":{"line":11,"column":34}},"loc":{"start":{"line":11,"column":46},"end":{"line":15,"column":3}},"line":11},"5":{"name":"(anonymous_5)","decl":{"start":{"line":12,"column":15},"end":{"line":12,"column":16}},"loc":{"start":{"line":12,"column":21},"end":{"line":14,"column":5}},"line":12},"6":{"name":"(anonymous_6)","decl":{"start":{"line":17,"column":26},"end":{"line":17,"column":27}},"loc":{"start":{"line":17,"column":39},"end":{"line":36,"column":3}},"line":17},"7":{"name":"(anonymous_7)","decl":{"start":{"line":24,"column":12},"end":{"line":24,"column":13}},"loc":{"start":{"line":24,"column":25},"end":{"line":35,"column":7}},"line":24},"8":{"name":"(anonymous_8)","decl":{"start":{"line":38,"column":29},"end":{"line":38,"column":30}},"loc":{"start":{"line":38,"column":39},"end":{"line":48,"column":3}},"line":38},"9":{"name":"(anonymous_9)","decl":{"start":{"line":41,"column":16},"end":{"line":41,"column":17}},"loc":{"start":{"line":41,"column":29},"end":{"line":47,"column":5}},"line":41}},"branchMap":{"0":{"loc":{"start":{"line":2,"column":30},"end":{"line":2,"column":70}},"type":"cond-expr","locations":[{"start":{"line":2,"column":46},"end":{"line":2,"column":58}},{"start":{"line":2,"column":61},"end":{"line":2,"column":70}}],"line":2},"1":{"loc":{"start":{"line":7,"column":30},"end":{"line":7,"column":72}},"type":"cond-expr","locations":[{"start":{"line":7,"column":46},"end":{"line":7,"column":60}},{"start":{"line":7,"column":63},"end":{"line":7,"column":72}}],"line":7},"2":{"loc":{"start":{"line":18,"column":4},"end":{"line":20,"column":5}},"type":"if","locations":[{"start":{"line":18,"column":4},"end":{"line":20,"column":5}},{"start":{},"end":{}}],"line":18},"3":{"loc":{"start":{"line":25,"column":8},"end":{"line":34,"column":9}},"type":"if","locations":[{"start":{"line":25,"column":8},"end":{"line":34,"column":9}},{"start":{"line":31,"column":15},"end":{"line":34,"column":9}}],"line":25},"4":{"loc":{"start":{"line":43,"column":15},"end":{"line":43,"column":56}},"type":"cond-expr","locations":[{"start":{"line":43,"column":31},"end":{"line":43,"column":44}},{"start":{"line":43,"column":47},"end":{"line":43,"column":56}}],"line":43}},"s":{"0":4,"1":4,"2":4,"3":17,"4":4,"5":12,"6":4,"7":4,"8":4,"9":1,"10":0,"11":4,"12":9,"13":0,"14":9,"15":3,"16":2,"17":2,"18":1,"19":1,"20":4,"21":3,"22":3,"23":3,"24":1,"25":1},"f":{"0":4,"1":17,"2":12,"3":4,"4":1,"5":0,"6":9,"7":3,"8":3,"9":1},"b":{"0":[0,4],"1":[3,9],"2":[0,9],"3":[2,1],"4":[0,1]},"_coverageSchema":"1a1c01bbd47fc00a2c39e90264f33305004495a9","hash":"7ae6802aa2679d637ec16a1814581d2f60f6054e"}
,"/Users/sasha/code/gms-js/src/js/helpers/utils.js": {"path":"/Users/sasha/code/gms-js/src/js/helpers/utils.js","statementMap":{"0":{"start":{"line":1,"column":24},"end":{"line":6,"column":1}},"1":{"start":{"line":8,"column":29},"end":{"line":23,"column":1}},"2":{"start":{"line":9,"column":25},"end":{"line":9,"column":70}},"3":{"start":{"line":12,"column":2},"end":{"line":20,"column":3}},"4":{"start":{"line":13,"column":4},"end":{"line":13,"column":42}},"5":{"start":{"line":15,"column":4},"end":{"line":19,"column":6}},"6":{"start":{"line":22,"column":2},"end":{"line":22,"column":24}},"7":{"start":{"line":25,"column":22},"end":{"line":25,"column":71}},"8":{"start":{"line":27,"column":28},"end":{"line":36,"column":1}},"9":{"start":{"line":28,"column":13},"end":{"line":28,"column":29}},"10":{"start":{"line":29,"column":2},"end":{"line":34,"column":3}},"11":{"start":{"line":30,"column":4},"end":{"line":32,"column":5}},"12":{"start":{"line":31,"column":6},"end":{"line":31,"column":18}},"13":{"start":{"line":33,"column":4},"end":{"line":33,"column":27}},"14":{"start":{"line":35,"column":2},"end":{"line":35,"column":15}}},"fnMap":{"0":{"name":"(anonymous_0)","decl":{"start":{"line":8,"column":29},"end":{"line":8,"column":30}},"loc":{"start":{"line":8,"column":42},"end":{"line":23,"column":1}},"line":8},"1":{"name":"(anonymous_1)","decl":{"start":{"line":27,"column":28},"end":{"line":27,"column":29}},"loc":{"start":{"line":27,"column":52},"end":{"line":36,"column":1}},"line":27}},"branchMap":{"0":{"loc":{"start":{"line":9,"column":25},"end":{"line":9,"column":70}},"type":"binary-expr","locations":[{"start":{"line":9,"column":25},"end":{"line":9,"column":62}},{"start":{"line":9,"column":66},"end":{"line":9,"column":70}}],"line":9},"1":{"loc":{"start":{"line":22,"column":9},"end":{"line":22,"column":23}},"type":"binary-expr","locations":[{"start":{"line":22,"column":9},"end":{"line":22,"column":17}},{"start":{"line":22,"column":21},"end":{"line":22,"column":23}}],"line":22},"2":{"loc":{"start":{"line":30,"column":4},"end":{"line":32,"column":5}},"type":"if","locations":[{"start":{"line":30,"column":4},"end":{"line":32,"column":5}},{"start":{},"end":{}}],"line":30},"3":{"loc":{"start":{"line":30,"column":8},"end":{"line":30,"column":62}},"type":"binary-expr","locations":[{"start":{"line":30,"column":8},"end":{"line":30,"column":22}},{"start":{"line":30,"column":26},"end":{"line":30,"column":62}}],"line":30}},"s":{"0":3,"1":3,"2":25,"3":25,"4":25,"5":0,"6":25,"7":3,"8":3,"9":0,"10":0,"11":0,"12":0,"13":0,"14":0},"f":{"0":25,"1":0},"b":{"0":[25,5],"1":[25,0],"2":[0,0],"3":[0,0]},"_coverageSchema":"1a1c01bbd47fc00a2c39e90264f33305004495a9","hash":"656c6298812f440af67cd26417e9da405469f106"}
,"/Users/sasha/code/gms-js/src/js/pieces/actionGroup.js": {"path":"/Users/sasha/code/gms-js/src/js/pieces/actionGroup.js","statementMap":{"0":{"start":{"line":3,"column":20},"end":{"line":16,"column":1}},"1":{"start":{"line":4,"column":16},"end":{"line":4,"column":45}},"2":{"start":{"line":5,"column":2},"end":{"line":5,"column":43}},"3":{"start":{"line":7,"column":2},"end":{"line":9,"column":3}},"4":{"start":{"line":8,"column":4},"end":{"line":8,"column":41}},"5":{"start":{"line":11,"column":2},"end":{"line":13,"column":3}},"6":{"start":{"line":12,"column":4},"end":{"line":12,"column":45}},"7":{"start":{"line":15,"column":2},"end":{"line":15,"column":15}}},"fnMap":{"0":{"name":"(anonymous_0)","decl":{"start":{"line":3,"column":20},"end":{"line":3,"column":21}},"loc":{"start":{"line":3,"column":44},"end":{"line":16,"column":1}},"line":3}},"branchMap":{"0":{"loc":{"start":{"line":7,"column":2},"end":{"line":9,"column":3}},"type":"if","locations":[{"start":{"line":7,"column":2},"end":{"line":9,"column":3}},{"start":{},"end":{}}],"line":7},"1":{"loc":{"start":{"line":11,"column":2},"end":{"line":13,"column":3}},"type":"if","locations":[{"start":{"line":11,"column":2},"end":{"line":13,"column":3}},{"start":{},"end":{}}],"line":11}},"s":{"0":3,"1":17,"2":17,"3":17,"4":14,"5":17,"6":17,"7":17},"f":{"0":17},"b":{"0":[14,3],"1":[17,0]},"_coverageSchema":"1a1c01bbd47fc00a2c39e90264f33305004495a9","hash":"e14794f7126d2b20a143174cbb5bceb4c54fb152"}
,"/Users/sasha/code/gms-js/src/js/pieces/button.js": {"path":"/Users/sasha/code/gms-js/src/js/pieces/button.js","statementMap":{"0":{"start":{"line":1,"column":15},"end":{"line":9,"column":1}},"1":{"start":{"line":2,"column":12},"end":{"line":2,"column":44}},"2":{"start":{"line":3,"column":2},"end":{"line":3,"column":32}},"3":{"start":{"line":4,"column":2},"end":{"line":4,"column":53}},"4":{"start":{"line":5,"column":2},"end":{"line":5,"column":28}},"5":{"start":{"line":6,"column":2},"end":{"line":6,"column":25}},"6":{"start":{"line":7,"column":2},"end":{"line":7,"column":26}},"7":{"start":{"line":8,"column":2},"end":{"line":8,"column":11}}},"fnMap":{"0":{"name":"(anonymous_0)","decl":{"start":{"line":1,"column":15},"end":{"line":1,"column":16}},"loc":{"start":{"line":1,"column":30},"end":{"line":9,"column":1}},"line":1}},"branchMap":{"0":{"loc":{"start":{"line":4,"column":33},"end":{"line":4,"column":49}},"type":"binary-expr","locations":[{"start":{"line":4,"column":33},"end":{"line":4,"column":37}},{"start":{"line":4,"column":41},"end":{"line":4,"column":49}}],"line":4}},"s":{"0":3,"1":31,"2":31,"3":31,"4":31,"5":31,"6":31,"7":31},"f":{"0":31},"b":{"0":[31,0]},"_coverageSchema":"1a1c01bbd47fc00a2c39e90264f33305004495a9","hash":"57bb07ef5db756cc05f9fba9e0b5c2d2679dee60"}
,"/Users/sasha/code/gms-js/src/js/pieces/element.js": {"path":"/Users/sasha/code/gms-js/src/js/pieces/element.js","statementMap":{"0":{"start":{"line":1,"column":16},"end":{"line":6,"column":1}},"1":{"start":{"line":2,"column":13},"end":{"line":2,"column":41}},"2":{"start":{"line":3,"column":2},"end":{"line":3,"column":26}},"3":{"start":{"line":4,"column":2},"end":{"line":4,"column":27}},"4":{"start":{"line":5,"column":2},"end":{"line":5,"column":12}}},"fnMap":{"0":{"name":"(anonymous_0)","decl":{"start":{"line":1,"column":16},"end":{"line":1,"column":17}},"loc":{"start":{"line":1,"column":57},"end":{"line":6,"column":1}},"line":1}},"branchMap":{"0":{"loc":{"start":{"line":1,"column":24},"end":{"line":1,"column":38}},"type":"default-arg","locations":[{"start":{"line":1,"column":36},"end":{"line":1,"column":38}}],"line":1},"1":{"loc":{"start":{"line":1,"column":40},"end":{"line":1,"column":52}},"type":"default-arg","locations":[{"start":{"line":1,"column":47},"end":{"line":1,"column":52}}],"line":1}},"s":{"0":3,"1":53,"2":53,"3":53,"4":53},"f":{"0":53},"b":{"0":[17],"1":[53]},"_coverageSchema":"1a1c01bbd47fc00a2c39e90264f33305004495a9","hash":"808bc3ab65b047ba71323744b0090577357c969e"}
,"/Users/sasha/code/gms-js/src/js/pieces/modalContent.js": {"path":"/Users/sasha/code/gms-js/src/js/pieces/modalContent.js","statementMap":{"0":{"start":{"line":4,"column":21},"end":{"line":15,"column":1}},"1":{"start":{"line":5,"column":18},"end":{"line":5,"column":41}},"2":{"start":{"line":6,"column":17},"end":{"line":6,"column":54}},"3":{"start":{"line":7,"column":15},"end":{"line":7,"column":48}},"4":{"start":{"line":8,"column":18},"end":{"line":8,"column":69}},"5":{"start":{"line":10,"column":2},"end":{"line":10,"column":30}},"6":{"start":{"line":11,"column":2},"end":{"line":11,"column":28}},"7":{"start":{"line":12,"column":2},"end":{"line":12,"column":31}},"8":{"start":{"line":14,"column":2},"end":{"line":14,"column":44}}},"fnMap":{"0":{"name":"(anonymous_0)","decl":{"start":{"line":4,"column":21},"end":{"line":4,"column":22}},"loc":{"start":{"line":4,"column":72},"end":{"line":15,"column":1}},"line":4}},"branchMap":{},"s":{"0":3,"1":17,"2":17,"3":17,"4":17,"5":17,"6":17,"7":17,"8":17},"f":{"0":17},"b":{},"_coverageSchema":"1a1c01bbd47fc00a2c39e90264f33305004495a9","hash":"e3b428cea8d215e8224206808e21086ba849f3a5"}
,"/Users/sasha/code/gms-js/test/helpers.js": {"path":"/Users/sasha/code/gms-js/test/helpers.js","statementMap":{"0":{"start":{"line":1,"column":28},"end":{"line":22,"column":1}},"1":{"start":{"line":2,"column":2},"end":{"line":7,"column":6}},"2":{"start":{"line":9,"column":18},"end":{"line":9,"column":47}},"3":{"start":{"line":10,"column":2},"end":{"line":14,"column":6}},"4":{"start":{"line":15,"column":15},"end":{"line":15,"column":44}},"5":{"start":{"line":16,"column":2},"end":{"line":16,"column":23}},"6":{"start":{"line":17,"column":2},"end":{"line":17,"column":45}},"7":{"start":{"line":18,"column":2},"end":{"line":18,"column":32}},"8":{"start":{"line":19,"column":2},"end":{"line":19,"column":30}},"9":{"start":{"line":21,"column":2},"end":{"line":21,"column":27}}},"fnMap":{"0":{"name":"(anonymous_0)","decl":{"start":{"line":1,"column":28},"end":{"line":1,"column":29}},"loc":{"start":{"line":1,"column":34},"end":{"line":22,"column":1}},"line":1}},"branchMap":{},"s":{"0":2,"1":15,"2":15,"3":15,"4":15,"5":15,"6":15,"7":15,"8":15,"9":15},"f":{"0":15},"b":{},"_coverageSchema":"1a1c01bbd47fc00a2c39e90264f33305004495a9","hash":"851ed337604b6646c0d30175fb99f1d02e3d186b"}
}
