{"/Users/sasha/code/gms-js/src/js/bootstrap.js": {"path":"/Users/sasha/code/gms-js/src/js/bootstrap.js","statementMap":{"0":{"start":{"line":4,"column":13},"end":{"line":18,"column":1}},"1":{"start":{"line":4,"column":29},"end":{"line":18,"column":1}},"2":{"start":{"line":20,"column":0},"end":{"line":78,"column":2}},"3":{"start":{"line":21,"column":15},"end":{"line":21,"column":50}},"4":{"start":{"line":23,"column":25},"end":{"line":23,"column":44}},"5":{"start":{"line":25,"column":2},"end":{"line":27,"column":3}},"6":{"start":{"line":26,"column":4},"end":{"line":26,"column":73}},"7":{"start":{"line":29,"column":21},"end":{"line":29,"column":34}},"8":{"start":{"line":30,"column":22},"end":{"line":30,"column":31}},"9":{"start":{"line":31,"column":17},"end":{"line":31,"column":48}},"10":{"start":{"line":32,"column":18},"end":{"line":32,"column":20}},"11":{"start":{"line":34,"column":2},"end":{"line":37,"column":3}},"12":{"start":{"line":35,"column":4},"end":{"line":35,"column":57}},"13":{"start":{"line":36,"column":4},"end":{"line":36,"column":11}},"14":{"start":{"line":39,"column":2},"end":{"line":41,"column":5}},"15":{"start":{"line":40,"column":4},"end":{"line":40,"column":24}},"16":{"start":{"line":43,"column":16},"end":{"line":46,"column":6}},"17":{"start":{"line":45,"column":6},"end":{"line":45,"column":76}},"18":{"start":{"line":48,"column":2},"end":{"line":50,"column":3}},"19":{"start":{"line":49,"column":4},"end":{"line":49,"column":73}},"20":{"start":{"line":52,"column":2},"end":{"line":56,"column":4}},"21":{"start":{"line":58,"column":2},"end":{"line":62,"column":3}},"22":{"start":{"line":59,"column":4},"end":{"line":61,"column":6}},"23":{"start":{"line":64,"column":20},"end":{"line":64,"column":49}},"24":{"start":{"line":65,"column":2},"end":{"line":65,"column":46}},"25":{"start":{"line":67,"column":17},"end":{"line":67,"column":46}},"26":{"start":{"line":68,"column":2},"end":{"line":68,"column":43}},"27":{"start":{"line":70,"column":15},"end":{"line":70,"column":44}},"28":{"start":{"line":71,"column":2},"end":{"line":71,"column":39}},"29":{"start":{"line":73,"column":2},"end":{"line":73,"column":23}},"30":{"start":{"line":74,"column":2},"end":{"line":74,"column":28}},"31":{"start":{"line":75,"column":2},"end":{"line":75,"column":26}},"32":{"start":{"line":77,"column":2},"end":{"line":77,"column":45}},"33":{"start":{"line":80,"column":0},"end":{"line":108,"column":2}},"34":{"start":{"line":81,"column":19},"end":{"line":81,"column":64}},"35":{"start":{"line":83,"column":2},"end":{"line":107,"column":3}},"36":{"start":{"line":83,"column":15},"end":{"line":83,"column":16}},"37":{"start":{"line":84,"column":20},"end":{"line":84,"column":31}},"38":{"start":{"line":86,"column":4},"end":{"line":89,"column":6}},"39":{"start":{"line":87,"column":23},"end":{"line":87,"column":45}},"40":{"start":{"line":88,"column":6},"end":{"line":88,"column":35}},"41":{"start":{"line":91,"column":20},"end":{"line":91,"column":37}},"42":{"start":{"line":93,"column":4},"end":{"line":106,"column":5}},"43":{"start":{"line":97,"column":19},"end":{"line":97,"column":36}},"44":{"start":{"line":99,"column":6},"end":{"line":104,"column":7}},"45":{"start":{"line":100,"column":8},"end":{"line":100,"column":47}},"46":{"start":{"line":102,"column":8},"end":{"line":102,"column":37}},"47":{"start":{"line":103,"column":8},"end":{"line":103,"column":43}},"48":{"start":{"line":105,"column":6},"end":{"line":105,"column":44}},"49":{"start":{"line":110,"column":0},"end":{"line":113,"column":2}},"50":{"start":{"line":111,"column":2},"end":{"line":111,"column":16}},"51":{"start":{"line":112,"column":2},"end":{"line":112,"column":20}}},"fnMap":{"0":{"name":"(anonymous_0)","decl":{"start":{"line":4,"column":13},"end":{"line":4,"column":14}},"loc":{"start":{"line":4,"column":29},"end":{"line":18,"column":1}},"line":4},"1":{"name":"(anonymous_1)","decl":{"start":{"line":20,"column":14},"end":{"line":20,"column":15}},"loc":{"start":{"line":20,"column":20},"end":{"line":78,"column":1}},"line":20},"2":{"name":"(anonymous_2)","decl":{"start":{"line":39,"column":25},"end":{"line":39,"column":26}},"loc":{"start":{"line":39,"column":36},"end":{"line":41,"column":3}},"line":39},"3":{"name":"(anonymous_3)","decl":{"start":{"line":44,"column":4},"end":{"line":44,"column":5}},"loc":{"start":{"line":45,"column":6},"end":{"line":45,"column":76}},"line":45},"4":{"name":"(anonymous_4)","decl":{"start":{"line":80,"column":18},"end":{"line":80,"column":19}},"loc":{"start":{"line":80,"column":24},"end":{"line":108,"column":1}},"line":80},"5":{"name":"(anonymous_5)","decl":{"start":{"line":86,"column":22},"end":{"line":86,"column":23}},"loc":{"start":{"line":86,"column":28},"end":{"line":89,"column":5}},"line":86},"6":{"name":"(anonymous_6)","decl":{"start":{"line":110,"column":16},"end":{"line":110,"column":17}},"loc":{"start":{"line":110,"column":22},"end":{"line":113,"column":1}},"line":110}},"branchMap":{"0":{"loc":{"start":{"line":4,"column":14},"end":{"line":4,"column":24}},"type":"default-arg","locations":[{"start":{"line":4,"column":22},"end":{"line":4,"column":24}}],"line":4},"1":{"loc":{"start":{"line":25,"column":2},"end":{"line":27,"column":3}},"type":"if","locations":[{"start":{"line":25,"column":2},"end":{"line":27,"column":3}},{"start":{},"end":{}}],"line":25},"2":{"loc":{"start":{"line":34,"column":2},"end":{"line":37,"column":3}},"type":"if","locations":[{"start":{"line":34,"column":2},"end":{"line":37,"column":3}},{"start":{},"end":{}}],"line":34},"3":{"loc":{"start":{"line":35,"column":17},"end":{"line":35,"column":56}},"type":"binary-expr","locations":[{"start":{"line":35,"column":17},"end":{"line":35,"column":27}},{"start":{"line":35,"column":31},"end":{"line":35,"column":56}}],"line":35},"4":{"loc":{"start":{"line":45,"column":6},"end":{"line":45,"column":76}},"type":"binary-expr","locations":[{"start":{"line":45,"column":6},"end":{"line":45,"column":35}},{"start":{"line":45,"column":39},"end":{"line":45,"column":76}}],"line":45},"5":{"loc":{"start":{"line":48,"column":2},"end":{"line":50,"column":3}},"type":"if","locations":[{"start":{"line":48,"column":2},"end":{"line":50,"column":3}},{"start":{},"end":{}}],"line":48},"6":{"loc":{"start":{"line":54,"column":6},"end":{"line":54,"column":66}},"type":"cond-expr","locations":[{"start":{"line":54,"column":50},"end":{"line":54,"column":56}},{"start":{"line":54,"column":59},"end":{"line":54,"column":66}}],"line":54},"7":{"loc":{"start":{"line":58,"column":2},"end":{"line":62,"column":3}},"type":"if","locations":[{"start":{"line":58,"column":2},"end":{"line":62,"column":3}},{"start":{},"end":{}}],"line":58},"8":{"loc":{"start":{"line":93,"column":4},"end":{"line":106,"column":5}},"type":"if","locations":[{"start":{"line":93,"column":4},"end":{"line":106,"column":5}},{"start":{},"end":{}}],"line":93},"9":{"loc":{"start":{"line":94,"column":6},"end":{"line":95,"column":49}},"type":"binary-expr","locations":[{"start":{"line":94,"column":6},"end":{"line":94,"column":42}},{"start":{"line":95,"column":6},"end":{"line":95,"column":49}}],"line":94},"10":{"loc":{"start":{"line":99,"column":6},"end":{"line":104,"column":7}},"type":"if","locations":[{"start":{"line":99,"column":6},"end":{"line":104,"column":7}},{"start":{"line":101,"column":13},"end":{"line":104,"column":7}}],"line":99}},"s":{"0":2,"1":20,"2":2,"3":18,"4":18,"5":18,"6":0,"7":18,"8":18,"9":18,"10":18,"11":18,"12":0,"13":0,"14":18,"15":17,"16":18,"17":17,"18":18,"19":2,"20":16,"21":16,"22":0,"23":16,"24":16,"25":16,"26":16,"27":16,"28":16,"29":16,"30":16,"31":16,"32":16,"33":2,"34":21,"35":21,"36":21,"37":42,"38":42,"39":4,"40":4,"41":42,"42":42,"43":20,"44":20,"45":20,"46":0,"47":0,"48":20,"49":2,"50":18,"51":16},"f":{"0":20,"1":18,"2":17,"3":17,"4":21,"5":4,"6":18},"b":{"0":[20],"1":[0,18],"2":[0,18],"3":[0,0],"4":[17,17],"5":[2,16],"6":[15,1],"7":[0,16],"8":[20,22],"9":[42,21],"10":[20,0]},"_coverageSchema":"1a1c01bbd47fc00a2c39e90264f33305004495a9","hash":"377fac487929f86eb00a2530bdfc6d844ba7ce7c"}
,"/Users/sasha/code/gms-js/src/js/gms.js": {"path":"/Users/sasha/code/gms-js/src/js/gms.js","statementMap":{"0":{"start":{"line":11,"column":12},"end":{"line":11,"column":59}},"1":{"start":{"line":13,"column":21},"end":{"line":13,"column":38}},"2":{"start":{"line":16,"column":18},"end":{"line":16,"column":22}},"3":{"start":{"line":17,"column":11},"end":{"line":17,"column":15}},"4":{"start":{"line":18,"column":15},"end":{"line":18,"column":66}},"5":{"start":{"line":19,"column":10},"end":{"line":19,"column":17}},"6":{"start":{"line":20,"column":19},"end":{"line":20,"column":35}},"7":{"start":{"line":21,"column":12},"end":{"line":21,"column":63}},"8":{"start":{"line":24,"column":4},"end":{"line":24,"column":21}},"9":{"start":{"line":25,"column":4},"end":{"line":25,"column":65}},"10":{"start":{"line":26,"column":4},"end":{"line":29,"column":6}},"11":{"start":{"line":30,"column":4},"end":{"line":30,"column":23}},"12":{"start":{"line":31,"column":4},"end":{"line":31,"column":20}},"13":{"start":{"line":35,"column":22},"end":{"line":35,"column":32}},"14":{"start":{"line":36,"column":4},"end":{"line":59,"column":5}},"15":{"start":{"line":37,"column":6},"end":{"line":37,"column":36}},"16":{"start":{"line":39,"column":6},"end":{"line":41,"column":7}},"17":{"start":{"line":40,"column":8},"end":{"line":40,"column":60}},"18":{"start":{"line":43,"column":19},"end":{"line":43,"column":26}},"19":{"start":{"line":45,"column":6},"end":{"line":49,"column":7}},"20":{"start":{"line":46,"column":8},"end":{"line":46,"column":45}},"21":{"start":{"line":48,"column":8},"end":{"line":48,"column":48}},"22":{"start":{"line":51,"column":6},"end":{"line":53,"column":7}},"23":{"start":{"line":52,"column":8},"end":{"line":52,"column":15}},"24":{"start":{"line":55,"column":6},"end":{"line":57,"column":7}},"25":{"start":{"line":56,"column":8},"end":{"line":56,"column":27}},"26":{"start":{"line":58,"column":6},"end":{"line":58,"column":13}},"27":{"start":{"line":61,"column":4},"end":{"line":84,"column":5}},"28":{"start":{"line":62,"column":19},"end":{"line":70,"column":14}},"29":{"start":{"line":72,"column":6},"end":{"line":76,"column":7}},"30":{"start":{"line":73,"column":8},"end":{"line":75,"column":10}},"31":{"start":{"line":78,"column":6},"end":{"line":78,"column":26}},"32":{"start":{"line":80,"column":6},"end":{"line":82,"column":7}},"33":{"start":{"line":81,"column":8},"end":{"line":81,"column":27}},"34":{"start":{"line":83,"column":6},"end":{"line":83,"column":31}},"35":{"start":{"line":88,"column":4},"end":{"line":88,"column":48}},"36":{"start":{"line":92,"column":4},"end":{"line":92,"column":71}},"37":{"start":{"line":93,"column":4},"end":{"line":93,"column":18}},"38":{"start":{"line":97,"column":4},"end":{"line":97,"column":23}},"39":{"start":{"line":98,"column":4},"end":{"line":98,"column":20}},"40":{"start":{"line":99,"column":4},"end":{"line":99,"column":18}},"41":{"start":{"line":103,"column":17},"end":{"line":103,"column":61}},"42":{"start":{"line":104,"column":4},"end":{"line":104,"column":16}},"43":{"start":{"line":108,"column":17},"end":{"line":108,"column":61}},"44":{"start":{"line":109,"column":4},"end":{"line":109,"column":16}},"45":{"start":{"line":112,"column":12},"end":{"line":133,"column":3}},"46":{"start":{"line":116,"column":21},"end":{"line":119,"column":5}},"47":{"start":{"line":121,"column":4},"end":{"line":123,"column":5}},"48":{"start":{"line":122,"column":6},"end":{"line":122,"column":44}},"49":{"start":{"line":125,"column":4},"end":{"line":127,"column":5}},"50":{"start":{"line":126,"column":6},"end":{"line":126,"column":40}},"51":{"start":{"line":129,"column":4},"end":{"line":129,"column":29}},"52":{"start":{"line":130,"column":4},"end":{"line":130,"column":30}},"53":{"start":{"line":132,"column":4},"end":{"line":132,"column":18}},"54":{"start":{"line":136,"column":4},"end":{"line":136,"column":33}},"55":{"start":{"line":137,"column":4},"end":{"line":145,"column":13}},"56":{"start":{"line":138,"column":18},"end":{"line":138,"column":27}},"57":{"start":{"line":139,"column":6},"end":{"line":139,"column":40}},"58":{"start":{"line":140,"column":6},"end":{"line":140,"column":44}},"59":{"start":{"line":141,"column":6},"end":{"line":143,"column":7}},"60":{"start":{"line":142,"column":8},"end":{"line":142,"column":43}},"61":{"start":{"line":144,"column":6},"end":{"line":144,"column":20}},"62":{"start":{"line":149,"column":4},"end":{"line":149,"column":29}},"63":{"start":{"line":150,"column":4},"end":{"line":150,"column":30}},"64":{"start":{"line":151,"column":4},"end":{"line":151,"column":30}},"65":{"start":{"line":155,"column":4},"end":{"line":161,"column":12}},"66":{"start":{"line":156,"column":6},"end":{"line":160,"column":8}},"67":{"start":{"line":157,"column":8},"end":{"line":159,"column":9}},"68":{"start":{"line":158,"column":10},"end":{"line":158,"column":23}}},"fnMap":{"0":{"name":"(anonymous_0)","decl":{"start":{"line":23,"column":2},"end":{"line":23,"column":3}},"loc":{"start":{"line":23,"column":36},"end":{"line":32,"column":3}},"line":23},"1":{"name":"(anonymous_1)","decl":{"start":{"line":34,"column":2},"end":{"line":34,"column":3}},"loc":{"start":{"line":34,"column":11},"end":{"line":85,"column":3}},"line":34},"2":{"name":"(anonymous_2)","decl":{"start":{"line":87,"column":2},"end":{"line":87,"column":3}},"loc":{"start":{"line":87,"column":15},"end":{"line":89,"column":3}},"line":87},"3":{"name":"(anonymous_3)","decl":{"start":{"line":91,"column":2},"end":{"line":91,"column":3}},"loc":{"start":{"line":91,"column":43},"end":{"line":94,"column":3}},"line":91},"4":{"name":"(anonymous_4)","decl":{"start":{"line":96,"column":2},"end":{"line":96,"column":3}},"loc":{"start":{"line":96,"column":10},"end":{"line":100,"column":3}},"line":96},"5":{"name":"(anonymous_5)","decl":{"start":{"line":102,"column":2},"end":{"line":102,"column":3}},"loc":{"start":{"line":102,"column":14},"end":{"line":105,"column":3}},"line":102},"6":{"name":"(anonymous_6)","decl":{"start":{"line":107,"column":2},"end":{"line":107,"column":3}},"loc":{"start":{"line":107,"column":14},"end":{"line":110,"column":3}},"line":107},"7":{"name":"(anonymous_7)","decl":{"start":{"line":112,"column":12},"end":{"line":112,"column":13}},"loc":{"start":{"line":115,"column":7},"end":{"line":133,"column":3}},"line":115},"8":{"name":"(anonymous_8)","decl":{"start":{"line":135,"column":2},"end":{"line":135,"column":3}},"loc":{"start":{"line":135,"column":26},"end":{"line":146,"column":3}},"line":135},"9":{"name":"(anonymous_9)","decl":{"start":{"line":137,"column":38},"end":{"line":137,"column":39}},"loc":{"start":{"line":137,"column":44},"end":{"line":145,"column":5}},"line":137},"10":{"name":"(anonymous_10)","decl":{"start":{"line":148,"column":2},"end":{"line":148,"column":3}},"loc":{"start":{"line":148,"column":17},"end":{"line":152,"column":3}},"line":148},"11":{"name":"(anonymous_11)","decl":{"start":{"line":154,"column":2},"end":{"line":154,"column":3}},"loc":{"start":{"line":154,"column":23},"end":{"line":162,"column":3}},"line":154},"12":{"name":"(anonymous_12)","decl":{"start":{"line":155,"column":15},"end":{"line":155,"column":16}},"loc":{"start":{"line":155,"column":21},"end":{"line":161,"column":5}},"line":155},"13":{"name":"(anonymous_13)","decl":{"start":{"line":156,"column":26},"end":{"line":156,"column":27}},"loc":{"start":{"line":156,"column":37},"end":{"line":160,"column":7}},"line":156}},"branchMap":{"0":{"loc":{"start":{"line":18,"column":15},"end":{"line":18,"column":66}},"type":"cond-expr","locations":[{"start":{"line":18,"column":49},"end":{"line":18,"column":55}},{"start":{"line":18,"column":58},"end":{"line":18,"column":66}}],"line":18},"1":{"loc":{"start":{"line":39,"column":6},"end":{"line":41,"column":7}},"type":"if","locations":[{"start":{"line":39,"column":6},"end":{"line":41,"column":7}},{"start":{},"end":{}}],"line":39},"2":{"loc":{"start":{"line":45,"column":6},"end":{"line":49,"column":7}},"type":"if","locations":[{"start":{"line":45,"column":6},"end":{"line":49,"column":7}},{"start":{"line":47,"column":13},"end":{"line":49,"column":7}}],"line":45},"3":{"loc":{"start":{"line":51,"column":6},"end":{"line":53,"column":7}},"type":"if","locations":[{"start":{"line":51,"column":6},"end":{"line":53,"column":7}},{"start":{},"end":{}}],"line":51},"4":{"loc":{"start":{"line":55,"column":6},"end":{"line":57,"column":7}},"type":"if","locations":[{"start":{"line":55,"column":6},"end":{"line":57,"column":7}},{"start":{},"end":{}}],"line":55},"5":{"loc":{"start":{"line":72,"column":6},"end":{"line":76,"column":7}},"type":"if","locations":[{"start":{"line":72,"column":6},"end":{"line":76,"column":7}},{"start":{},"end":{}}],"line":72},"6":{"loc":{"start":{"line":80,"column":6},"end":{"line":82,"column":7}},"type":"if","locations":[{"start":{"line":80,"column":6},"end":{"line":82,"column":7}},{"start":{},"end":{}}],"line":80},"7":{"loc":{"start":{"line":88,"column":15},"end":{"line":88,"column":46}},"type":"binary-expr","locations":[{"start":{"line":88,"column":15},"end":{"line":88,"column":22}},{"start":{"line":88,"column":26},"end":{"line":88,"column":46}}],"line":88},"8":{"loc":{"start":{"line":91,"column":24},"end":{"line":91,"column":41}},"type":"default-arg","locations":[{"start":{"line":91,"column":36},"end":{"line":91,"column":41}}],"line":91},"9":{"loc":{"start":{"line":92,"column":17},"end":{"line":92,"column":70}},"type":"cond-expr","locations":[{"start":{"line":92,"column":29},"end":{"line":92,"column":37}},{"start":{"line":92,"column":40},"end":{"line":92,"column":70}}],"line":92},"10":{"loc":{"start":{"line":113,"column":4},"end":{"line":113,"column":24}},"type":"default-arg","locations":[{"start":{"line":113,"column":22},"end":{"line":113,"column":24}}],"line":113},"11":{"loc":{"start":{"line":114,"column":4},"end":{"line":114,"column":44}},"type":"default-arg","locations":[{"start":{"line":114,"column":19},"end":{"line":114,"column":44}}],"line":114},"12":{"loc":{"start":{"line":121,"column":4},"end":{"line":123,"column":5}},"type":"if","locations":[{"start":{"line":121,"column":4},"end":{"line":123,"column":5}},{"start":{},"end":{}}],"line":121},"13":{"loc":{"start":{"line":125,"column":4},"end":{"line":127,"column":5}},"type":"if","locations":[{"start":{"line":125,"column":4},"end":{"line":127,"column":5}},{"start":{},"end":{}}],"line":125},"14":{"loc":{"start":{"line":141,"column":6},"end":{"line":143,"column":7}},"type":"if","locations":[{"start":{"line":141,"column":6},"end":{"line":143,"column":7}},{"start":{},"end":{}}],"line":141},"15":{"loc":{"start":{"line":157,"column":8},"end":{"line":159,"column":9}},"type":"if","locations":[{"start":{"line":157,"column":8},"end":{"line":159,"column":9}},{"start":{},"end":{}}],"line":157}},"s":{"0":16,"1":16,"2":16,"3":16,"4":16,"5":16,"6":16,"7":16,"8":16,"9":16,"10":16,"11":16,"12":16,"13":18,"14":18,"15":18,"16":18,"17":0,"18":18,"19":18,"20":18,"21":0,"22":18,"23":0,"24":0,"25":0,"26":0,"27":18,"28":18,"29":18,"30":0,"31":18,"32":2,"33":0,"34":2,"35":6,"36":5,"37":5,"38":0,"39":0,"40":0,"41":2,"42":2,"43":0,"44":0,"45":16,"46":13,"47":13,"48":0,"49":13,"50":0,"51":13,"52":13,"53":13,"54":0,"55":0,"56":0,"57":0,"58":0,"59":0,"60":0,"61":0,"62":20,"63":20,"64":18,"65":18,"66":0,"67":0,"68":0},"f":{"0":16,"1":18,"2":6,"3":5,"4":0,"5":2,"6":0,"7":13,"8":0,"9":0,"10":20,"11":18,"12":0,"13":0},"b":{"0":[16,0],"1":[0,18],"2":[18,0],"3":[0,18],"4":[0,0],"5":[0,18],"6":[0,2],"7":[6,3],"8":[5],"9":[0,5],"10":[0],"11":[4],"12":[0,13],"13":[0,13],"14":[0,0],"15":[0,0]},"_coverageSchema":"1a1c01bbd47fc00a2c39e90264f33305004495a9","hash":"3f6be8e0c91b617ee063aae6099d8cc57da52c37"}
,"/Users/sasha/code/gms-js/src/js/load.js": {"path":"/Users/sasha/code/gms-js/src/js/load.js","statementMap":{"0":{"start":{"line":3,"column":0},"end":{"line":6,"column":2}},"1":{"start":{"line":4,"column":2},"end":{"line":4,"column":16}},"2":{"start":{"line":5,"column":2},"end":{"line":5,"column":20}}},"fnMap":{"0":{"name":"(anonymous_0)","decl":{"start":{"line":3,"column":16},"end":{"line":3,"column":17}},"loc":{"start":{"line":3,"column":22},"end":{"line":6,"column":1}},"line":3}},"branchMap":{},"s":{"0":2,"1":0,"2":0},"f":{"0":0},"b":{},"_coverageSchema":"1a1c01bbd47fc00a2c39e90264f33305004495a9","hash":"189ab8387f5751d02b2805de94585fb7603131e2"}
,"/Users/sasha/code/gms-js/src/js/api/Mock.js": {"path":"/Users/sasha/code/gms-js/src/js/api/Mock.js","statementMap":{"0":{"start":{"line":3,"column":14},"end":{"line":3,"column":55}},"1":{"start":{"line":6,"column":14},"end":{"line":6,"column":30}},"2":{"start":{"line":6,"column":20},"end":{"line":6,"column":30}},"3":{"start":{"line":8,"column":17},"end":{"line":14,"column":4}},"4":{"start":{"line":8,"column":38},"end":{"line":14,"column":3}},"5":{"start":{"line":16,"column":15},"end":{"line":24,"column":3}},"6":{"start":{"line":17,"column":20},"end":{"line":17,"column":72}},"7":{"start":{"line":19,"column":4},"end":{"line":23,"column":7}},"8":{"start":{"line":20,"column":6},"end":{"line":22,"column":16}},"9":{"start":{"line":21,"column":8},"end":{"line":21,"column":25}},"10":{"start":{"line":26,"column":17},"end":{"line":31,"column":3}},"11":{"start":{"line":27,"column":20},"end":{"line":27,"column":75}},"12":{"start":{"line":28,"column":4},"end":{"line":30,"column":7}},"13":{"start":{"line":29,"column":6},"end":{"line":29,"column":48}},"14":{"start":{"line":29,"column":23},"end":{"line":29,"column":39}}},"fnMap":{"0":{"name":"(anonymous_0)","decl":{"start":{"line":6,"column":14},"end":{"line":6,"column":15}},"loc":{"start":{"line":6,"column":20},"end":{"line":6,"column":30}},"line":6},"1":{"name":"(anonymous_1)","decl":{"start":{"line":8,"column":17},"end":{"line":8,"column":18}},"loc":{"start":{"line":8,"column":38},"end":{"line":14,"column":3}},"line":8},"2":{"name":"(anonymous_2)","decl":{"start":{"line":16,"column":15},"end":{"line":16,"column":16}},"loc":{"start":{"line":16,"column":36},"end":{"line":24,"column":3}},"line":16},"3":{"name":"(anonymous_3)","decl":{"start":{"line":19,"column":23},"end":{"line":19,"column":24}},"loc":{"start":{"line":19,"column":36},"end":{"line":23,"column":5}},"line":19},"4":{"name":"(anonymous_4)","decl":{"start":{"line":20,"column":17},"end":{"line":20,"column":18}},"loc":{"start":{"line":20,"column":23},"end":{"line":22,"column":7}},"line":20},"5":{"name":"(anonymous_5)","decl":{"start":{"line":26,"column":17},"end":{"line":26,"column":18}},"loc":{"start":{"line":26,"column":34},"end":{"line":31,"column":3}},"line":26},"6":{"name":"(anonymous_6)","decl":{"start":{"line":28,"column":23},"end":{"line":28,"column":24}},"loc":{"start":{"line":28,"column":36},"end":{"line":30,"column":5}},"line":28},"7":{"name":"(anonymous_7)","decl":{"start":{"line":29,"column":17},"end":{"line":29,"column":18}},"loc":{"start":{"line":29,"column":23},"end":{"line":29,"column":39}},"line":29}},"branchMap":{"0":{"loc":{"start":{"line":3,"column":14},"end":{"line":3,"column":55}},"type":"cond-expr","locations":[{"start":{"line":3,"column":48},"end":{"line":3,"column":49}},{"start":{"line":3,"column":52},"end":{"line":3,"column":55}}],"line":3},"1":{"loc":{"start":{"line":8,"column":18},"end":{"line":8,"column":32}},"type":"default-arg","locations":[{"start":{"line":8,"column":30},"end":{"line":8,"column":32}}],"line":8},"2":{"loc":{"start":{"line":16,"column":16},"end":{"line":16,"column":31}},"type":"default-arg","locations":[{"start":{"line":16,"column":26},"end":{"line":16,"column":31}}],"line":16},"3":{"loc":{"start":{"line":17,"column":53},"end":{"line":17,"column":69}},"type":"cond-expr","locations":[{"start":{"line":17,"column":63},"end":{"line":17,"column":64}},{"start":{"line":17,"column":67},"end":{"line":17,"column":69}}],"line":17},"4":{"loc":{"start":{"line":26,"column":18},"end":{"line":26,"column":29}},"type":"default-arg","locations":[{"start":{"line":26,"column":25},"end":{"line":26,"column":29}}],"line":26},"5":{"loc":{"start":{"line":27,"column":47},"end":{"line":27,"column":72}},"type":"cond-expr","locations":[{"start":{"line":27,"column":54},"end":{"line":27,"column":60}},{"start":{"line":27,"column":63},"end":{"line":27,"column":72}}],"line":27}},"s":{"0":2,"1":6,"2":0,"3":6,"4":6,"5":6,"6":2,"7":2,"8":2,"9":0,"10":6,"11":4,"12":4,"13":4,"14":0},"f":{"0":0,"1":6,"2":2,"3":2,"4":0,"5":4,"6":4,"7":0},"b":{"0":[2,0],"1":[0],"2":[0],"3":[2,0],"4":[0],"5":[4,0]},"_coverageSchema":"1a1c01bbd47fc00a2c39e90264f33305004495a9","hash":"de10e709b221edfc3e4e46054ac5c36ab748fdd6"}
,"/Users/sasha/code/gms-js/src/js/api/Strike.js": {"path":"/Users/sasha/code/gms-js/src/js/api/Strike.js","statementMap":{"0":{"start":{"line":5,"column":14},"end":{"line":5,"column":58}},"1":{"start":{"line":5,"column":20},"end":{"line":5,"column":58}},"2":{"start":{"line":7,"column":15},"end":{"line":27,"column":3}},"3":{"start":{"line":8,"column":34},"end":{"line":8,"column":46}},"4":{"start":{"line":10,"column":17},"end":{"line":17,"column":5}},"5":{"start":{"line":19,"column":21},"end":{"line":19,"column":74}},"6":{"start":{"line":21,"column":4},"end":{"line":26,"column":7}},"7":{"start":{"line":29,"column":17},"end":{"line":44,"column":3}},"8":{"start":{"line":30,"column":21},"end":{"line":32,"column":5}},"9":{"start":{"line":34,"column":37},"end":{"line":34,"column":41}},"10":{"start":{"line":35,"column":24},"end":{"line":35,"column":67}},"11":{"start":{"line":37,"column":6},"end":{"line":37,"column":72}},"12":{"start":{"line":39,"column":4},"end":{"line":43,"column":7}}},"fnMap":{"0":{"name":"(anonymous_0)","decl":{"start":{"line":5,"column":14},"end":{"line":5,"column":15}},"loc":{"start":{"line":5,"column":20},"end":{"line":5,"column":58}},"line":5},"1":{"name":"(anonymous_1)","decl":{"start":{"line":7,"column":15},"end":{"line":7,"column":16}},"loc":{"start":{"line":7,"column":47},"end":{"line":27,"column":3}},"line":7},"2":{"name":"(anonymous_2)","decl":{"start":{"line":29,"column":17},"end":{"line":29,"column":18}},"loc":{"start":{"line":29,"column":36},"end":{"line":44,"column":3}},"line":29}},"branchMap":{"0":{"loc":{"start":{"line":37,"column":6},"end":{"line":37,"column":72}},"type":"cond-expr","locations":[{"start":{"line":37,"column":26},"end":{"line":37,"column":32}},{"start":{"line":37,"column":35},"end":{"line":37,"column":72}}],"line":37},"1":{"loc":{"start":{"line":37,"column":35},"end":{"line":37,"column":72}},"type":"cond-expr","locations":[{"start":{"line":37,"column":54},"end":{"line":37,"column":63}},{"start":{"line":37,"column":66},"end":{"line":37,"column":72}}],"line":37}},"s":{"0":0,"1":0,"2":0,"3":0,"4":0,"5":0,"6":0,"7":0,"8":0,"9":0,"10":0,"11":0,"12":0},"f":{"0":0,"1":0,"2":0},"b":{"0":[0,0],"1":[0,0]},"_coverageSchema":"1a1c01bbd47fc00a2c39e90264f33305004495a9","hash":"fb875e57c68fd5f16f616f59dbbcbdda25f6c8d1"}
,"/Users/sasha/code/gms-js/src/js/api/base.js": {"path":"/Users/sasha/code/gms-js/src/js/api/base.js","statementMap":{"0":{"start":{"line":2,"column":32},"end":{"line":2,"column":33}},"1":{"start":{"line":4,"column":10},"end":{"line":4,"column":60}},"2":{"start":{"line":4,"column":23},"end":{"line":4,"column":60}},"3":{"start":{"line":6,"column":13},"end":{"line":8,"column":3}},"4":{"start":{"line":7,"column":4},"end":{"line":7,"column":29}},"5":{"start":{"line":10,"column":14},"end":{"line":12,"column":3}},"6":{"start":{"line":11,"column":4},"end":{"line":11,"column":24}},"7":{"start":{"line":14,"column":14},"end":{"line":17,"column":3}},"8":{"start":{"line":15,"column":4},"end":{"line":15,"column":37}},"9":{"start":{"line":16,"column":4},"end":{"line":16,"column":14}},"10":{"start":{"line":19,"column":20},"end":{"line":23,"column":3}},"11":{"start":{"line":20,"column":4},"end":{"line":22,"column":6}},"12":{"start":{"line":26,"column":15},"end":{"line":29,"column":3}},"13":{"start":{"line":27,"column":4},"end":{"line":27,"column":39}},"14":{"start":{"line":28,"column":4},"end":{"line":28,"column":44}},"15":{"start":{"line":32,"column":20},"end":{"line":35,"column":3}},"16":{"start":{"line":33,"column":4},"end":{"line":33,"column":44}},"17":{"start":{"line":34,"column":4},"end":{"line":34,"column":44}}},"fnMap":{"0":{"name":"(anonymous_0)","decl":{"start":{"line":4,"column":10},"end":{"line":4,"column":11}},"loc":{"start":{"line":4,"column":23},"end":{"line":4,"column":60}},"line":4},"1":{"name":"(anonymous_1)","decl":{"start":{"line":6,"column":13},"end":{"line":6,"column":14}},"loc":{"start":{"line":6,"column":19},"end":{"line":8,"column":3}},"line":6},"2":{"name":"(anonymous_2)","decl":{"start":{"line":10,"column":14},"end":{"line":10,"column":15}},"loc":{"start":{"line":10,"column":20},"end":{"line":12,"column":3}},"line":10},"3":{"name":"(anonymous_3)","decl":{"start":{"line":14,"column":14},"end":{"line":14,"column":15}},"loc":{"start":{"line":14,"column":20},"end":{"line":17,"column":3}},"line":14},"4":{"name":"(anonymous_4)","decl":{"start":{"line":19,"column":20},"end":{"line":19,"column":21}},"loc":{"start":{"line":19,"column":36},"end":{"line":23,"column":3}},"line":19},"5":{"name":"(anonymous_5)","decl":{"start":{"line":26,"column":15},"end":{"line":26,"column":16}},"loc":{"start":{"line":26,"column":30},"end":{"line":29,"column":3}},"line":26},"6":{"name":"(anonymous_6)","decl":{"start":{"line":32,"column":20},"end":{"line":32,"column":21}},"loc":{"start":{"line":32,"column":35},"end":{"line":35,"column":3}},"line":32}},"branchMap":{"0":{"loc":{"start":{"line":26,"column":16},"end":{"line":26,"column":25}},"type":"default-arg","locations":[{"start":{"line":26,"column":23},"end":{"line":26,"column":25}}],"line":26},"1":{"loc":{"start":{"line":32,"column":21},"end":{"line":32,"column":30}},"type":"default-arg","locations":[{"start":{"line":32,"column":28},"end":{"line":32,"column":30}}],"line":32}},"s":{"0":2,"1":6,"2":0,"3":6,"4":0,"5":6,"6":0,"7":6,"8":0,"9":0,"10":6,"11":0,"12":6,"13":0,"14":0,"15":6,"16":0,"17":0},"f":{"0":0,"1":0,"2":0,"3":0,"4":0,"5":0,"6":0},"b":{"0":[0],"1":[0]},"_coverageSchema":"1a1c01bbd47fc00a2c39e90264f33305004495a9","hash":"18f39f2fa472e32da62a4f45475266c05475dec7"}
,"/Users/sasha/code/gms-js/src/js/api/index.js": {"path":"/Users/sasha/code/gms-js/src/js/api/index.js","statementMap":{"0":{"start":{"line":4,"column":13},"end":{"line":7,"column":1}},"1":{"start":{"line":9,"column":12},"end":{"line":16,"column":1}},"2":{"start":{"line":10,"column":19},"end":{"line":10,"column":32}},"3":{"start":{"line":11,"column":2},"end":{"line":13,"column":3}},"4":{"start":{"line":12,"column":4},"end":{"line":12,"column":68}},"5":{"start":{"line":15,"column":2},"end":{"line":15,"column":24}}},"fnMap":{"0":{"name":"(anonymous_0)","decl":{"start":{"line":9,"column":12},"end":{"line":9,"column":13}},"loc":{"start":{"line":9,"column":48},"end":{"line":16,"column":1}},"line":9}},"branchMap":{"0":{"loc":{"start":{"line":9,"column":13},"end":{"line":9,"column":43}},"type":"default-arg","locations":[{"start":{"line":9,"column":23},"end":{"line":9,"column":43}}],"line":9},"1":{"loc":{"start":{"line":11,"column":2},"end":{"line":13,"column":3}},"type":"if","locations":[{"start":{"line":11,"column":2},"end":{"line":13,"column":3}},{"start":{},"end":{}}],"line":11}},"s":{"0":2,"1":2,"2":6,"3":6,"4":0,"5":6},"f":{"0":6},"b":{"0":[0],"1":[0,6]},"_coverageSchema":"1a1c01bbd47fc00a2c39e90264f33305004495a9","hash":"bb617672526efaa90a36df5264140c666d1cc78b"}
,"/Users/sasha/code/gms-js/src/js/cards/AmountInput.js": {"path":"/Users/sasha/code/gms-js/src/js/cards/AmountInput.js","statementMap":{"0":{"start":{"line":3,"column":20},"end":{"line":78,"column":1}},"1":{"start":{"line":4,"column":45},"end":{"line":4,"column":57}},"2":{"start":{"line":5,"column":17},"end":{"line":5,"column":56}},"3":{"start":{"line":7,"column":18},"end":{"line":7,"column":74}},"4":{"start":{"line":7,"column":55},"end":{"line":7,"column":73}},"5":{"start":{"line":8,"column":2},"end":{"line":12,"column":3}},"6":{"start":{"line":9,"column":4},"end":{"line":11,"column":6}},"7":{"start":{"line":14,"column":2},"end":{"line":18,"column":3}},"8":{"start":{"line":15,"column":4},"end":{"line":17,"column":6}},"9":{"start":{"line":20,"column":22},"end":{"line":35,"column":5}},"10":{"start":{"line":37,"column":28},"end":{"line":54,"column":3}},"11":{"start":{"line":38,"column":18},"end":{"line":38,"column":68}},"12":{"start":{"line":39,"column":4},"end":{"line":53,"column":6}},"13":{"start":{"line":44,"column":10},"end":{"line":47,"column":12}},"14":{"start":{"line":51,"column":23},"end":{"line":51,"column":34}},"15":{"start":{"line":56,"column":37},"end":{"line":60,"column":3}},"16":{"start":{"line":61,"column":16},"end":{"line":61,"column":66}},"17":{"start":{"line":63,"column":25},"end":{"line":74,"column":3}},"18":{"start":{"line":64,"column":23},"end":{"line":64,"column":28}},"19":{"start":{"line":66,"column":20},"end":{"line":66,"column":55}},"20":{"start":{"line":68,"column":4},"end":{"line":70,"column":5}},"21":{"start":{"line":69,"column":6},"end":{"line":69,"column":29}},"22":{"start":{"line":72,"column":20},"end":{"line":72,"column":39}},"23":{"start":{"line":73,"column":4},"end":{"line":73,"column":50}},"24":{"start":{"line":76,"column":2},"end":{"line":76,"column":33}},"25":{"start":{"line":77,"column":2},"end":{"line":77,"column":17}}},"fnMap":{"0":{"name":"(anonymous_0)","decl":{"start":{"line":3,"column":20},"end":{"line":3,"column":21}},"loc":{"start":{"line":3,"column":26},"end":{"line":78,"column":1}},"line":3},"1":{"name":"(anonymous_1)","decl":{"start":{"line":7,"column":46},"end":{"line":7,"column":47}},"loc":{"start":{"line":7,"column":55},"end":{"line":7,"column":73}},"line":7},"2":{"name":"(anonymous_2)","decl":{"start":{"line":37,"column":28},"end":{"line":37,"column":29}},"loc":{"start":{"line":37,"column":42},"end":{"line":54,"column":3}},"line":37},"3":{"name":"(anonymous_3)","decl":{"start":{"line":43,"column":17},"end":{"line":43,"column":18}},"loc":{"start":{"line":44,"column":10},"end":{"line":47,"column":12}},"line":44},"4":{"name":"(anonymous_4)","decl":{"start":{"line":51,"column":17},"end":{"line":51,"column":18}},"loc":{"start":{"line":51,"column":23},"end":{"line":51,"column":34}},"line":51},"5":{"name":"(anonymous_5)","decl":{"start":{"line":63,"column":25},"end":{"line":63,"column":26}},"loc":{"start":{"line":63,"column":36},"end":{"line":74,"column":3}},"line":63}},"branchMap":{"0":{"loc":{"start":{"line":5,"column":17},"end":{"line":5,"column":56}},"type":"binary-expr","locations":[{"start":{"line":5,"column":17},"end":{"line":5,"column":33}},{"start":{"line":5,"column":37},"end":{"line":5,"column":56}}],"line":5},"1":{"loc":{"start":{"line":8,"column":2},"end":{"line":12,"column":3}},"type":"if","locations":[{"start":{"line":8,"column":2},"end":{"line":12,"column":3}},{"start":{},"end":{}}],"line":8},"2":{"loc":{"start":{"line":14,"column":2},"end":{"line":18,"column":3}},"type":"if","locations":[{"start":{"line":14,"column":2},"end":{"line":18,"column":3}},{"start":{},"end":{}}],"line":14},"3":{"loc":{"start":{"line":14,"column":6},"end":{"line":14,"column":30}},"type":"binary-expr","locations":[{"start":{"line":14,"column":6},"end":{"line":14,"column":19}},{"start":{"line":14,"column":23},"end":{"line":14,"column":30}}],"line":14},"4":{"loc":{"start":{"line":21,"column":12},"end":{"line":21,"column":71}},"type":"cond-expr","locations":[{"start":{"line":21,"column":28},"end":{"line":21,"column":51}},{"start":{"line":21,"column":54},"end":{"line":21,"column":71}}],"line":21},"5":{"loc":{"start":{"line":23,"column":8},"end":{"line":33,"column":15}},"type":"cond-expr","locations":[{"start":{"line":24,"column":12},"end":{"line":24,"column":14}},{"start":{"line":25,"column":12},"end":{"line":33,"column":15}}],"line":23},"6":{"loc":{"start":{"line":57,"column":15},"end":{"line":57,"column":32}},"type":"binary-expr","locations":[{"start":{"line":57,"column":15},"end":{"line":57,"column":26}},{"start":{"line":57,"column":30},"end":{"line":57,"column":32}}],"line":57},"7":{"loc":{"start":{"line":68,"column":4},"end":{"line":70,"column":5}},"type":"if","locations":[{"start":{"line":68,"column":4},"end":{"line":70,"column":5}},{"start":{},"end":{}}],"line":68}},"s":{"0":2,"1":5,"2":5,"3":5,"4":10,"5":5,"6":1,"7":4,"8":0,"9":4,"10":4,"11":4,"12":4,"13":2,"14":0,"15":4,"16":4,"17":4,"18":4,"19":4,"20":4,"21":4,"22":4,"23":4,"24":4,"25":4},"f":{"0":5,"1":10,"2":4,"3":2,"4":0,"5":4},"b":{"0":[5,4],"1":[1,4],"2":[0,4],"3":[4,0],"4":[0,4],"5":[0,4],"6":[4,4],"7":[4,0]},"_coverageSchema":"1a1c01bbd47fc00a2c39e90264f33305004495a9","hash":"9e77c90181f9d24c002f0dccce0988a2b1a867fc"}
,"/Users/sasha/code/gms-js/src/js/cards/ErrorCard.js": {"path":"/Users/sasha/code/gms-js/src/js/cards/ErrorCard.js","statementMap":{"0":{"start":{"line":3,"column":18},"end":{"line":20,"column":1}},"1":{"start":{"line":4,"column":22},"end":{"line":17,"column":3}},"2":{"start":{"line":8,"column":10},"end":{"line":16,"column":5}},"3":{"start":{"line":13,"column":10},"end":{"line":13,"column":22}},"4":{"start":{"line":19,"column":2},"end":{"line":19,"column":17}}},"fnMap":{"0":{"name":"(anonymous_0)","decl":{"start":{"line":3,"column":18},"end":{"line":3,"column":19}},"loc":{"start":{"line":3,"column":24},"end":{"line":20,"column":1}},"line":3},"1":{"name":"(anonymous_1)","decl":{"start":{"line":8,"column":4},"end":{"line":8,"column":5}},"loc":{"start":{"line":8,"column":10},"end":{"line":16,"column":5}},"line":8},"2":{"name":"(anonymous_2)","decl":{"start":{"line":12,"column":17},"end":{"line":12,"column":18}},"loc":{"start":{"line":12,"column":23},"end":{"line":14,"column":9}},"line":12}},"branchMap":{},"s":{"0":2,"1":2,"2":2,"3":0,"4":2},"f":{"0":2,"1":2,"2":0},"b":{},"_coverageSchema":"1a1c01bbd47fc00a2c39e90264f33305004495a9","hash":"0c7b0dd7c3fdab76666ee28e6836a57ae0eeb632"}
,"/Users/sasha/code/gms-js/src/js/cards/Invoice.js": {"path":"/Users/sasha/code/gms-js/src/js/cards/Invoice.js","statementMap":{"0":{"start":{"line":7,"column":16},"end":{"line":100,"column":1}},"1":{"start":{"line":8,"column":30},"end":{"line":8,"column":42}},"2":{"start":{"line":9,"column":70},"end":{"line":9,"column":79}},"3":{"start":{"line":10,"column":20},"end":{"line":10,"column":54}},"4":{"start":{"line":11,"column":17},"end":{"line":13,"column":15}},"5":{"start":{"line":15,"column":15},"end":{"line":15,"column":72}},"6":{"start":{"line":17,"column":18},"end":{"line":17,"column":49}},"7":{"start":{"line":19,"column":37},"end":{"line":19,"column":44}},"8":{"start":{"line":20,"column":2},"end":{"line":20,"column":40}},"9":{"start":{"line":22,"column":18},"end":{"line":22,"column":57}},"10":{"start":{"line":25,"column":24},"end":{"line":25,"column":33}},"11":{"start":{"line":27,"column":24},"end":{"line":31,"column":3}},"12":{"start":{"line":33,"column":22},"end":{"line":45,"column":3}},"13":{"start":{"line":47,"column":28},"end":{"line":73,"column":3}},"14":{"start":{"line":47,"column":34},"end":{"line":73,"column":3}},"15":{"start":{"line":51,"column":12},"end":{"line":63,"column":13}},"16":{"start":{"line":64,"column":16},"end":{"line":64,"column":60}},"17":{"start":{"line":69,"column":8},"end":{"line":69,"column":69}},"18":{"start":{"line":75,"column":28},"end":{"line":79,"column":3}},"19":{"start":{"line":81,"column":17},"end":{"line":81,"column":55}},"20":{"start":{"line":83,"column":2},"end":{"line":97,"column":3}},"21":{"start":{"line":84,"column":4},"end":{"line":89,"column":7}},"22":{"start":{"line":85,"column":6},"end":{"line":88,"column":7}},"23":{"start":{"line":86,"column":8},"end":{"line":86,"column":29}},"24":{"start":{"line":87,"column":8},"end":{"line":87,"column":60}},"25":{"start":{"line":92,"column":4},"end":{"line":96,"column":5}},"26":{"start":{"line":93,"column":6},"end":{"line":95,"column":8}},"27":{"start":{"line":94,"column":8},"end":{"line":94,"column":43}},"28":{"start":{"line":99,"column":2},"end":{"line":99,"column":17}}},"fnMap":{"0":{"name":"(anonymous_0)","decl":{"start":{"line":7,"column":16},"end":{"line":7,"column":17}},"loc":{"start":{"line":7,"column":22},"end":{"line":100,"column":1}},"line":7},"1":{"name":"(anonymous_1)","decl":{"start":{"line":47,"column":28},"end":{"line":47,"column":29}},"loc":{"start":{"line":47,"column":34},"end":{"line":73,"column":3}},"line":47},"2":{"name":"(anonymous_2)","decl":{"start":{"line":50,"column":10},"end":{"line":50,"column":11}},"loc":{"start":{"line":51,"column":12},"end":{"line":63,"column":13}},"line":51},"3":{"name":"(anonymous_3)","decl":{"start":{"line":64,"column":10},"end":{"line":64,"column":11}},"loc":{"start":{"line":64,"column":16},"end":{"line":64,"column":60}},"line":64},"4":{"name":"(anonymous_4)","decl":{"start":{"line":68,"column":15},"end":{"line":68,"column":16}},"loc":{"start":{"line":68,"column":21},"end":{"line":70,"column":7}},"line":68},"5":{"name":"(anonymous_5)","decl":{"start":{"line":84,"column":51},"end":{"line":84,"column":52}},"loc":{"start":{"line":84,"column":68},"end":{"line":89,"column":5}},"line":84},"6":{"name":"(anonymous_6)","decl":{"start":{"line":93,"column":23},"end":{"line":93,"column":24}},"loc":{"start":{"line":93,"column":29},"end":{"line":95,"column":7}},"line":93}},"branchMap":{"0":{"loc":{"start":{"line":10,"column":20},"end":{"line":10,"column":54}},"type":"binary-expr","locations":[{"start":{"line":10,"column":20},"end":{"line":10,"column":31}},{"start":{"line":10,"column":35},"end":{"line":10,"column":54}}],"line":10},"1":{"loc":{"start":{"line":11,"column":17},"end":{"line":13,"column":15}},"type":"cond-expr","locations":[{"start":{"line":12,"column":6},"end":{"line":12,"column":44}},{"start":{"line":13,"column":6},"end":{"line":13,"column":15}}],"line":11},"2":{"loc":{"start":{"line":15,"column":15},"end":{"line":15,"column":72}},"type":"cond-expr","locations":[{"start":{"line":15,"column":28},"end":{"line":15,"column":39}},{"start":{"line":15,"column":42},"end":{"line":15,"column":72}}],"line":15},"3":{"loc":{"start":{"line":15,"column":42},"end":{"line":15,"column":72}},"type":"binary-expr","locations":[{"start":{"line":15,"column":42},"end":{"line":15,"column":51}},{"start":{"line":15,"column":55},"end":{"line":15,"column":72}}],"line":15},"4":{"loc":{"start":{"line":17,"column":18},"end":{"line":17,"column":49}},"type":"binary-expr","locations":[{"start":{"line":17,"column":18},"end":{"line":17,"column":28}},{"start":{"line":17,"column":32},"end":{"line":17,"column":49}}],"line":17},"5":{"loc":{"start":{"line":22,"column":18},"end":{"line":22,"column":57}},"type":"binary-expr","locations":[{"start":{"line":22,"column":18},"end":{"line":22,"column":37}},{"start":{"line":22,"column":41},"end":{"line":22,"column":57}}],"line":22},"6":{"loc":{"start":{"line":28,"column":10},"end":{"line":28,"column":61}},"type":"cond-expr","locations":[{"start":{"line":28,"column":23},"end":{"line":28,"column":41}},{"start":{"line":28,"column":44},"end":{"line":28,"column":61}}],"line":28},"7":{"loc":{"start":{"line":28,"column":44},"end":{"line":28,"column":61}},"type":"binary-expr","locations":[{"start":{"line":28,"column":44},"end":{"line":28,"column":55}},{"start":{"line":28,"column":59},"end":{"line":28,"column":61}}],"line":28},"8":{"loc":{"start":{"line":42,"column":8},"end":{"line":42,"column":77}},"type":"cond-expr","locations":[{"start":{"line":42,"column":18},"end":{"line":42,"column":55}},{"start":{"line":42,"column":58},"end":{"line":42,"column":77}}],"line":42},"9":{"loc":{"start":{"line":44,"column":9},"end":{"line":44,"column":59}},"type":"cond-expr","locations":[{"start":{"line":44,"column":19},"end":{"line":44,"column":28}},{"start":{"line":44,"column":31},"end":{"line":44,"column":59}}],"line":44},"10":{"loc":{"start":{"line":49,"column":15},"end":{"line":64,"column":60}},"type":"cond-expr","locations":[{"start":{"line":50,"column":10},"end":{"line":63,"column":13}},{"start":{"line":64,"column":10},"end":{"line":64,"column":60}}],"line":49},"11":{"loc":{"start":{"line":52,"column":14},"end":{"line":62,"column":19}},"type":"cond-expr","locations":[{"start":{"line":53,"column":18},"end":{"line":57,"column":19}},{"start":{"line":58,"column":18},"end":{"line":62,"column":19}}],"line":52},"12":{"loc":{"start":{"line":65,"column":12},"end":{"line":65,"column":40}},"type":"cond-expr","locations":[{"start":{"line":65,"column":22},"end":{"line":65,"column":31}},{"start":{"line":65,"column":34},"end":{"line":65,"column":40}}],"line":65},"13":{"loc":{"start":{"line":83,"column":2},"end":{"line":97,"column":3}},"type":"if","locations":[{"start":{"line":83,"column":2},"end":{"line":97,"column":3}},{"start":{},"end":{}}],"line":83},"14":{"loc":{"start":{"line":85,"column":6},"end":{"line":88,"column":7}},"type":"if","locations":[{"start":{"line":85,"column":6},"end":{"line":88,"column":7}},{"start":{},"end":{}}],"line":85},"15":{"loc":{"start":{"line":92,"column":4},"end":{"line":96,"column":5}},"type":"if","locations":[{"start":{"line":92,"column":4},"end":{"line":96,"column":5}},{"start":{},"end":{}}],"line":92}},"s":{"0":2,"1":5,"2":5,"3":5,"4":5,"5":5,"6":5,"7":5,"8":4,"9":4,"10":4,"11":4,"12":4,"13":4,"14":4,"15":0,"16":0,"17":0,"18":4,"19":4,"20":4,"21":3,"22":3,"23":0,"24":0,"25":3,"26":0,"27":0,"28":4},"f":{"0":5,"1":4,"2":0,"3":0,"4":0,"5":3,"6":0},"b":{"0":[5,0],"1":[2,3],"2":[2,3],"3":[3,0],"4":[5,3],"5":[4,3],"6":[2,2],"7":[2,2],"8":[1,3],"9":[1,3],"10":[1,3],"11":[0,0],"12":[1,3],"13":[3,1],"14":[0,3],"15":[0,3]},"_coverageSchema":"1a1c01bbd47fc00a2c39e90264f33305004495a9","hash":"9c4c81738e1323bc1ac23aa770d8fb175dcb7d80"}
,"/Users/sasha/code/gms-js/src/js/cards/Loader.js": {"path":"/Users/sasha/code/gms-js/src/js/cards/Loader.js","statementMap":{"0":{"start":{"line":3,"column":15},"end":{"line":10,"column":1}},"1":{"start":{"line":4,"column":2},"end":{"line":9,"column":4}}},"fnMap":{"0":{"name":"(anonymous_0)","decl":{"start":{"line":3,"column":15},"end":{"line":3,"column":16}},"loc":{"start":{"line":3,"column":21},"end":{"line":10,"column":1}},"line":3}},"branchMap":{},"s":{"0":2,"1":2},"f":{"0":2},"b":{},"_coverageSchema":"1a1c01bbd47fc00a2c39e90264f33305004495a9","hash":"a384d244bdbd6d0f5ed01276ec34c2c3bd059778"}
,"/Users/sasha/code/gms-js/src/js/cards/NoteInput.js": {"path":"/Users/sasha/code/gms-js/src/js/cards/NoteInput.js","statementMap":{"0":{"start":{"line":4,"column":18},"end":{"line":75,"column":1}},"1":{"start":{"line":6,"column":4},"end":{"line":6,"column":16}},"2":{"start":{"line":8,"column":21},"end":{"line":8,"column":30}},"3":{"start":{"line":9,"column":15},"end":{"line":9,"column":50}},"4":{"start":{"line":11,"column":2},"end":{"line":15,"column":3}},"5":{"start":{"line":12,"column":4},"end":{"line":14,"column":6}},"6":{"start":{"line":17,"column":22},"end":{"line":32,"column":5}},"7":{"start":{"line":34,"column":28},"end":{"line":57,"column":3}},"8":{"start":{"line":35,"column":18},"end":{"line":35,"column":58}},"9":{"start":{"line":36,"column":4},"end":{"line":56,"column":6}},"10":{"start":{"line":39,"column":10},"end":{"line":39,"column":67}},"11":{"start":{"line":41,"column":10},"end":{"line":45,"column":13}},"12":{"start":{"line":52,"column":18},"end":{"line":52,"column":29}},"13":{"start":{"line":53,"column":18},"end":{"line":53,"column":60}},"14":{"start":{"line":59,"column":37},"end":{"line":63,"column":3}},"15":{"start":{"line":65,"column":16},"end":{"line":65,"column":56}},"16":{"start":{"line":66,"column":22},"end":{"line":71,"column":3}},"17":{"start":{"line":67,"column":23},"end":{"line":67,"column":28}},"18":{"start":{"line":69,"column":20},"end":{"line":69,"column":39}},"19":{"start":{"line":70,"column":4},"end":{"line":70,"column":44}},"20":{"start":{"line":72,"column":2},"end":{"line":72,"column":30}},"21":{"start":{"line":74,"column":2},"end":{"line":74,"column":17}}},"fnMap":{"0":{"name":"(anonymous_0)","decl":{"start":{"line":4,"column":18},"end":{"line":4,"column":19}},"loc":{"start":{"line":4,"column":24},"end":{"line":75,"column":1}},"line":4},"1":{"name":"(anonymous_1)","decl":{"start":{"line":34,"column":28},"end":{"line":34,"column":29}},"loc":{"start":{"line":34,"column":42},"end":{"line":57,"column":3}},"line":34},"2":{"name":"(anonymous_2)","decl":{"start":{"line":38,"column":17},"end":{"line":38,"column":18}},"loc":{"start":{"line":38,"column":23},"end":{"line":46,"column":9}},"line":38},"3":{"name":"(anonymous_3)","decl":{"start":{"line":52,"column":12},"end":{"line":52,"column":13}},"loc":{"start":{"line":52,"column":18},"end":{"line":52,"column":29}},"line":52},"4":{"name":"(anonymous_4)","decl":{"start":{"line":53,"column":12},"end":{"line":53,"column":13}},"loc":{"start":{"line":53,"column":18},"end":{"line":53,"column":60}},"line":53},"5":{"name":"(anonymous_5)","decl":{"start":{"line":66,"column":22},"end":{"line":66,"column":23}},"loc":{"start":{"line":66,"column":33},"end":{"line":71,"column":3}},"line":66}},"branchMap":{"0":{"loc":{"start":{"line":9,"column":15},"end":{"line":9,"column":50}},"type":"binary-expr","locations":[{"start":{"line":9,"column":15},"end":{"line":9,"column":29}},{"start":{"line":9,"column":33},"end":{"line":9,"column":50}}],"line":9},"1":{"loc":{"start":{"line":11,"column":2},"end":{"line":15,"column":3}},"type":"if","locations":[{"start":{"line":11,"column":2},"end":{"line":15,"column":3}},{"start":{},"end":{}}],"line":11},"2":{"loc":{"start":{"line":11,"column":6},"end":{"line":11,"column":35}},"type":"binary-expr","locations":[{"start":{"line":11,"column":6},"end":{"line":11,"column":18}},{"start":{"line":11,"column":22},"end":{"line":11,"column":35}}],"line":11},"3":{"loc":{"start":{"line":19,"column":6},"end":{"line":30,"column":62}},"type":"cond-expr","locations":[{"start":{"line":20,"column":10},"end":{"line":23,"column":9}},{"start":{"line":24,"column":10},"end":{"line":30,"column":62}}],"line":19},"4":{"loc":{"start":{"line":21,"column":18},"end":{"line":21,"column":29}},"type":"binary-expr","locations":[{"start":{"line":21,"column":18},"end":{"line":21,"column":24}},{"start":{"line":21,"column":28},"end":{"line":21,"column":29}}],"line":21},"5":{"loc":{"start":{"line":27,"column":42},"end":{"line":27,"column":53}},"type":"binary-expr","locations":[{"start":{"line":27,"column":42},"end":{"line":27,"column":48}},{"start":{"line":27,"column":52},"end":{"line":27,"column":53}}],"line":27},"6":{"loc":{"start":{"line":47,"column":18},"end":{"line":47,"column":53}},"type":"binary-expr","locations":[{"start":{"line":47,"column":18},"end":{"line":47,"column":30}},{"start":{"line":47,"column":34},"end":{"line":47,"column":53}}],"line":47},"7":{"loc":{"start":{"line":51,"column":17},"end":{"line":53,"column":60}},"type":"cond-expr","locations":[{"start":{"line":52,"column":12},"end":{"line":52,"column":29}},{"start":{"line":53,"column":12},"end":{"line":53,"column":60}}],"line":51},"8":{"loc":{"start":{"line":54,"column":14},"end":{"line":54,"column":47}},"type":"cond-expr","locations":[{"start":{"line":54,"column":30},"end":{"line":54,"column":38}},{"start":{"line":54,"column":41},"end":{"line":54,"column":47}}],"line":54},"9":{"loc":{"start":{"line":60,"column":15},"end":{"line":60,"column":32}},"type":"binary-expr","locations":[{"start":{"line":60,"column":15},"end":{"line":60,"column":26}},{"start":{"line":60,"column":30},"end":{"line":60,"column":32}}],"line":60}},"s":{"0":2,"1":4,"2":4,"3":4,"4":4,"5":0,"6":4,"7":4,"8":4,"9":4,"10":1,"11":1,"12":0,"13":1,"14":4,"15":4,"16":4,"17":9,"18":9,"19":9,"20":4,"21":4},"f":{"0":4,"1":4,"2":1,"3":0,"4":1,"5":9},"b":{"0":[4,4],"1":[0,4],"2":[4,0],"3":[0,4],"4":[0,0],"5":[4,0],"6":[4,0],"7":[0,4],"8":[0,4],"9":[4,4]},"_coverageSchema":"1a1c01bbd47fc00a2c39e90264f33305004495a9","hash":"eec0fe5e80620a1468ca837a8e8d3414a498bd63"}
,"/Users/sasha/code/gms-js/src/js/cards/Paid.js": {"path":"/Users/sasha/code/gms-js/src/js/cards/Paid.js","statementMap":{"0":{"start":{"line":4,"column":13},"end":{"line":43,"column":1}},"1":{"start":{"line":5,"column":22},"end":{"line":40,"column":3}},"2":{"start":{"line":20,"column":10},"end":{"line":39,"column":5}},"3":{"start":{"line":25,"column":32},"end":{"line":25,"column":71}},"4":{"start":{"line":26,"column":14},"end":{"line":26,"column":79}},"5":{"start":{"line":27,"column":14},"end":{"line":31,"column":17}},"6":{"start":{"line":37,"column":23},"end":{"line":37,"column":34}},"7":{"start":{"line":42,"column":2},"end":{"line":42,"column":17}}},"fnMap":{"0":{"name":"(anonymous_0)","decl":{"start":{"line":4,"column":13},"end":{"line":4,"column":14}},"loc":{"start":{"line":4,"column":19},"end":{"line":43,"column":1}},"line":4},"1":{"name":"(anonymous_1)","decl":{"start":{"line":20,"column":4},"end":{"line":20,"column":5}},"loc":{"start":{"line":20,"column":10},"end":{"line":39,"column":5}},"line":20},"2":{"name":"(anonymous_2)","decl":{"start":{"line":24,"column":21},"end":{"line":24,"column":22}},"loc":{"start":{"line":24,"column":27},"end":{"line":32,"column":13}},"line":24},"3":{"name":"(anonymous_3)","decl":{"start":{"line":37,"column":17},"end":{"line":37,"column":18}},"loc":{"start":{"line":37,"column":23},"end":{"line":37,"column":34}},"line":37}},"branchMap":{"0":{"loc":{"start":{"line":6,"column":11},"end":{"line":6,"column":64}},"type":"cond-expr","locations":[{"start":{"line":6,"column":34},"end":{"line":6,"column":46}},{"start":{"line":6,"column":49},"end":{"line":6,"column":64}}],"line":6},"1":{"loc":{"start":{"line":7,"column":13},"end":{"line":7,"column":52}},"type":"binary-expr","locations":[{"start":{"line":7,"column":13},"end":{"line":7,"column":32}},{"start":{"line":7,"column":36},"end":{"line":7,"column":52}}],"line":7},"2":{"loc":{"start":{"line":21,"column":6},"end":{"line":34,"column":19}},"type":"cond-expr","locations":[{"start":{"line":22,"column":10},"end":{"line":33,"column":11}},{"start":{"line":34,"column":10},"end":{"line":34,"column":19}}],"line":21},"3":{"loc":{"start":{"line":21,"column":6},"end":{"line":21,"column":54}},"type":"binary-expr","locations":[{"start":{"line":21,"column":6},"end":{"line":21,"column":29}},{"start":{"line":21,"column":33},"end":{"line":21,"column":54}}],"line":21}},"s":{"0":2,"1":2,"2":2,"3":1,"4":1,"5":1,"6":0,"7":2},"f":{"0":2,"1":2,"2":1,"3":0},"b":{"0":[0,2],"1":[2,2],"2":[1,1],"3":[2,1]},"_coverageSchema":"1a1c01bbd47fc00a2c39e90264f33305004495a9","hash":"084c87cef1ccd7080b87d72ad587cfc146a428e1"}
,"/Users/sasha/code/gms-js/src/js/helpers/InvoiceHelper.js": {"path":"/Users/sasha/code/gms-js/src/js/helpers/InvoiceHelper.js","statementMap":{"0":{"start":{"line":2,"column":15},"end":{"line":2,"column":43}},"1":{"start":{"line":2,"column":21},"end":{"line":2,"column":43}},"2":{"start":{"line":4,"column":13},"end":{"line":4,"column":65}},"3":{"start":{"line":4,"column":19},"end":{"line":4,"column":65}},"4":{"start":{"line":6,"column":20},"end":{"line":6,"column":63}},"5":{"start":{"line":6,"column":27},"end":{"line":6,"column":62}},"6":{"start":{"line":8,"column":23},"end":{"line":30,"column":1}},"7":{"start":{"line":9,"column":2},"end":{"line":11,"column":3}},"8":{"start":{"line":10,"column":4},"end":{"line":10,"column":11}},"9":{"start":{"line":13,"column":2},"end":{"line":29,"column":7}},"10":{"start":{"line":16,"column":6},"end":{"line":28,"column":7}},"11":{"start":{"line":17,"column":8},"end":{"line":20,"column":11}},"12":{"start":{"line":22,"column":8},"end":{"line":24,"column":11}},"13":{"start":{"line":25,"column":8},"end":{"line":27,"column":17}},"14":{"start":{"line":26,"column":10},"end":{"line":26,"column":34}},"15":{"start":{"line":32,"column":26},"end":{"line":42,"column":1}},"16":{"start":{"line":33,"column":14},"end":{"line":33,"column":20}},"17":{"start":{"line":34,"column":17},"end":{"line":34,"column":37}},"18":{"start":{"line":35,"column":2},"end":{"line":41,"column":5}},"19":{"start":{"line":36,"column":4},"end":{"line":39,"column":7}},"20":{"start":{"line":40,"column":4},"end":{"line":40,"column":28}},"21":{"start":{"line":46,"column":0},"end":{"line":46,"column":46}},"22":{"start":{"line":47,"column":0},"end":{"line":47,"column":52}}},"fnMap":{"0":{"name":"(anonymous_0)","decl":{"start":{"line":2,"column":15},"end":{"line":2,"column":16}},"loc":{"start":{"line":2,"column":21},"end":{"line":2,"column":43}},"line":2},"1":{"name":"(anonymous_1)","decl":{"start":{"line":4,"column":13},"end":{"line":4,"column":14}},"loc":{"start":{"line":4,"column":19},"end":{"line":4,"column":65}},"line":4},"2":{"name":"(anonymous_2)","decl":{"start":{"line":6,"column":20},"end":{"line":6,"column":21}},"loc":{"start":{"line":6,"column":27},"end":{"line":6,"column":62}},"line":6},"3":{"name":"(anonymous_3)","decl":{"start":{"line":8,"column":23},"end":{"line":8,"column":24}},"loc":{"start":{"line":8,"column":36},"end":{"line":30,"column":1}},"line":8},"4":{"name":"(anonymous_4)","decl":{"start":{"line":15,"column":10},"end":{"line":15,"column":11}},"loc":{"start":{"line":15,"column":23},"end":{"line":29,"column":5}},"line":15},"5":{"name":"(anonymous_5)","decl":{"start":{"line":25,"column":19},"end":{"line":25,"column":20}},"loc":{"start":{"line":25,"column":25},"end":{"line":27,"column":9}},"line":25},"6":{"name":"(anonymous_6)","decl":{"start":{"line":32,"column":26},"end":{"line":32,"column":27}},"loc":{"start":{"line":32,"column":36},"end":{"line":42,"column":1}},"line":32},"7":{"name":"(anonymous_7)","decl":{"start":{"line":35,"column":14},"end":{"line":35,"column":15}},"loc":{"start":{"line":35,"column":27},"end":{"line":41,"column":3}},"line":35}},"branchMap":{"0":{"loc":{"start":{"line":4,"column":27},"end":{"line":4,"column":64}},"type":"cond-expr","locations":[{"start":{"line":4,"column":38},"end":{"line":4,"column":52}},{"start":{"line":4,"column":55},"end":{"line":4,"column":64}}],"line":4},"1":{"loc":{"start":{"line":6,"column":27},"end":{"line":6,"column":62}},"type":"cond-expr","locations":[{"start":{"line":6,"column":38},"end":{"line":6,"column":50}},{"start":{"line":6,"column":53},"end":{"line":6,"column":62}}],"line":6},"2":{"loc":{"start":{"line":9,"column":2},"end":{"line":11,"column":3}},"type":"if","locations":[{"start":{"line":9,"column":2},"end":{"line":11,"column":3}},{"start":{},"end":{}}],"line":9},"3":{"loc":{"start":{"line":16,"column":6},"end":{"line":28,"column":7}},"type":"if","locations":[{"start":{"line":16,"column":6},"end":{"line":28,"column":7}},{"start":{"line":21,"column":13},"end":{"line":28,"column":7}}],"line":16},"4":{"loc":{"start":{"line":37,"column":13},"end":{"line":37,"column":49}},"type":"cond-expr","locations":[{"start":{"line":37,"column":24},"end":{"line":37,"column":37}},{"start":{"line":37,"column":40},"end":{"line":37,"column":49}}],"line":37}},"s":{"0":2,"1":6,"2":2,"3":6,"4":2,"5":0,"6":2,"7":4,"8":0,"9":4,"10":0,"11":0,"12":0,"13":0,"14":0,"15":2,"16":2,"17":2,"18":2,"19":0,"20":0,"21":2,"22":2},"f":{"0":6,"1":6,"2":0,"3":4,"4":0,"5":0,"6":2,"7":0},"b":{"0":[3,3],"1":[0,0],"2":[0,4],"3":[0,0],"4":[0,0]},"_coverageSchema":"1a1c01bbd47fc00a2c39e90264f33305004495a9","hash":"06eaa706dc2efaab03f722fc5aaccfcdfb8865b1"}
,"/Users/sasha/code/gms-js/src/js/helpers/utils.js": {"path":"/Users/sasha/code/gms-js/src/js/helpers/utils.js","statementMap":{"0":{"start":{"line":1,"column":24},"end":{"line":6,"column":1}},"1":{"start":{"line":8,"column":29},"end":{"line":23,"column":1}},"2":{"start":{"line":9,"column":25},"end":{"line":9,"column":70}},"3":{"start":{"line":12,"column":2},"end":{"line":20,"column":3}},"4":{"start":{"line":13,"column":4},"end":{"line":13,"column":42}},"5":{"start":{"line":15,"column":4},"end":{"line":19,"column":6}},"6":{"start":{"line":22,"column":2},"end":{"line":22,"column":24}},"7":{"start":{"line":25,"column":22},"end":{"line":25,"column":71}},"8":{"start":{"line":27,"column":28},"end":{"line":36,"column":1}},"9":{"start":{"line":28,"column":13},"end":{"line":28,"column":29}},"10":{"start":{"line":29,"column":2},"end":{"line":34,"column":3}},"11":{"start":{"line":30,"column":4},"end":{"line":32,"column":5}},"12":{"start":{"line":31,"column":6},"end":{"line":31,"column":18}},"13":{"start":{"line":33,"column":4},"end":{"line":33,"column":27}},"14":{"start":{"line":35,"column":2},"end":{"line":35,"column":15}}},"fnMap":{"0":{"name":"(anonymous_0)","decl":{"start":{"line":8,"column":29},"end":{"line":8,"column":30}},"loc":{"start":{"line":8,"column":42},"end":{"line":23,"column":1}},"line":8},"1":{"name":"(anonymous_1)","decl":{"start":{"line":27,"column":28},"end":{"line":27,"column":29}},"loc":{"start":{"line":27,"column":52},"end":{"line":36,"column":1}},"line":27}},"branchMap":{"0":{"loc":{"start":{"line":9,"column":25},"end":{"line":9,"column":70}},"type":"binary-expr","locations":[{"start":{"line":9,"column":25},"end":{"line":9,"column":62}},{"start":{"line":9,"column":66},"end":{"line":9,"column":70}}],"line":9},"1":{"loc":{"start":{"line":22,"column":9},"end":{"line":22,"column":23}},"type":"binary-expr","locations":[{"start":{"line":22,"column":9},"end":{"line":22,"column":17}},{"start":{"line":22,"column":21},"end":{"line":22,"column":23}}],"line":22},"2":{"loc":{"start":{"line":30,"column":4},"end":{"line":32,"column":5}},"type":"if","locations":[{"start":{"line":30,"column":4},"end":{"line":32,"column":5}},{"start":{},"end":{}}],"line":30},"3":{"loc":{"start":{"line":30,"column":8},"end":{"line":30,"column":62}},"type":"binary-expr","locations":[{"start":{"line":30,"column":8},"end":{"line":30,"column":22}},{"start":{"line":30,"column":26},"end":{"line":30,"column":62}}],"line":30}},"s":{"0":2,"1":2,"2":22,"3":22,"4":22,"5":0,"6":22,"7":2,"8":2,"9":0,"10":0,"11":0,"12":0,"13":0,"14":0},"f":{"0":22,"1":0},"b":{"0":[22,5],"1":[22,0],"2":[0,0],"3":[0,0]},"_coverageSchema":"1a1c01bbd47fc00a2c39e90264f33305004495a9","hash":"656c6298812f440af67cd26417e9da405469f106"}
,"/Users/sasha/code/gms-js/src/js/pieces/actionGroup.js": {"path":"/Users/sasha/code/gms-js/src/js/pieces/actionGroup.js","statementMap":{"0":{"start":{"line":3,"column":20},"end":{"line":16,"column":1}},"1":{"start":{"line":4,"column":16},"end":{"line":4,"column":45}},"2":{"start":{"line":5,"column":2},"end":{"line":5,"column":43}},"3":{"start":{"line":7,"column":2},"end":{"line":9,"column":3}},"4":{"start":{"line":8,"column":4},"end":{"line":8,"column":41}},"5":{"start":{"line":11,"column":2},"end":{"line":13,"column":3}},"6":{"start":{"line":12,"column":4},"end":{"line":12,"column":45}},"7":{"start":{"line":15,"column":2},"end":{"line":15,"column":15}}},"fnMap":{"0":{"name":"(anonymous_0)","decl":{"start":{"line":3,"column":20},"end":{"line":3,"column":21}},"loc":{"start":{"line":3,"column":44},"end":{"line":16,"column":1}},"line":3}},"branchMap":{"0":{"loc":{"start":{"line":7,"column":2},"end":{"line":9,"column":3}},"type":"if","locations":[{"start":{"line":7,"column":2},"end":{"line":9,"column":3}},{"start":{},"end":{}}],"line":7},"1":{"loc":{"start":{"line":11,"column":2},"end":{"line":13,"column":3}},"type":"if","locations":[{"start":{"line":11,"column":2},"end":{"line":13,"column":3}},{"start":{},"end":{}}],"line":11}},"s":{"0":2,"1":16,"2":16,"3":16,"4":13,"5":16,"6":16,"7":16},"f":{"0":16},"b":{"0":[13,3],"1":[16,0]},"_coverageSchema":"1a1c01bbd47fc00a2c39e90264f33305004495a9","hash":"e14794f7126d2b20a143174cbb5bceb4c54fb152"}
,"/Users/sasha/code/gms-js/src/js/pieces/button.js": {"path":"/Users/sasha/code/gms-js/src/js/pieces/button.js","statementMap":{"0":{"start":{"line":1,"column":15},"end":{"line":9,"column":1}},"1":{"start":{"line":2,"column":12},"end":{"line":2,"column":44}},"2":{"start":{"line":3,"column":2},"end":{"line":3,"column":32}},"3":{"start":{"line":4,"column":2},"end":{"line":4,"column":53}},"4":{"start":{"line":5,"column":2},"end":{"line":5,"column":28}},"5":{"start":{"line":6,"column":2},"end":{"line":6,"column":25}},"6":{"start":{"line":7,"column":2},"end":{"line":7,"column":26}},"7":{"start":{"line":8,"column":2},"end":{"line":8,"column":11}}},"fnMap":{"0":{"name":"(anonymous_0)","decl":{"start":{"line":1,"column":15},"end":{"line":1,"column":16}},"loc":{"start":{"line":1,"column":30},"end":{"line":9,"column":1}},"line":1}},"branchMap":{"0":{"loc":{"start":{"line":4,"column":33},"end":{"line":4,"column":49}},"type":"binary-expr","locations":[{"start":{"line":4,"column":33},"end":{"line":4,"column":37}},{"start":{"line":4,"column":41},"end":{"line":4,"column":49}}],"line":4}},"s":{"0":2,"1":29,"2":29,"3":29,"4":29,"5":29,"6":29,"7":29},"f":{"0":29},"b":{"0":[29,0]},"_coverageSchema":"1a1c01bbd47fc00a2c39e90264f33305004495a9","hash":"57bb07ef5db756cc05f9fba9e0b5c2d2679dee60"}
,"/Users/sasha/code/gms-js/src/js/pieces/element.js": {"path":"/Users/sasha/code/gms-js/src/js/pieces/element.js","statementMap":{"0":{"start":{"line":1,"column":16},"end":{"line":6,"column":1}},"1":{"start":{"line":2,"column":13},"end":{"line":2,"column":41}},"2":{"start":{"line":3,"column":2},"end":{"line":3,"column":26}},"3":{"start":{"line":4,"column":2},"end":{"line":4,"column":27}},"4":{"start":{"line":5,"column":2},"end":{"line":5,"column":12}}},"fnMap":{"0":{"name":"(anonymous_0)","decl":{"start":{"line":1,"column":16},"end":{"line":1,"column":17}},"loc":{"start":{"line":1,"column":57},"end":{"line":6,"column":1}},"line":1}},"branchMap":{"0":{"loc":{"start":{"line":1,"column":24},"end":{"line":1,"column":38}},"type":"default-arg","locations":[{"start":{"line":1,"column":36},"end":{"line":1,"column":38}}],"line":1},"1":{"loc":{"start":{"line":1,"column":40},"end":{"line":1,"column":52}},"type":"default-arg","locations":[{"start":{"line":1,"column":47},"end":{"line":1,"column":52}}],"line":1}},"s":{"0":2,"1":50,"2":50,"3":50,"4":50},"f":{"0":50},"b":{"0":[16],"1":[50]},"_coverageSchema":"1a1c01bbd47fc00a2c39e90264f33305004495a9","hash":"808bc3ab65b047ba71323744b0090577357c969e"}
,"/Users/sasha/code/gms-js/src/js/pieces/modalContent.js": {"path":"/Users/sasha/code/gms-js/src/js/pieces/modalContent.js","statementMap":{"0":{"start":{"line":4,"column":21},"end":{"line":15,"column":1}},"1":{"start":{"line":5,"column":18},"end":{"line":5,"column":41}},"2":{"start":{"line":6,"column":17},"end":{"line":6,"column":54}},"3":{"start":{"line":7,"column":15},"end":{"line":7,"column":48}},"4":{"start":{"line":8,"column":18},"end":{"line":8,"column":69}},"5":{"start":{"line":10,"column":2},"end":{"line":10,"column":30}},"6":{"start":{"line":11,"column":2},"end":{"line":11,"column":28}},"7":{"start":{"line":12,"column":2},"end":{"line":12,"column":31}},"8":{"start":{"line":14,"column":2},"end":{"line":14,"column":44}}},"fnMap":{"0":{"name":"(anonymous_0)","decl":{"start":{"line":4,"column":21},"end":{"line":4,"column":22}},"loc":{"start":{"line":4,"column":72},"end":{"line":15,"column":1}},"line":4}},"branchMap":{},"s":{"0":2,"1":16,"2":16,"3":16,"4":16,"5":16,"6":16,"7":16,"8":16},"f":{"0":16},"b":{},"_coverageSchema":"1a1c01bbd47fc00a2c39e90264f33305004495a9","hash":"e3b428cea8d215e8224206808e21086ba849f3a5"}
}
