TN:
SF:src/js/bootstrap.js
FN:4,(anonymous_0)
FN:20,(anonymous_1)
FN:39,(anonymous_2)
FN:44,(anonymous_3)
FN:80,(anonymous_4)
FN:86,(anonymous_5)
FN:110,(anonymous_6)
FNF:7
FNH:7
FNDA:20,(anonymous_0)
FNDA:18,(anonymous_1)
FNDA:17,(anonymous_2)
FNDA:17,(anonymous_3)
FNDA:21,(anonymous_4)
FNDA:4,(anonymous_5)
FNDA:18,(anonymous_6)
DA:4,20
DA:20,2
DA:21,18
DA:23,18
DA:25,18
DA:26,0
DA:29,18
DA:30,18
DA:31,18
DA:32,18
DA:34,18
DA:35,0
DA:36,0
DA:39,18
DA:40,17
DA:43,18
DA:45,17
DA:48,18
DA:49,2
DA:52,16
DA:58,16
DA:59,0
DA:64,16
DA:65,16
DA:67,16
DA:68,16
DA:70,16
DA:71,16
DA:73,16
DA:74,16
DA:75,16
DA:77,16
DA:80,2
DA:81,21
DA:83,21
DA:84,42
DA:86,42
DA:87,4
DA:88,4
DA:91,42
DA:93,42
DA:97,20
DA:99,20
DA:100,20
DA:102,0
DA:103,0
DA:105,20
DA:110,2
DA:111,18
DA:112,16
LF:50
LH:44
BRDA:4,0,0,20
BRDA:25,1,0,0
BRDA:25,1,1,18
BRDA:34,2,0,0
BRDA:34,2,1,18
BRDA:35,3,0,0
BRDA:35,3,1,0
BRDA:45,4,0,17
BRDA:45,4,1,17
BRDA:48,5,0,2
BRDA:48,5,1,16
BRDA:54,6,0,15
BRDA:54,6,1,1
BRDA:58,7,0,0
BRDA:58,7,1,16
BRDA:93,8,0,20
BRDA:93,8,1,22
BRDA:94,9,0,42
BRDA:94,9,1,21
BRDA:99,10,0,20
BRDA:99,10,1,0
BRF:21
BRH:15
end_of_record
TN:
SF:src/js/gms.js
FN:23,(anonymous_0)
FN:34,(anonymous_1)
FN:87,(anonymous_2)
FN:91,(anonymous_3)
FN:96,(anonymous_4)
FN:102,(anonymous_5)
FN:107,(anonymous_6)
FN:112,(anonymous_7)
FN:135,(anonymous_8)
FN:137,(anonymous_9)
FN:148,(anonymous_10)
FN:154,(anonymous_11)
FN:155,(anonymous_12)
FN:156,(anonymous_13)
FNF:14
FNH:8
FNDA:16,(anonymous_0)
FNDA:18,(anonymous_1)
FNDA:6,(anonymous_2)
FNDA:5,(anonymous_3)
FNDA:0,(anonymous_4)
FNDA:2,(anonymous_5)
FNDA:0,(anonymous_6)
FNDA:13,(anonymous_7)
FNDA:0,(anonymous_8)
FNDA:0,(anonymous_9)
FNDA:20,(anonymous_10)
FNDA:18,(anonymous_11)
FNDA:0,(anonymous_12)
FNDA:0,(anonymous_13)
DA:11,16
DA:13,16
DA:16,16
DA:17,16
DA:18,16
DA:19,16
DA:20,16
DA:21,16
DA:24,16
DA:25,16
DA:26,16
DA:30,16
DA:31,16
DA:35,18
DA:36,18
DA:37,18
DA:39,18
DA:40,0
DA:43,18
DA:45,18
DA:46,18
DA:48,0
DA:51,18
DA:52,0
DA:55,0
DA:56,0
DA:58,0
DA:61,18
DA:62,18
DA:72,18
DA:73,0
DA:78,18
DA:80,2
DA:81,0
DA:83,2
DA:88,6
DA:92,5
DA:93,5
DA:97,0
DA:98,0
DA:99,0
DA:103,2
DA:104,2
DA:108,0
DA:109,0
DA:112,16
DA:116,13
DA:121,13
DA:122,0
DA:125,13
DA:126,0
DA:129,13
DA:130,13
DA:132,13
DA:136,0
DA:137,0
DA:138,0
DA:139,0
DA:140,0
DA:141,0
DA:142,0
DA:144,0
DA:149,20
DA:150,20
DA:151,18
DA:155,18
DA:156,0
DA:157,0
DA:158,0
LF:69
LH:43
BRDA:18,0,0,16
BRDA:18,0,1,0
BRDA:39,1,0,0
BRDA:39,1,1,18
BRDA:45,2,0,18
BRDA:45,2,1,0
BRDA:51,3,0,0
BRDA:51,3,1,18
BRDA:55,4,0,0
BRDA:55,4,1,0
BRDA:72,5,0,0
BRDA:72,5,1,18
BRDA:80,6,0,0
BRDA:80,6,1,2
BRDA:88,7,0,6
BRDA:88,7,1,3
BRDA:91,8,0,5
BRDA:92,9,0,0
BRDA:92,9,1,5
BRDA:113,10,0,0
BRDA:114,11,0,4
BRDA:121,12,0,0
BRDA:121,12,1,13
BRDA:125,13,0,0
BRDA:125,13,1,13
BRDA:141,14,0,0
BRDA:141,14,1,0
BRDA:157,15,0,0
BRDA:157,15,1,0
BRF:29
BRH:13
end_of_record
TN:
SF:src/js/load.js
FN:3,(anonymous_0)
FNF:1
FNH:0
FNDA:0,(anonymous_0)
DA:3,2
DA:4,0
DA:5,0
LF:3
LH:1
BRF:0
BRH:0
end_of_record
TN:
SF:src/js/api/Mock.js
FN:6,(anonymous_0)
FN:8,(anonymous_1)
FN:16,(anonymous_2)
FN:19,(anonymous_3)
FN:20,(anonymous_4)
FN:26,(anonymous_5)
FN:28,(anonymous_6)
FN:29,(anonymous_7)
FNF:8
FNH:5
FNDA:0,(anonymous_0)
FNDA:6,(anonymous_1)
FNDA:2,(anonymous_2)
FNDA:2,(anonymous_3)
FNDA:0,(anonymous_4)
FNDA:4,(anonymous_5)
FNDA:4,(anonymous_6)
FNDA:0,(anonymous_7)
DA:3,2
DA:6,6
DA:8,6
DA:16,6
DA:17,2
DA:19,2
DA:20,2
DA:21,0
DA:26,6
DA:27,4
DA:28,4
DA:29,4
LF:12
LH:11
BRDA:3,0,0,2
BRDA:3,0,1,0
BRDA:8,1,0,0
BRDA:16,2,0,0
BRDA:17,3,0,2
BRDA:17,3,1,0
BRDA:26,4,0,0
BRDA:27,5,0,4
BRDA:27,5,1,0
BRF:9
BRH:3
end_of_record
TN:
SF:src/js/api/Strike.js
FN:5,(anonymous_0)
FN:7,(anonymous_1)
FN:29,(anonymous_2)
FNF:3
FNH:0
FNDA:0,(anonymous_0)
FNDA:0,(anonymous_1)
FNDA:0,(anonymous_2)
DA:5,0
DA:7,0
DA:8,0
DA:10,0
DA:19,0
DA:21,0
DA:29,0
DA:30,0
DA:34,0
DA:35,0
DA:37,0
DA:39,0
LF:12
LH:0
BRDA:37,0,0,0
BRDA:37,0,1,0
BRDA:37,1,0,0
BRDA:37,1,1,0
BRF:4
BRH:0
end_of_record
TN:
SF:src/js/api/base.js
FN:4,(anonymous_0)
FN:6,(anonymous_1)
FN:10,(anonymous_2)
FN:14,(anonymous_3)
FN:19,(anonymous_4)
FN:26,(anonymous_5)
FN:32,(anonymous_6)
FNF:7
FNH:0
FNDA:0,(anonymous_0)
FNDA:0,(anonymous_1)
FNDA:0,(anonymous_2)
FNDA:0,(anonymous_3)
FNDA:0,(anonymous_4)
FNDA:0,(anonymous_5)
FNDA:0,(anonymous_6)
DA:2,2
DA:4,6
DA:6,6
DA:7,0
DA:10,6
DA:11,0
DA:14,6
DA:15,0
DA:16,0
DA:19,6
DA:20,0
DA:26,6
DA:27,0
DA:28,0
DA:32,6
DA:33,0
DA:34,0
LF:17
LH:8
BRDA:26,0,0,0
BRDA:32,1,0,0
BRF:2
BRH:0
end_of_record
TN:
SF:src/js/api/index.js
FN:9,(anonymous_0)
FNF:1
FNH:1
FNDA:6,(anonymous_0)
DA:4,2
DA:9,2
DA:10,6
DA:11,6
DA:12,0
DA:15,6
LF:6
LH:5
BRDA:9,0,0,0
BRDA:11,1,0,0
BRDA:11,1,1,6
BRF:3
BRH:1
end_of_record
TN:
SF:src/js/cards/AmountInput.js
FN:3,(anonymous_0)
FN:7,(anonymous_1)
FN:37,(anonymous_2)
FN:43,(anonymous_3)
FN:51,(anonymous_4)
FN:63,(anonymous_5)
FNF:6
FNH:5
FNDA:5,(anonymous_0)
FNDA:10,(anonymous_1)
FNDA:4,(anonymous_2)
FNDA:2,(anonymous_3)
FNDA:0,(anonymous_4)
FNDA:4,(anonymous_5)
DA:3,2
DA:4,5
DA:5,5
DA:7,10
DA:8,5
DA:9,1
DA:14,4
DA:15,0
DA:20,4
DA:37,4
DA:38,4
DA:39,4
DA:44,2
DA:51,0
DA:56,4
DA:61,4
DA:63,4
DA:64,4
DA:66,4
DA:68,4
DA:69,4
DA:72,4
DA:73,4
DA:76,4
DA:77,4
LF:25
LH:23
BRDA:5,0,0,5
BRDA:5,0,1,4
BRDA:8,1,0,1
BRDA:8,1,1,4
BRDA:14,2,0,0
BRDA:14,2,1,4
BRDA:14,3,0,4
BRDA:14,3,1,0
BRDA:21,4,0,0
BRDA:21,4,1,4
BRDA:23,5,0,0
BRDA:23,5,1,4
BRDA:57,6,0,4
BRDA:57,6,1,4
BRDA:68,7,0,4
BRDA:68,7,1,0
BRF:16
BRH:11
end_of_record
TN:
SF:src/js/cards/ErrorCard.js
FN:3,(anonymous_0)
FN:8,(anonymous_1)
FN:12,(anonymous_2)
FNF:3
FNH:2
FNDA:2,(anonymous_0)
FNDA:2,(anonymous_1)
FNDA:0,(anonymous_2)
DA:3,2
DA:4,2
DA:8,2
DA:13,0
DA:19,2
LF:5
LH:4
BRF:0
BRH:0
end_of_record
TN:
SF:src/js/cards/Invoice.js
FN:7,(anonymous_0)
FN:47,(anonymous_1)
FN:50,(anonymous_2)
FN:64,(anonymous_3)
FN:68,(anonymous_4)
FN:84,(anonymous_5)
FN:93,(anonymous_6)
FNF:7
FNH:3
FNDA:5,(anonymous_0)
FNDA:4,(anonymous_1)
FNDA:0,(anonymous_2)
FNDA:0,(anonymous_3)
FNDA:0,(anonymous_4)
FNDA:3,(anonymous_5)
FNDA:0,(anonymous_6)
DA:7,2
DA:8,5
DA:9,5
DA:10,5
DA:11,5
DA:15,5
DA:17,5
DA:19,5
DA:20,4
DA:22,4
DA:25,4
DA:27,4
DA:33,4
DA:47,4
DA:51,0
DA:64,0
DA:69,0
DA:75,4
DA:81,4
DA:83,4
DA:84,3
DA:85,3
DA:86,0
DA:87,0
DA:92,3
DA:93,0
DA:94,0
DA:99,4
LF:28
LH:21
BRDA:10,0,0,5
BRDA:10,0,1,0
BRDA:11,1,0,2
BRDA:11,1,1,3
BRDA:15,2,0,2
BRDA:15,2,1,3
BRDA:15,3,0,3
BRDA:15,3,1,0
BRDA:17,4,0,5
BRDA:17,4,1,3
BRDA:22,5,0,4
BRDA:22,5,1,3
BRDA:28,6,0,2
BRDA:28,6,1,2
BRDA:28,7,0,2
BRDA:28,7,1,2
BRDA:42,8,0,1
BRDA:42,8,1,3
BRDA:44,9,0,1
BRDA:44,9,1,3
BRDA:49,10,0,1
BRDA:49,10,1,3
BRDA:52,11,0,0
BRDA:52,11,1,0
BRDA:65,12,0,1
BRDA:65,12,1,3
BRDA:83,13,0,3
BRDA:83,13,1,1
BRDA:85,14,0,0
BRDA:85,14,1,3
BRDA:92,15,0,0
BRDA:92,15,1,3
BRF:32
BRH:26
end_of_record
TN:
SF:src/js/cards/Loader.js
FN:3,(anonymous_0)
FNF:1
FNH:1
FNDA:2,(anonymous_0)
DA:3,2
DA:4,2
LF:2
LH:2
BRF:0
BRH:0
end_of_record
TN:
SF:src/js/cards/NoteInput.js
FN:4,(anonymous_0)
FN:34,(anonymous_1)
FN:38,(anonymous_2)
FN:52,(anonymous_3)
FN:53,(anonymous_4)
FN:66,(anonymous_5)
FNF:6
FNH:5
FNDA:4,(anonymous_0)
FNDA:4,(anonymous_1)
FNDA:1,(anonymous_2)
FNDA:0,(anonymous_3)
FNDA:1,(anonymous_4)
FNDA:9,(anonymous_5)
DA:4,2
DA:6,4
DA:8,4
DA:9,4
DA:11,4
DA:12,0
DA:17,4
DA:34,4
DA:35,4
DA:36,4
DA:39,1
DA:41,1
DA:52,0
DA:53,1
DA:59,4
DA:65,4
DA:66,4
DA:67,9
DA:69,9
DA:70,9
DA:72,4
DA:74,4
LF:22
LH:20
BRDA:9,0,0,4
BRDA:9,0,1,4
BRDA:11,1,0,0
BRDA:11,1,1,4
BRDA:11,2,0,4
BRDA:11,2,1,0
BRDA:19,3,0,0
BRDA:19,3,1,4
BRDA:21,4,0,0
BRDA:21,4,1,0
BRDA:27,5,0,4
BRDA:27,5,1,0
BRDA:47,6,0,4
BRDA:47,6,1,0
BRDA:51,7,0,0
BRDA:51,7,1,4
BRDA:54,8,0,0
BRDA:54,8,1,4
BRDA:60,9,0,4
BRDA:60,9,1,4
BRF:20
BRH:11
end_of_record
TN:
SF:src/js/cards/Paid.js
FN:4,(anonymous_0)
FN:20,(anonymous_1)
FN:24,(anonymous_2)
FN:37,(anonymous_3)
FNF:4
FNH:3
FNDA:2,(anonymous_0)
FNDA:2,(anonymous_1)
FNDA:1,(anonymous_2)
FNDA:0,(anonymous_3)
DA:4,2
DA:5,2
DA:20,2
DA:25,1
DA:26,1
DA:27,1
DA:37,0
DA:42,2
LF:8
LH:7
BRDA:6,0,0,0
BRDA:6,0,1,2
BRDA:7,1,0,2
BRDA:7,1,1,2
BRDA:21,2,0,1
BRDA:21,2,1,1
BRDA:21,3,0,2
BRDA:21,3,1,1
BRF:8
BRH:7
end_of_record
TN:
SF:src/js/helpers/InvoiceHelper.js
FN:2,(anonymous_0)
FN:4,(anonymous_1)
FN:6,(anonymous_2)
FN:8,(anonymous_3)
FN:15,(anonymous_4)
FN:25,(anonymous_5)
FN:32,(anonymous_6)
FN:35,(anonymous_7)
FNF:8
FNH:4
FNDA:6,(anonymous_0)
FNDA:6,(anonymous_1)
FNDA:0,(anonymous_2)
FNDA:4,(anonymous_3)
FNDA:0,(anonymous_4)
FNDA:0,(anonymous_5)
FNDA:2,(anonymous_6)
FNDA:0,(anonymous_7)
DA:2,6
DA:4,6
DA:6,2
DA:8,2
DA:9,4
DA:10,0
DA:13,4
DA:16,0
DA:17,0
DA:22,0
DA:25,0
DA:26,0
DA:32,2
DA:33,2
DA:34,2
DA:35,2
DA:36,0
DA:40,0
DA:46,2
DA:47,2
LF:20
LH:12
BRDA:4,0,0,3
BRDA:4,0,1,3
BRDA:6,1,0,0
BRDA:6,1,1,0
BRDA:9,2,0,0
BRDA:9,2,1,4
BRDA:16,3,0,0
BRDA:16,3,1,0
BRDA:37,4,0,0
BRDA:37,4,1,0
BRF:10
BRH:3
end_of_record
TN:
SF:src/js/helpers/utils.js
FN:8,(anonymous_0)
FN:27,(anonymous_1)
FNF:2
FNH:1
FNDA:22,(anonymous_0)
FNDA:0,(anonymous_1)
DA:1,2
DA:8,2
DA:9,22
DA:12,22
DA:13,22
DA:15,0
DA:22,22
DA:25,2
DA:27,2
DA:28,0
DA:29,0
DA:30,0
DA:31,0
DA:33,0
DA:35,0
LF:15
LH:8
BRDA:9,0,0,22
BRDA:9,0,1,5
BRDA:22,1,0,22
BRDA:22,1,1,0
BRDA:30,2,0,0
BRDA:30,2,1,0
BRDA:30,3,0,0
BRDA:30,3,1,0
BRF:8
BRH:3
end_of_record
TN:
SF:src/js/pieces/actionGroup.js
FN:3,(anonymous_0)
FNF:1
FNH:1
FNDA:16,(anonymous_0)
DA:3,2
DA:4,16
DA:5,16
DA:7,16
DA:8,13
DA:11,16
DA:12,16
DA:15,16
LF:8
LH:8
BRDA:7,0,0,13
BRDA:7,0,1,3
BRDA:11,1,0,16
BRDA:11,1,1,0
BRF:4
BRH:3
end_of_record
TN:
SF:src/js/pieces/button.js
FN:1,(anonymous_0)
FNF:1
FNH:1
FNDA:29,(anonymous_0)
DA:1,2
DA:2,29
DA:3,29
DA:4,29
DA:5,29
DA:6,29
DA:7,29
DA:8,29
LF:8
LH:8
BRDA:4,0,0,29
BRDA:4,0,1,0
BRF:2
BRH:1
end_of_record
TN:
SF:src/js/pieces/element.js
FN:1,(anonymous_0)
FNF:1
FNH:1
FNDA:50,(anonymous_0)
DA:1,2
DA:2,50
DA:3,50
DA:4,50
DA:5,50
LF:5
LH:5
BRDA:1,0,0,16
BRDA:1,1,0,50
BRF:2
BRH:2
end_of_record
TN:
SF:src/js/pieces/modalContent.js
FN:4,(anonymous_0)
FNF:1
FNH:1
FNDA:16,(anonymous_0)
DA:4,2
DA:5,16
DA:6,16
DA:7,16
DA:8,16
DA:10,16
DA:11,16
DA:12,16
DA:14,16
LF:9
LH:9
BRF:0
BRH:0
end_of_record
