TN:
SF:src/js/bootstrap.js
FN:4,(anonymous_0)
FN:20,(anonymous_1)
FN:39,(anonymous_2)
FN:44,(anonymous_3)
FN:80,(anonymous_4)
FN:86,(anonymous_5)
FN:110,(anonymous_6)
FNF:7
FNH:7
FNDA:22,(anonymous_0)
FNDA:21,(anonymous_1)
FNDA:21,(anonymous_2)
FNDA:21,(anonymous_3)
FNDA:24,(anonymous_4)
FNDA:4,(anonymous_5)
FNDA:21,(anonymous_6)
DA:4,22
DA:20,3
DA:21,21
DA:23,21
DA:25,21
DA:26,0
DA:29,21
DA:30,21
DA:31,21
DA:32,21
DA:34,21
DA:35,0
DA:36,0
DA:39,21
DA:40,21
DA:43,21
DA:45,21
DA:48,21
DA:49,2
DA:52,19
DA:58,19
DA:59,0
DA:64,19
DA:65,19
DA:67,19
DA:68,19
DA:70,19
DA:71,19
DA:73,19
DA:74,19
DA:75,19
DA:77,19
DA:80,3
DA:81,24
DA:83,24
DA:84,48
DA:86,48
DA:87,4
DA:88,4
DA:91,48
DA:93,48
DA:97,22
DA:99,22
DA:100,22
DA:102,0
DA:103,0
DA:105,22
DA:110,3
DA:111,21
DA:112,19
LF:50
LH:44
BRDA:4,0,0,22
BRDA:25,1,0,0
BRDA:25,1,1,21
BRDA:34,2,0,0
BRDA:34,2,1,21
BRDA:35,3,0,0
BRDA:35,3,1,0
BRDA:45,4,0,21
BRDA:45,4,1,21
BRDA:48,5,0,2
BRDA:48,5,1,19
BRDA:54,6,0,18
BRDA:54,6,1,1
BRDA:58,7,0,0
BRDA:58,7,1,19
BRDA:93,8,0,22
BRDA:93,8,1,26
BRDA:94,9,0,48
BRDA:94,9,1,24
BRDA:99,10,0,22
BRDA:99,10,1,0
BRF:21
BRH:15
end_of_record
TN:
SF:src/js/gms.js
FN:23,(anonymous_0)
FN:34,(anonymous_1)
FN:41,(anonymous_2)
FN:94,(anonymous_3)
FN:98,(anonymous_4)
FN:103,(anonymous_5)
FN:109,(anonymous_6)
FN:114,(anonymous_7)
FN:119,(anonymous_8)
FN:142,(anonymous_9)
FN:144,(anonymous_10)
FN:155,(anonymous_11)
FN:161,(anonymous_12)
FN:162,(anonymous_13)
FN:163,(anonymous_14)
FNF:15
FNH:9
FNDA:19,(anonymous_0)
FNDA:42,(anonymous_1)
FNDA:19,(anonymous_2)
FNDA:9,(anonymous_3)
FNDA:5,(anonymous_4)
FNDA:0,(anonymous_5)
FNDA:2,(anonymous_6)
FNDA:0,(anonymous_7)
FNDA:14,(anonymous_8)
FNDA:0,(anonymous_9)
FNDA:0,(anonymous_10)
FNDA:21,(anonymous_11)
FNDA:19,(anonymous_12)
FNDA:0,(anonymous_13)
FNDA:0,(anonymous_14)
DA:11,19
DA:13,19
DA:16,19
DA:17,19
DA:18,19
DA:19,19
DA:20,19
DA:21,19
DA:24,19
DA:25,19
DA:26,19
DA:30,19
DA:31,19
DA:35,42
DA:42,19
DA:43,19
DA:44,19
DA:46,19
DA:47,0
DA:50,19
DA:52,19
DA:53,19
DA:55,0
DA:58,19
DA:59,0
DA:62,0
DA:63,0
DA:65,0
DA:68,19
DA:69,19
DA:79,19
DA:80,0
DA:85,19
DA:87,2
DA:88,0
DA:90,2
DA:95,9
DA:99,5
DA:100,5
DA:104,0
DA:105,0
DA:106,0
DA:110,2
DA:111,2
DA:115,0
DA:116,0
DA:119,19
DA:123,14
DA:128,14
DA:129,0
DA:132,14
DA:133,0
DA:136,14
DA:137,14
DA:139,14
DA:143,0
DA:144,0
DA:145,0
DA:146,0
DA:147,0
DA:148,0
DA:149,0
DA:151,0
DA:156,21
DA:157,21
DA:158,19
DA:162,19
DA:163,0
DA:164,0
DA:165,0
LF:70
LH:44
BRDA:18,0,0,19
BRDA:18,0,1,0
BRDA:46,1,0,0
BRDA:46,1,1,19
BRDA:52,2,0,19
BRDA:52,2,1,0
BRDA:58,3,0,0
BRDA:58,3,1,19
BRDA:62,4,0,0
BRDA:62,4,1,0
BRDA:79,5,0,0
BRDA:79,5,1,19
BRDA:87,6,0,0
BRDA:87,6,1,2
BRDA:95,7,0,9
BRDA:95,7,1,6
BRDA:98,8,0,5
BRDA:99,9,0,0
BRDA:99,9,1,5
BRDA:120,10,0,0
BRDA:121,11,0,4
BRDA:128,12,0,0
BRDA:128,12,1,14
BRDA:132,13,0,0
BRDA:132,13,1,14
BRDA:148,14,0,0
BRDA:148,14,1,0
BRDA:164,15,0,0
BRDA:164,15,1,0
BRF:29
BRH:13
end_of_record
TN:
SF:src/js/load.js
FN:3,(anonymous_0)
FNF:1
FNH:0
FNDA:0,(anonymous_0)
DA:3,3
DA:4,0
LF:2
LH:1
BRF:0
BRH:0
end_of_record
TN:
SF:src/js/api/Mock.js
FN:6,(anonymous_0)
FN:8,(anonymous_1)
FN:16,(anonymous_2)
FN:19,(anonymous_3)
FN:20,(anonymous_4)
FN:26,(anonymous_5)
FN:28,(anonymous_6)
FN:29,(anonymous_7)
FNF:8
FNH:5
FNDA:0,(anonymous_0)
FNDA:8,(anonymous_1)
FNDA:2,(anonymous_2)
FNDA:2,(anonymous_3)
FNDA:0,(anonymous_4)
FNDA:6,(anonymous_5)
FNDA:6,(anonymous_6)
FNDA:0,(anonymous_7)
DA:3,4
DA:6,12
DA:8,12
DA:16,12
DA:17,2
DA:19,2
DA:20,2
DA:21,0
DA:26,12
DA:27,6
DA:28,6
DA:29,6
LF:12
LH:11
BRDA:3,0,0,4
BRDA:3,0,1,0
BRDA:8,1,0,0
BRDA:16,2,0,0
BRDA:17,3,0,2
BRDA:17,3,1,0
BRDA:26,4,0,0
BRDA:27,5,0,6
BRDA:27,5,1,0
BRF:9
BRH:3
end_of_record
TN:
SF:src/js/api/Strike.js
FN:5,(anonymous_0)
FN:7,(anonymous_1)
FN:30,(anonymous_2)
FNF:3
FNH:3
FNDA:2,(anonymous_0)
FNDA:1,(anonymous_1)
FNDA:1,(anonymous_2)
DA:5,3
DA:7,3
DA:8,1
DA:10,1
DA:19,1
DA:20,1
DA:22,1
DA:30,3
DA:31,1
DA:35,1
DA:36,1
DA:38,1
DA:40,1
LF:13
LH:13
BRDA:38,0,0,0
BRDA:38,0,1,1
BRDA:38,1,0,0
BRDA:38,1,1,1
BRF:4
BRH:2
end_of_record
TN:
SF:src/js/api/base.js
FN:4,(anonymous_0)
FN:6,(anonymous_1)
FN:10,(anonymous_2)
FN:14,(anonymous_3)
FN:19,(anonymous_4)
FN:26,(anonymous_5)
FN:32,(anonymous_6)
FNF:7
FNH:1
FNDA:2,(anonymous_0)
FNDA:0,(anonymous_1)
FNDA:0,(anonymous_2)
FNDA:0,(anonymous_3)
FNDA:0,(anonymous_4)
FNDA:0,(anonymous_5)
FNDA:0,(anonymous_6)
DA:2,4
DA:4,15
DA:6,15
DA:7,0
DA:10,15
DA:11,0
DA:14,15
DA:15,0
DA:16,0
DA:19,15
DA:20,0
DA:26,15
DA:27,0
DA:28,0
DA:32,15
DA:33,0
DA:34,0
LF:17
LH:8
BRDA:26,0,0,0
BRDA:32,1,0,0
BRF:2
BRH:0
end_of_record
TN:
SF:src/js/api/index.js
FN:9,(anonymous_0)
FNF:1
FNH:1
FNDA:9,(anonymous_0)
DA:4,3
DA:9,3
DA:10,9
DA:11,9
DA:12,0
DA:15,9
LF:6
LH:5
BRDA:9,0,0,0
BRDA:11,1,0,0
BRDA:11,1,1,9
BRF:3
BRH:1
end_of_record
TN:
SF:src/js/cards/AmountInput.js
FN:3,(anonymous_0)
FN:7,(anonymous_1)
FN:37,(anonymous_2)
FN:43,(anonymous_3)
FN:51,(anonymous_4)
FN:63,(anonymous_5)
FNF:6
FNH:5
FNDA:5,(anonymous_0)
FNDA:10,(anonymous_1)
FNDA:4,(anonymous_2)
FNDA:2,(anonymous_3)
FNDA:0,(anonymous_4)
FNDA:4,(anonymous_5)
DA:3,3
DA:4,5
DA:5,5
DA:7,10
DA:8,5
DA:9,1
DA:14,4
DA:15,0
DA:20,4
DA:37,4
DA:38,4
DA:39,4
DA:44,2
DA:51,0
DA:56,4
DA:61,4
DA:63,4
DA:64,4
DA:66,4
DA:68,4
DA:69,4
DA:72,4
DA:73,4
DA:76,4
DA:77,4
LF:25
LH:23
BRDA:5,0,0,5
BRDA:5,0,1,4
BRDA:8,1,0,1
BRDA:8,1,1,4
BRDA:14,2,0,0
BRDA:14,2,1,4
BRDA:14,3,0,4
BRDA:14,3,1,0
BRDA:21,4,0,0
BRDA:21,4,1,4
BRDA:23,5,0,0
BRDA:23,5,1,4
BRDA:57,6,0,4
BRDA:57,6,1,4
BRDA:68,7,0,4
BRDA:68,7,1,0
BRF:16
BRH:11
end_of_record
TN:
SF:src/js/cards/ErrorCard.js
FN:3,(anonymous_0)
FN:8,(anonymous_1)
FN:12,(anonymous_2)
FNF:3
FNH:2
FNDA:2,(anonymous_0)
FNDA:2,(anonymous_1)
FNDA:0,(anonymous_2)
DA:3,3
DA:4,2
DA:8,2
DA:13,0
DA:19,2
LF:5
LH:4
BRF:0
BRH:0
end_of_record
TN:
SF:src/js/cards/Invoice.js
FN:7,(anonymous_0)
FN:47,(anonymous_1)
FN:50,(anonymous_2)
FN:64,(anonymous_3)
FN:68,(anonymous_4)
FN:84,(anonymous_5)
FN:93,(anonymous_6)
FNF:7
FNH:3
FNDA:6,(anonymous_0)
FNDA:5,(anonymous_1)
FNDA:0,(anonymous_2)
FNDA:0,(anonymous_3)
FNDA:0,(anonymous_4)
FNDA:3,(anonymous_5)
FNDA:0,(anonymous_6)
DA:7,3
DA:8,6
DA:9,6
DA:10,6
DA:11,6
DA:15,6
DA:17,6
DA:19,6
DA:20,5
DA:22,5
DA:25,5
DA:27,5
DA:33,5
DA:47,5
DA:51,0
DA:64,0
DA:69,0
DA:75,5
DA:81,5
DA:83,5
DA:84,3
DA:85,3
DA:86,0
DA:87,0
DA:92,3
DA:93,0
DA:94,0
DA:99,5
LF:28
LH:21
BRDA:10,0,0,6
BRDA:10,0,1,0
BRDA:11,1,0,2
BRDA:11,1,1,4
BRDA:15,2,0,2
BRDA:15,2,1,4
BRDA:15,3,0,4
BRDA:15,3,1,0
BRDA:17,4,0,6
BRDA:17,4,1,4
BRDA:22,5,0,5
BRDA:22,5,1,4
BRDA:28,6,0,2
BRDA:28,6,1,3
BRDA:28,7,0,3
BRDA:28,7,1,3
BRDA:42,8,0,2
BRDA:42,8,1,3
BRDA:44,9,0,2
BRDA:44,9,1,3
BRDA:49,10,0,2
BRDA:49,10,1,3
BRDA:52,11,0,0
BRDA:52,11,1,0
BRDA:65,12,0,2
BRDA:65,12,1,3
BRDA:83,13,0,3
BRDA:83,13,1,2
BRDA:85,14,0,0
BRDA:85,14,1,3
BRDA:92,15,0,0
BRDA:92,15,1,3
BRF:32
BRH:26
end_of_record
TN:
SF:src/js/cards/Loader.js
FN:3,(anonymous_0)
FNF:1
FNH:1
FNDA:2,(anonymous_0)
DA:3,3
DA:4,2
LF:2
LH:2
BRF:0
BRH:0
end_of_record
TN:
SF:src/js/cards/NoteInput.js
FN:4,(anonymous_0)
FN:34,(anonymous_1)
FN:38,(anonymous_2)
FN:52,(anonymous_3)
FN:53,(anonymous_4)
FN:66,(anonymous_5)
FNF:6
FNH:5
FNDA:4,(anonymous_0)
FNDA:4,(anonymous_1)
FNDA:1,(anonymous_2)
FNDA:0,(anonymous_3)
FNDA:1,(anonymous_4)
FNDA:9,(anonymous_5)
DA:4,3
DA:6,4
DA:8,4
DA:9,4
DA:11,4
DA:12,0
DA:17,4
DA:34,4
DA:35,4
DA:36,4
DA:39,1
DA:41,1
DA:52,0
DA:53,1
DA:59,4
DA:65,4
DA:66,4
DA:67,9
DA:69,9
DA:70,9
DA:72,4
DA:74,4
LF:22
LH:20
BRDA:9,0,0,4
BRDA:9,0,1,4
BRDA:11,1,0,0
BRDA:11,1,1,4
BRDA:11,2,0,4
BRDA:11,2,1,0
BRDA:19,3,0,0
BRDA:19,3,1,4
BRDA:21,4,0,0
BRDA:21,4,1,0
BRDA:27,5,0,4
BRDA:27,5,1,0
BRDA:47,6,0,4
BRDA:47,6,1,0
BRDA:51,7,0,0
BRDA:51,7,1,4
BRDA:54,8,0,0
BRDA:54,8,1,4
BRDA:60,9,0,4
BRDA:60,9,1,4
BRF:20
BRH:11
end_of_record
TN:
SF:src/js/cards/Paid.js
FN:4,(anonymous_0)
FN:20,(anonymous_1)
FN:24,(anonymous_2)
FN:37,(anonymous_3)
FNF:4
FNH:3
FNDA:2,(anonymous_0)
FNDA:2,(anonymous_1)
FNDA:1,(anonymous_2)
FNDA:0,(anonymous_3)
DA:4,3
DA:5,2
DA:20,2
DA:25,1
DA:26,1
DA:27,1
DA:37,0
DA:42,2
LF:8
LH:7
BRDA:6,0,0,0
BRDA:6,0,1,2
BRDA:7,1,0,2
BRDA:7,1,1,2
BRDA:21,2,0,1
BRDA:21,2,1,1
BRDA:21,3,0,2
BRDA:21,3,1,1
BRF:8
BRH:7
end_of_record
TN:
SF:src/js/helpers/InvoiceHelper.js
FN:2,(anonymous_0)
FN:5,(anonymous_1)
FN:7,(anonymous_2)
FN:9,(anonymous_3)
FN:11,(anonymous_4)
FN:12,(anonymous_5)
FN:17,(anonymous_6)
FN:24,(anonymous_7)
FN:38,(anonymous_8)
FN:41,(anonymous_9)
FNF:10
FNH:9
FNDA:4,(anonymous_0)
FNDA:17,(anonymous_1)
FNDA:12,(anonymous_2)
FNDA:4,(anonymous_3)
FNDA:1,(anonymous_4)
FNDA:0,(anonymous_5)
FNDA:9,(anonymous_6)
FNDA:3,(anonymous_7)
FNDA:3,(anonymous_8)
FNDA:1,(anonymous_9)
DA:2,4
DA:5,17
DA:7,12
DA:9,4
DA:11,4
DA:12,1
DA:13,0
DA:17,4
DA:18,9
DA:19,0
DA:22,9
DA:25,3
DA:26,2
DA:30,2
DA:32,1
DA:33,1
DA:38,4
DA:39,3
DA:40,3
DA:41,3
DA:42,1
DA:46,1
LF:22
LH:20
BRDA:2,0,0,0
BRDA:2,0,1,4
BRDA:7,1,0,3
BRDA:7,1,1,9
BRDA:18,2,0,0
BRDA:18,2,1,9
BRDA:25,3,0,2
BRDA:25,3,1,1
BRDA:43,4,0,0
BRDA:43,4,1,1
BRF:10
BRH:7
end_of_record
TN:
SF:src/js/helpers/utils.js
FN:8,(anonymous_0)
FN:27,(anonymous_1)
FNF:2
FNH:1
FNDA:25,(anonymous_0)
FNDA:0,(anonymous_1)
DA:1,3
DA:8,3
DA:9,25
DA:12,25
DA:13,25
DA:15,0
DA:22,25
DA:25,3
DA:27,3
DA:28,0
DA:29,0
DA:30,0
DA:31,0
DA:33,0
DA:35,0
LF:15
LH:8
BRDA:9,0,0,25
BRDA:9,0,1,5
BRDA:22,1,0,25
BRDA:22,1,1,0
BRDA:30,2,0,0
BRDA:30,2,1,0
BRDA:30,3,0,0
BRDA:30,3,1,0
BRF:8
BRH:3
end_of_record
TN:
SF:src/js/pieces/actionGroup.js
FN:3,(anonymous_0)
FNF:1
FNH:1
FNDA:17,(anonymous_0)
DA:3,3
DA:4,17
DA:5,17
DA:7,17
DA:8,14
DA:11,17
DA:12,17
DA:15,17
LF:8
LH:8
BRDA:7,0,0,14
BRDA:7,0,1,3
BRDA:11,1,0,17
BRDA:11,1,1,0
BRF:4
BRH:3
end_of_record
TN:
SF:src/js/pieces/button.js
FN:1,(anonymous_0)
FNF:1
FNH:1
FNDA:31,(anonymous_0)
DA:1,3
DA:2,31
DA:3,31
DA:4,31
DA:5,31
DA:6,31
DA:7,31
DA:8,31
LF:8
LH:8
BRDA:4,0,0,31
BRDA:4,0,1,0
BRF:2
BRH:1
end_of_record
TN:
SF:src/js/pieces/element.js
FN:1,(anonymous_0)
FNF:1
FNH:1
FNDA:53,(anonymous_0)
DA:1,3
DA:2,53
DA:3,53
DA:4,53
DA:5,53
LF:5
LH:5
BRDA:1,0,0,17
BRDA:1,1,0,53
BRF:2
BRH:2
end_of_record
TN:
SF:src/js/pieces/modalContent.js
FN:4,(anonymous_0)
FNF:1
FNH:1
FNDA:17,(anonymous_0)
DA:4,3
DA:5,17
DA:6,17
DA:7,17
DA:8,17
DA:10,17
DA:11,17
DA:12,17
DA:14,17
LF:9
LH:9
BRF:0
BRH:0
end_of_record
TN:
SF:test/helpers.js
FN:1,(anonymous_0)
FNF:1
FNH:1
FNDA:15,(anonymous_0)
DA:1,2
DA:2,15
DA:9,15
DA:10,15
DA:15,15
DA:16,15
DA:17,15
DA:18,15
DA:19,15
DA:21,15
LF:10
LH:10
BRF:0
BRH:0
end_of_record
